#
# There is insufficient memory for the Java Runtime Environment to continue.
# Native memory allocation (mmap) failed to map 146800640 bytes. Error detail: G1 virtual space
# Possible reasons:
#   The system is out of physical RAM or swap space
#   This process is running with CompressedOops enabled, and the Java Heap may be blocking the growth of the native heap
# Possible solutions:
#   Reduce memory load on the system
#   Increase physical memory or swap space
#   Check if swap backing store is full
#   Decrease Java heap size (-Xmx/-Xms)
#   Decrease number of Java threads
#   Decrease Java thread stack sizes (-Xss)
#   Set larger code cache with -XX:ReservedCodeCacheSize=
#   JVM is running with Unscaled Compressed Oops mode in which the Java heap is
#     placed in the first 4GB address space. The Java Heap base address is the
#     maximum limit for the native heap growth. Please use -XX:HeapBaseMinAddress
#     to set the Java Heap base and to place the Java Heap above 4GB virtual address.
# This output file may be truncated or incomplete.
#
#  Out of Memory Error (os_windows.cpp:3603), pid=10408, tid=15376
#
# JRE version: OpenJDK Runtime Environment Temurin-21.0.3+9 (21.0.3+9) (build 21.0.3+9-LTS)
# Java VM: OpenJDK 64-Bit Server VM Temurin-21.0.3+9 (21.0.3+9-LTS, mixed mode, emulated-client, tiered, compressed oops, compressed class ptrs, g1 gc, windows-amd64)
# No core dump will be written. Minidumps are not enabled by default on client versions of Windows
#

---------------  S U M M A R Y ------------

Command Line: -Dcom.sun.management.jmxremote -Dcom.sun.management.jmxremote.port=65216 -Dcom.sun.management.jmxremote.authenticate=false -Dcom.sun.management.jmxremote.ssl=false -Djava.rmi.server.hostname=localhost -Dspring.jmx.enabled=true -Dmanagement.endpoints.jmx.exposure.include=* -Dspring.application.admin.enabled=true -XX:TieredStopAtLevel=1 -Dspring.boot.project.name=Students_project -Dfile.encoding=UTF-8 -Dstdout.encoding=UTF-8 -Dstderr.encoding=UTF-8 -XX:+ShowCodeDetailsInExceptionMessages com.student.StudentsProjectApplication --spring.output.ansi.enabled=always

Host: Intel(R) Core(TM) i3-7100U CPU @ 2.40GHz, 4 cores, 3G,  Windows 10 , 64 bit Build 19041 (10.0.19041.1889)
Time: Fri Nov 22 19:42:43 2024 Sri Lanka Standard Time elapsed time: 12.074350 seconds (0d 0h 0m 12s)

---------------  T H R E A D  ---------------

Current thread (0x000001c33eb4ce20):  VMThread "VM Thread"          [id=15376, stack(0x0000005d21900000,0x0000005d21a00000) (1024K)]

Stack: [0x0000005d21900000,0x0000005d21a00000]
Native frames: (J=compiled Java code, j=interpreted, Vv=VM code, C=native code)
V  [jvm.dll+0x6c8699]
V  [jvm.dll+0x8a2061]
V  [jvm.dll+0x8a458e]
V  [jvm.dll+0x8a4c63]
V  [jvm.dll+0x27e476]
V  [jvm.dll+0x6c4e15]
V  [jvm.dll+0x6b9b0a]
V  [jvm.dll+0x3523ba]
V  [jvm.dll+0x359f66]
V  [jvm.dll+0x3ab1be]
V  [jvm.dll+0x3ab468]
V  [jvm.dll+0x3265fc]
V  [jvm.dll+0x326687]
V  [jvm.dll+0x36a3cc]
V  [jvm.dll+0x368c08]
V  [jvm.dll+0x325d71]
V  [jvm.dll+0x36827a]
V  [jvm.dll+0x8aa56f]
V  [jvm.dll+0x8ab674]
V  [jvm.dll+0x8abbb0]
V  [jvm.dll+0x8abe53]
V  [jvm.dll+0x84bf8b]
V  [jvm.dll+0x6c6dcd]
C  [ucrtbase.dll+0x21bb2]
C  [KERNEL32.DLL+0x17034]
C  [ntdll.dll+0x52651]

VM_Operation (0x0000005d23cfd330): G1CollectForAllocation, mode: safepoint, requested by thread 0x000001c3455e1780


---------------  P R O C E S S  ---------------

Threads class SMR info:
_java_thread_list=0x000001c34618ced0, length=35, elements={
0x000001c334a13260, 0x000001c343019480, 0x000001c33ebddfd0, 0x000001c33ebe2660,
0x000001c33ebeace0, 0x000001c33ebf1370, 0x000001c33ebf6ef0, 0x000001c33ebf7560,
0x000001c33eb1cae0, 0x000001c343185e00, 0x000001c34321b3b0, 0x000001c3437ebce0,
0x000001c34386e5e0, 0x000001c34387b290, 0x000001c3439008d0, 0x000001c343a8d760,
0x000001c343a946f0, 0x000001c343aab940, 0x000001c343ac8350, 0x000001c344178640,
0x000001c344179360, 0x000001c344175ee0, 0x000001c344177fb0, 0x000001c344176570,
0x000001c344176c00, 0x000001c344177290, 0x000001c344177920, 0x000001c3455dfd40,
0x000001c3455e0a60, 0x000001c3455e10f0, 0x000001c3455df6b0, 0x000001c3455e1780,
0x000001c3455de300, 0x000001c3455de990, 0x000001c3455df020
}

Java Threads: ( => current thread )
  0x000001c334a13260 JavaThread "main"                              [_thread_blocked, id=4792, stack(0x0000005d21200000,0x0000005d21300000) (1024K)]
  0x000001c343019480 JavaThread "Reference Handler"          daemon [_thread_blocked, id=14676, stack(0x0000005d21a00000,0x0000005d21b00000) (1024K)]
  0x000001c33ebddfd0 JavaThread "Finalizer"                  daemon [_thread_blocked, id=7780, stack(0x0000005d21b00000,0x0000005d21c00000) (1024K)]
  0x000001c33ebe2660 JavaThread "Signal Dispatcher"          daemon [_thread_blocked, id=13180, stack(0x0000005d21c00000,0x0000005d21d00000) (1024K)]
  0x000001c33ebeace0 JavaThread "Attach Listener"            daemon [_thread_blocked, id=3088, stack(0x0000005d21d00000,0x0000005d21e00000) (1024K)]
  0x000001c33ebf1370 JavaThread "Service Thread"             daemon [_thread_blocked, id=12080, stack(0x0000005d21e00000,0x0000005d21f00000) (1024K)]
  0x000001c33ebf6ef0 JavaThread "Monitor Deflation Thread"   daemon [_thread_blocked, id=5296, stack(0x0000005d21f00000,0x0000005d22000000) (1024K)]
  0x000001c33ebf7560 JavaThread "C1 CompilerThread0"         daemon [_thread_blocked, id=10108, stack(0x0000005d22000000,0x0000005d22100000) (1024K)]
  0x000001c33eb1cae0 JavaThread "Common-Cleaner"             daemon [_thread_blocked, id=8020, stack(0x0000005d22100000,0x0000005d22200000) (1024K)]
  0x000001c343185e00 JavaThread "C1 CompilerThread1"         daemon [_thread_blocked, id=3288, stack(0x0000005d22200000,0x0000005d22300000) (1024K)]
  0x000001c34321b3b0 JavaThread "Notification Thread"        daemon [_thread_blocked, id=14816, stack(0x0000005d22300000,0x0000005d22400000) (1024K)]
  0x000001c3437ebce0 JavaThread "C1 CompilerThread2"         daemon [_thread_blocked, id=6072, stack(0x0000005d22400000,0x0000005d22500000) (1024K)]
  0x000001c34386e5e0 JavaThread "RMI TCP Accept-0"           daemon [_thread_in_native, id=3712, stack(0x0000005d22800000,0x0000005d22900000) (1024K)]
  0x000001c34387b290 JavaThread "RMI TCP Accept-65216"       daemon [_thread_in_native, id=14272, stack(0x0000005d22900000,0x0000005d22a00000) (1024K)]
  0x000001c3439008d0 JavaThread "RMI TCP Accept-0"           daemon [_thread_in_native, id=2212, stack(0x0000005d22a00000,0x0000005d22b00000) (1024K)]
  0x000001c343a8d760 JavaThread "RMI TCP Connection(1)-127.0.0.1" daemon [_thread_in_native, id=14200, stack(0x0000005d22b00000,0x0000005d22c00000) (1024K)]
  0x000001c343a946f0 JavaThread "RMI Scheduler(0)"           daemon [_thread_blocked, id=5092, stack(0x0000005d22c00000,0x0000005d22d00000) (1024K)]
  0x000001c343aab940 JavaThread "RMI TCP Connection(2)-127.0.0.1" daemon [_thread_in_native, id=13416, stack(0x0000005d22d00000,0x0000005d22e00000) (1024K)]
  0x000001c343ac8350 JavaThread "JMX server connection timeout 30" daemon [_thread_blocked, id=15552, stack(0x0000005d22e00000,0x0000005d22f00000) (1024K)]
  0x000001c344178640 JavaThread "Thread-0"                          [_thread_blocked, id=14708, stack(0x0000005d22f00000,0x0000005d23000000) (1024K)]
  0x000001c344179360 JavaThread "restartedMain"                     [_thread_blocked, id=5568, stack(0x0000005d23000000,0x0000005d23100000) (1024K)]
  0x000001c344175ee0 JavaThread "Catalina-utility-1"                [_thread_blocked, id=15612, stack(0x0000005d23100000,0x0000005d23200000) (1024K)]
  0x000001c344177fb0 JavaThread "Catalina-utility-2"                [_thread_blocked, id=13548, stack(0x0000005d23200000,0x0000005d23300000) (1024K)]
  0x000001c344176570 JavaThread "container-0"                       [_thread_blocked, id=3800, stack(0x0000005d23300000,0x0000005d23400000) (1024K)]
  0x000001c344176c00 JavaThread "PostgreSQL-JDBC-Cleaner"    daemon [_thread_blocked, id=2900, stack(0x0000005d23500000,0x0000005d23600000) (1024K)]
  0x000001c344177290 JavaThread "HikariPool-1 housekeeper"   daemon [_thread_blocked, id=10008, stack(0x0000005d23600000,0x0000005d23700000) (1024K)]
  0x000001c344177920 JavaThread "HikariPool-1 connection adder" daemon [_thread_blocked, id=9056, stack(0x0000005d23700000,0x0000005d23800000) (1024K)]
  0x000001c3455dfd40 JavaThread "ClassGraph-worker-32"       daemon [_thread_blocked, id=15848, stack(0x0000005d23800000,0x0000005d23900000) (1024K)]
  0x000001c3455e0a60 JavaThread "ClassGraph-worker-33"       daemon [_thread_blocked, id=14396, stack(0x0000005d23900000,0x0000005d23a00000) (1024K)]
  0x000001c3455e10f0 JavaThread "ClassGraph-worker-34"       daemon [_thread_blocked, id=14660, stack(0x0000005d23a00000,0x0000005d23b00000) (1024K)]
  0x000001c3455df6b0 JavaThread "ClassGraph-worker-35"       daemon [_thread_blocked, id=12152, stack(0x0000005d23b00000,0x0000005d23c00000) (1024K)]
  0x000001c3455e1780 JavaThread "ClassGraph-worker-36"       daemon [_thread_blocked, id=3208, stack(0x0000005d23c00000,0x0000005d23d00000) (1024K)]
  0x000001c3455de300 JavaThread "ClassGraph-worker-37"       daemon [_thread_blocked, id=12124, stack(0x0000005d23d00000,0x0000005d23e00000) (1024K)]
  0x000001c3455de990 JavaThread "ClassGraph-worker-38"       daemon [_thread_blocked, id=15664, stack(0x0000005d23e00000,0x0000005d23f00000) (1024K)]
  0x000001c3455df020 JavaThread "ClassGraph-worker-39"       daemon [_thread_blocked, id=14756, stack(0x0000005d23f00000,0x0000005d24000000) (1024K)]
Total: 35

Other Threads:
=>0x000001c33eb4ce20 VMThread "VM Thread"                           [id=15376, stack(0x0000005d21900000,0x0000005d21a00000) (1024K)]
  0x000001c33eb1c0d0 WatcherThread "VM Periodic Task Thread"        [id=6352, stack(0x0000005d21800000,0x0000005d21900000) (1024K)]
  0x000001c334a4cce0 WorkerThread "GC Thread#0"                     [id=6316, stack(0x0000005d21300000,0x0000005d21400000) (1024K)]
  0x000001c34381a5e0 WorkerThread "GC Thread#1"                     [id=7932, stack(0x0000005d22500000,0x0000005d22600000) (1024K)]
  0x000001c34383a590 WorkerThread "GC Thread#2"                     [id=13496, stack(0x0000005d22600000,0x0000005d22700000) (1024K)]
  0x000001c34383a930 WorkerThread "GC Thread#3"                     [id=10772, stack(0x0000005d22700000,0x0000005d22800000) (1024K)]
  0x000001c334a55990 ConcurrentGCThread "G1 Main Marker"            [id=12464, stack(0x0000005d21400000,0x0000005d21500000) (1024K)]
  0x000001c334a56cf0 WorkerThread "G1 Conc#0"                       [id=14656, stack(0x0000005d21500000,0x0000005d21600000) (1024K)]
  0x000001c334ab2680 ConcurrentGCThread "G1 Refine#0"               [id=8344, stack(0x0000005d21600000,0x0000005d21700000) (1024K)]
  0x000001c334ab3bc0 ConcurrentGCThread "G1 Service"                [id=9868, stack(0x0000005d21700000,0x0000005d21800000) (1024K)]
Total: 10

Threads with active compile tasks:
Total: 0

VM state: at safepoint (normal execution)

VM Mutex/Monitor currently owned by a thread:  ([mutex/lock_event])
[0x00007ffd5ce32128] Threads_lock - owner thread: 0x000001c33eb4ce20
[0x00007ffd5ce32228] Heap_lock - owner thread: 0x000001c3455e1780

Heap address: 0x00000000c1600000, size: 1002 MB, Compressed Oops mode: 32-bit

CDS archive(s) not mapped
Compressed class space mapped at: 0x0000000100000000-0x0000000140000000, reserved size: 1073741824
Narrow klass base: 0x0000000000000000, Narrow klass shift: 3, Narrow klass range: 0x140000000

GC Precious Log:
 CardTable entry size: 512
 Card Set container configuration: InlinePtr #cards 5 size 8 Array Of Cards #cards 12 size 40 Howl #buckets 4 coarsen threshold 1843 Howl Bitmap #cards 512 size 80 coarsen threshold 460 Card regions per heap region 1 cards per card region 2048
 CPUs: 4 total, 4 available
 Memory: 4007M
 Large Page Support: Disabled
 NUMA Support: Disabled
 Compressed Oops: Enabled (32-bit)
 Heap Region Size: 1M
 Heap Min Capacity: 8M
 Heap Initial Capacity: 64M
 Heap Max Capacity: 1002M
 Pre-touch: Disabled
 Parallel Workers: 4
 Concurrent Workers: 1
 Concurrent Refinement Workers: 4
 Periodic GC: Disabled

Heap:
 garbage-first heap   total 86016K, used 54272K [0x00000000c1600000, 0x0000000100000000)
  region size 1024K, 4 young (4096K), 4 survivors (4096K)
 Metaspace       used 72664K, committed 73472K, reserved 1114112K
  class space    used 9735K, committed 10112K, reserved 1048576K

Heap Regions: E=young(eden), S=young(survivor), O=old, HS=humongous(starts), HC=humongous(continues), CS=collection set, F=free, TAMS=top-at-mark-start, PB=parsable bottom
|   0|0x00000000c1600000, 0x00000000c1700000, 0x00000000c1700000|100%|HS|  |TAMS 0x00000000c1600000| PB 0x00000000c1600000| Complete 
|   1|0x00000000c1700000, 0x00000000c1800000, 0x00000000c1800000|100%| O|  |TAMS 0x00000000c1700000| PB 0x00000000c1700000| Untracked 
|   2|0x00000000c1800000, 0x00000000c1900000, 0x00000000c1900000|100%| O|  |TAMS 0x00000000c1800000| PB 0x00000000c1800000| Untracked 
|   3|0x00000000c1900000, 0x00000000c1a00000, 0x00000000c1a00000|100%| O|  |TAMS 0x00000000c1900000| PB 0x00000000c1900000| Untracked 
|   4|0x00000000c1a00000, 0x00000000c1b00000, 0x00000000c1b00000|100%| O|  |TAMS 0x00000000c1a00000| PB 0x00000000c1a00000| Untracked 
|   5|0x00000000c1b00000, 0x00000000c1c00000, 0x00000000c1c00000|100%| O|  |TAMS 0x00000000c1b00000| PB 0x00000000c1b00000| Untracked 
|   6|0x00000000c1c00000, 0x00000000c1d00000, 0x00000000c1d00000|100%| O|  |TAMS 0x00000000c1c00000| PB 0x00000000c1c00000| Untracked 
|   7|0x00000000c1d00000, 0x00000000c1e00000, 0x00000000c1e00000|100%| O|  |TAMS 0x00000000c1d00000| PB 0x00000000c1d00000| Untracked 
|   8|0x00000000c1e00000, 0x00000000c1f00000, 0x00000000c1f00000|100%| O|  |TAMS 0x00000000c1e00000| PB 0x00000000c1e00000| Untracked 
|   9|0x00000000c1f00000, 0x00000000c2000000, 0x00000000c2000000|100%| O|  |TAMS 0x00000000c1f00000| PB 0x00000000c1f00000| Untracked 
|  10|0x00000000c2000000, 0x00000000c2100000, 0x00000000c2100000|100%| O|  |TAMS 0x00000000c2000000| PB 0x00000000c2000000| Untracked 
|  11|0x00000000c2100000, 0x00000000c2200000, 0x00000000c2200000|100%| O|  |TAMS 0x00000000c2100000| PB 0x00000000c2100000| Untracked 
|  12|0x00000000c2200000, 0x00000000c2300000, 0x00000000c2300000|100%| O|  |TAMS 0x00000000c2200000| PB 0x00000000c2200000| Untracked 
|  13|0x00000000c2300000, 0x00000000c2400000, 0x00000000c2400000|100%| O|  |TAMS 0x00000000c2300000| PB 0x00000000c2300000| Untracked 
|  14|0x00000000c2400000, 0x00000000c2500000, 0x00000000c2500000|100%| O|  |TAMS 0x00000000c2400000| PB 0x00000000c2400000| Untracked 
|  15|0x00000000c2500000, 0x00000000c2600000, 0x00000000c2600000|100%| O|  |TAMS 0x00000000c2500000| PB 0x00000000c2500000| Untracked 
|  16|0x00000000c2600000, 0x00000000c2700000, 0x00000000c2700000|100%| O|  |TAMS 0x00000000c2600000| PB 0x00000000c2600000| Untracked 
|  17|0x00000000c2700000, 0x00000000c2800000, 0x00000000c2800000|100%| O|  |TAMS 0x00000000c2700000| PB 0x00000000c2700000| Untracked 
|  18|0x00000000c2800000, 0x00000000c2900000, 0x00000000c2900000|100%| O|  |TAMS 0x00000000c2800000| PB 0x00000000c2800000| Untracked 
|  19|0x00000000c2900000, 0x00000000c2a00000, 0x00000000c2a00000|100%| O|  |TAMS 0x00000000c2900000| PB 0x00000000c2900000| Untracked 
|  20|0x00000000c2a00000, 0x00000000c2b00000, 0x00000000c2b00000|100%| O|  |TAMS 0x00000000c2a00000| PB 0x00000000c2a00000| Untracked 
|  21|0x00000000c2b00000, 0x00000000c2c00000, 0x00000000c2c00000|100%| O|  |TAMS 0x00000000c2b00000| PB 0x00000000c2b00000| Untracked 
|  22|0x00000000c2c00000, 0x00000000c2d00000, 0x00000000c2d00000|100%| O|  |TAMS 0x00000000c2c00000| PB 0x00000000c2c00000| Untracked 
|  23|0x00000000c2d00000, 0x00000000c2e00000, 0x00000000c2e00000|100%| O|  |TAMS 0x00000000c2d00000| PB 0x00000000c2d00000| Untracked 
|  24|0x00000000c2e00000, 0x00000000c2f00000, 0x00000000c2f00000|100%| O|  |TAMS 0x00000000c2e00000| PB 0x00000000c2e00000| Untracked 
|  25|0x00000000c2f00000, 0x00000000c3000000, 0x00000000c3000000|100%| O|  |TAMS 0x00000000c2f00000| PB 0x00000000c2f00000| Untracked 
|  26|0x00000000c3000000, 0x00000000c3100000, 0x00000000c3100000|100%| O|  |TAMS 0x00000000c3000000| PB 0x00000000c3000000| Untracked 
|  27|0x00000000c3100000, 0x00000000c3200000, 0x00000000c3200000|100%| O|  |TAMS 0x00000000c3100000| PB 0x00000000c3100000| Untracked 
|  28|0x00000000c3200000, 0x00000000c3300000, 0x00000000c3300000|100%| O|  |TAMS 0x00000000c3200000| PB 0x00000000c3200000| Untracked 
|  29|0x00000000c3300000, 0x00000000c3400000, 0x00000000c3400000|100%| O|  |TAMS 0x00000000c3300000| PB 0x00000000c3300000| Untracked 
|  30|0x00000000c3400000, 0x00000000c3500000, 0x00000000c3500000|100%| O|  |TAMS 0x00000000c3400000| PB 0x00000000c3400000| Untracked 
|  31|0x00000000c3500000, 0x00000000c3600000, 0x00000000c3600000|100%| O|  |TAMS 0x00000000c3500000| PB 0x00000000c3500000| Untracked 
|  32|0x00000000c3600000, 0x00000000c3700000, 0x00000000c3700000|100%| O|  |TAMS 0x00000000c3600000| PB 0x00000000c3600000| Untracked 
|  33|0x00000000c3700000, 0x00000000c3800000, 0x00000000c3800000|100%| O|  |TAMS 0x00000000c3700000| PB 0x00000000c3700000| Untracked 
|  34|0x00000000c3800000, 0x00000000c3900000, 0x00000000c3900000|100%| O|  |TAMS 0x00000000c3800000| PB 0x00000000c3800000| Untracked 
|  35|0x00000000c3900000, 0x00000000c3a00000, 0x00000000c3a00000|100%| O|  |TAMS 0x00000000c3900000| PB 0x00000000c3900000| Untracked 
|  36|0x00000000c3a00000, 0x00000000c3b00000, 0x00000000c3b00000|100%| O|  |TAMS 0x00000000c3a00000| PB 0x00000000c3a00000| Untracked 
|  37|0x00000000c3b00000, 0x00000000c3c00000, 0x00000000c3c00000|100%| O|  |TAMS 0x00000000c3b00000| PB 0x00000000c3b00000| Untracked 
|  38|0x00000000c3c00000, 0x00000000c3d00000, 0x00000000c3d00000|100%| O|  |TAMS 0x00000000c3c00000| PB 0x00000000c3c00000| Untracked 
|  39|0x00000000c3d00000, 0x00000000c3d00000, 0x00000000c3e00000|  0%| F|  |TAMS 0x00000000c3d00000| PB 0x00000000c3d00000| Untracked 
|  40|0x00000000c3e00000, 0x00000000c3f00000, 0x00000000c3f00000|100%| O|  |TAMS 0x00000000c3e00000| PB 0x00000000c3e00000| Untracked 
|  41|0x00000000c3f00000, 0x00000000c4000000, 0x00000000c4000000|100%| O|  |TAMS 0x00000000c3f00000| PB 0x00000000c3f00000| Untracked 
|  42|0x00000000c4000000, 0x00000000c4100000, 0x00000000c4100000|100%| O|  |TAMS 0x00000000c4000000| PB 0x00000000c4000000| Untracked 
|  43|0x00000000c4100000, 0x00000000c4200000, 0x00000000c4200000|100%| O|  |TAMS 0x00000000c4100000| PB 0x00000000c4100000| Untracked 
|  44|0x00000000c4200000, 0x00000000c4300000, 0x00000000c4300000|100%| O|  |TAMS 0x00000000c4200000| PB 0x00000000c4200000| Untracked 
|  45|0x00000000c4300000, 0x00000000c4300000, 0x00000000c4400000|  0%| F|  |TAMS 0x00000000c4300000| PB 0x00000000c4300000| Untracked 
|  46|0x00000000c4400000, 0x00000000c4400000, 0x00000000c4500000|  0%| F|  |TAMS 0x00000000c4400000| PB 0x00000000c4400000| Untracked 
|  47|0x00000000c4500000, 0x00000000c4500000, 0x00000000c4600000|  0%| F|  |TAMS 0x00000000c4500000| PB 0x00000000c4500000| Untracked 
|  48|0x00000000c4600000, 0x00000000c4600000, 0x00000000c4700000|  0%| F|  |TAMS 0x00000000c4600000| PB 0x00000000c4600000| Untracked 
|  49|0x00000000c4700000, 0x00000000c4800000, 0x00000000c4800000|100%| S|CS|TAMS 0x00000000c4700000| PB 0x00000000c4700000| Complete 
|  50|0x00000000c4800000, 0x00000000c4900000, 0x00000000c4900000|100%| S|CS|TAMS 0x00000000c4800000| PB 0x00000000c4800000| Complete 
|  51|0x00000000c4900000, 0x00000000c4a00000, 0x00000000c4a00000|100%| S|CS|TAMS 0x00000000c4900000| PB 0x00000000c4900000| Complete 
|  52|0x00000000c4a00000, 0x00000000c4b00000, 0x00000000c4b00000|100%| S|CS|TAMS 0x00000000c4a00000| PB 0x00000000c4a00000| Complete 
|  53|0x00000000c4b00000, 0x00000000c4b00000, 0x00000000c4c00000|  0%| F|  |TAMS 0x00000000c4b00000| PB 0x00000000c4b00000| Untracked 
|  54|0x00000000c4c00000, 0x00000000c4c00000, 0x00000000c4d00000|  0%| F|  |TAMS 0x00000000c4c00000| PB 0x00000000c4c00000| Untracked 
|  55|0x00000000c4d00000, 0x00000000c4d00000, 0x00000000c4e00000|  0%| F|  |TAMS 0x00000000c4d00000| PB 0x00000000c4d00000| Untracked 
|  56|0x00000000c4e00000, 0x00000000c4e00000, 0x00000000c4f00000|  0%| F|  |TAMS 0x00000000c4e00000| PB 0x00000000c4e00000| Untracked 
|  57|0x00000000c4f00000, 0x00000000c4f00000, 0x00000000c5000000|  0%| F|  |TAMS 0x00000000c4f00000| PB 0x00000000c4f00000| Untracked 
|  58|0x00000000c5000000, 0x00000000c5000000, 0x00000000c5100000|  0%| F|  |TAMS 0x00000000c5000000| PB 0x00000000c5000000| Untracked 
|  59|0x00000000c5100000, 0x00000000c5100000, 0x00000000c5200000|  0%| F|  |TAMS 0x00000000c5100000| PB 0x00000000c5100000| Untracked 
|  60|0x00000000c5200000, 0x00000000c5200000, 0x00000000c5300000|  0%| F|  |TAMS 0x00000000c5200000| PB 0x00000000c5200000| Untracked 
|  61|0x00000000c5300000, 0x00000000c5300000, 0x00000000c5400000|  0%| F|  |TAMS 0x00000000c5300000| PB 0x00000000c5300000| Untracked 
|  62|0x00000000c5400000, 0x00000000c5400000, 0x00000000c5500000|  0%| F|  |TAMS 0x00000000c5400000| PB 0x00000000c5400000| Untracked 
|  63|0x00000000c5500000, 0x00000000c5500000, 0x00000000c5600000|  0%| F|  |TAMS 0x00000000c5500000| PB 0x00000000c5500000| Untracked 
|  64|0x00000000c5600000, 0x00000000c5600000, 0x00000000c5700000|  0%| F|  |TAMS 0x00000000c5600000| PB 0x00000000c5600000| Untracked 
|  65|0x00000000c5700000, 0x00000000c5700000, 0x00000000c5800000|  0%| F|  |TAMS 0x00000000c5700000| PB 0x00000000c5700000| Untracked 
|  66|0x00000000c5800000, 0x00000000c5800000, 0x00000000c5900000|  0%| F|  |TAMS 0x00000000c5800000| PB 0x00000000c5800000| Untracked 
|  67|0x00000000c5900000, 0x00000000c5900000, 0x00000000c5a00000|  0%| F|  |TAMS 0x00000000c5900000| PB 0x00000000c5900000| Untracked 
|  68|0x00000000c5a00000, 0x00000000c5a00000, 0x00000000c5b00000|  0%| F|  |TAMS 0x00000000c5a00000| PB 0x00000000c5a00000| Untracked 
|  69|0x00000000c5b00000, 0x00000000c5b00000, 0x00000000c5c00000|  0%| F|  |TAMS 0x00000000c5b00000| PB 0x00000000c5b00000| Untracked 
|  70|0x00000000c5c00000, 0x00000000c5c00000, 0x00000000c5d00000|  0%| F|  |TAMS 0x00000000c5c00000| PB 0x00000000c5c00000| Untracked 
|  71|0x00000000c5d00000, 0x00000000c5d00000, 0x00000000c5e00000|  0%| F|  |TAMS 0x00000000c5d00000| PB 0x00000000c5d00000| Untracked 
|  72|0x00000000c5e00000, 0x00000000c5e00000, 0x00000000c5f00000|  0%| F|  |TAMS 0x00000000c5e00000| PB 0x00000000c5e00000| Untracked 
|  73|0x00000000c5f00000, 0x00000000c5f00000, 0x00000000c6000000|  0%| F|  |TAMS 0x00000000c5f00000| PB 0x00000000c5f00000| Untracked 
|  74|0x00000000c6000000, 0x00000000c6000000, 0x00000000c6100000|  0%| F|  |TAMS 0x00000000c6000000| PB 0x00000000c6000000| Untracked 
|  75|0x00000000c6100000, 0x00000000c6100000, 0x00000000c6200000|  0%| F|  |TAMS 0x00000000c6100000| PB 0x00000000c6100000| Untracked 
|  76|0x00000000c6200000, 0x00000000c6200000, 0x00000000c6300000|  0%| F|  |TAMS 0x00000000c6200000| PB 0x00000000c6200000| Untracked 
|  77|0x00000000c6300000, 0x00000000c6300000, 0x00000000c6400000|  0%| F|  |TAMS 0x00000000c6300000| PB 0x00000000c6300000| Untracked 
| 996|0x00000000ffa00000, 0x00000000ffb00000, 0x00000000ffb00000|100%| O|  |TAMS 0x00000000ffa00000| PB 0x00000000ffa00000| Untracked 
| 997|0x00000000ffb00000, 0x00000000ffb00000, 0x00000000ffc00000|  0%| F|  |TAMS 0x00000000ffb00000| PB 0x00000000ffb00000| Untracked 
| 998|0x00000000ffc00000, 0x00000000ffd00000, 0x00000000ffd00000|100%| O|  |TAMS 0x00000000ffc00000| PB 0x00000000ffc00000| Untracked 
| 999|0x00000000ffd00000, 0x00000000ffe00000, 0x00000000ffe00000|100%| O|  |TAMS 0x00000000ffd00000| PB 0x00000000ffd00000| Untracked 
|1000|0x00000000ffe00000, 0x00000000fff00000, 0x00000000fff00000|100%| O|  |TAMS 0x00000000ffe00000| PB 0x00000000ffe00000| Untracked 
|1001|0x00000000fff00000, 0x0000000100000000, 0x0000000100000000|100%| O|  |TAMS 0x00000000fff00000| PB 0x00000000fff00000| Untracked 

Card table byte_map: [0x000001c33b520000,0x000001c33b720000] _byte_map_base: 0x000001c33af15000

Marking Bits: (CMBitMap*) 0x000001c334a4d2f0
 Bits: [0x000001c33b720000, 0x000001c33c6c8000)

Polling page: 0x000001c3341e0000

Metaspace:

Usage:
  Non-class:     61.45 MB used.
      Class:      9.51 MB used.
       Both:     70.96 MB used.

Virtual space:
  Non-class space:       64.00 MB reserved,      61.88 MB ( 97%) committed,  1 nodes.
      Class space:        1.00 GB reserved,       9.88 MB ( <1%) committed,  1 nodes.
             Both:        1.06 GB reserved,      71.75 MB (  7%) committed. 

Chunk freelists:
   Non-Class:  2.01 MB
       Class:  6.16 MB
        Both:  8.17 MB

MaxMetaspaceSize: unlimited
CompressedClassSpaceSize: 1.00 GB
Initial GC threshold: 21.00 MB
Current GC threshold: 119.62 MB
CDS: off
 - commit_granule_bytes: 65536.
 - commit_granule_words: 8192.
 - virtual_space_node_default_size: 8388608.
 - enlarge_chunks_in_place: 1.
 - use_allocation_guard: 0.


Internal statistics:

num_allocs_failed_limit: 12.
num_arena_births: 1100.
num_arena_deaths: 0.
num_vsnodes_births: 2.
num_vsnodes_deaths: 0.
num_space_committed: 1148.
num_space_uncommitted: 0.
num_chunks_returned_to_freelist: 12.
num_chunks_taken_from_freelist: 3389.
num_chunk_merges: 6.
num_chunk_splits: 2418.
num_chunks_enlarged: 1860.
num_inconsistent_stats: 0.

CodeCache: size=49152Kb used=11364Kb max_used=11364Kb free=37787Kb
 bounds [0x000001c338520000, 0x000001c339040000, 0x000001c33b520000]
 total_blobs=6291 nmethods=5604 adapters=609
 compilation: enabled
              stopped_count=0, restarted_count=0
 full_count=0

Compilation events (20 events):
Event: 11.975 Thread 0x000001c33ebf7560 5696       1       java.io.RandomAccessFile::<init> (275 bytes)
Event: 11.975 Thread 0x000001c3437ebce0 5697   !   1       java.io.RandomAccessFile::open (27 bytes)
Event: 11.976 Thread 0x000001c3437ebce0 nmethod 5697 0x000001c339030990 code [0x000001c339030b60, 0x000001c339030cf0]
Event: 11.977 Thread 0x000001c33ebf7560 nmethod 5696 0x000001c339030e10 code [0x000001c3390310e0, 0x000001c339031b18]
Event: 11.978 Thread 0x000001c33ebf7560 5698       1       java.io.RandomAccessFile::<init> (8 bytes)
Event: 11.978 Thread 0x000001c33ebf7560 nmethod 5698 0x000001c339032490 code [0x000001c339032640, 0x000001c339032728]
Event: 11.994 Thread 0x000001c3437ebce0 5700       1       java.util.ComparableTimSort::mergeCollapse (134 bytes)
Event: 11.995 Thread 0x000001c3437ebce0 nmethod 5700 0x000001c339032790 code [0x000001c339032960, 0x000001c339032c40]
Event: 12.021 Thread 0x000001c33ebf7560 5701       1       sun.nio.fs.WindowsChannelFactory::newFileChannel (130 bytes)
Event: 12.021 Thread 0x000001c343185e00 5702       1       sun.nio.fs.WindowsChannelFactory$Flags::toFlags (320 bytes)
Event: 12.021 Thread 0x000001c33ebf7560 nmethod 5701 0x000001c339032e90 code [0x000001c339033080, 0x000001c339033400]
Event: 12.022 Thread 0x000001c3437ebce0 5703   !   1       sun.nio.fs.WindowsChannelFactory::open (457 bytes)
Event: 12.022 Thread 0x000001c343185e00 nmethod 5702 0x000001c339033590 code [0x000001c339033860, 0x000001c339034450]
Event: 12.023 Thread 0x000001c3437ebce0 nmethod 5703 0x000001c339034a10 code [0x000001c339034c40, 0x000001c3390352b8]
Event: 12.035 Thread 0x000001c3437ebce0 5704   !   1       sun.nio.fs.WindowsLinkSupport::getRealPath (500 bytes)
Event: 12.040 Thread 0x000001c3437ebce0 nmethod 5704 0x000001c339035710 code [0x000001c339035b40, 0x000001c339036cf0]
Event: 12.041 Thread 0x000001c343185e00 5705       1       java.nio.file.FileSystems::getDefault (14 bytes)
Event: 12.041 Thread 0x000001c343185e00 nmethod 5705 0x000001c339037d90 code [0x000001c339037f40, 0x000001c339038058]
Event: 12.048 Thread 0x000001c343185e00 5706   !   1       sun.nio.fs.WindowsFileSystemProvider::checkAccess (332 bytes)
Event: 12.051 Thread 0x000001c343185e00 nmethod 5706 0x000001c339038110 code [0x000001c3390383e0, 0x000001c339038cc8]

GC Heap History (20 events):
Event: 8.296 GC heap after
{Heap after GC invocations=13 (full 0):
 garbage-first heap   total 52224K, used 23202K [0x00000000c1600000, 0x0000000100000000)
  region size 1024K, 3 young (3072K), 3 survivors (3072K)
 Metaspace       used 57069K, committed 57728K, reserved 1114112K
  class space    used 7324K, committed 7616K, reserved 1048576K
}
Event: 8.579 GC heap before
{Heap before GC invocations=13 (full 0):
 garbage-first heap   total 52224K, used 28322K [0x00000000c1600000, 0x0000000100000000)
  region size 1024K, 10 young (10240K), 3 survivors (3072K)
 Metaspace       used 59886K, committed 60480K, reserved 1114112K
  class space    used 7745K, committed 8000K, reserved 1048576K
}
Event: 8.586 GC heap after
{Heap after GC invocations=14 (full 0):
 garbage-first heap   total 52224K, used 23662K [0x00000000c1600000, 0x0000000100000000)
  region size 1024K, 2 young (2048K), 2 survivors (2048K)
 Metaspace       used 59886K, committed 60480K, reserved 1114112K
  class space    used 7745K, committed 8000K, reserved 1048576K
}
Event: 9.510 GC heap before
{Heap before GC invocations=15 (full 0):
 garbage-first heap   total 52224K, used 45166K [0x00000000c1600000, 0x0000000100000000)
  region size 1024K, 23 young (23552K), 2 survivors (2048K)
 Metaspace       used 64807K, committed 65472K, reserved 1114112K
  class space    used 8672K, committed 8960K, reserved 1048576K
}
Event: 9.516 GC heap after
{Heap after GC invocations=16 (full 0):
 garbage-first heap   total 52224K, used 24614K [0x00000000c1600000, 0x0000000100000000)
  region size 1024K, 2 young (2048K), 2 survivors (2048K)
 Metaspace       used 64807K, committed 65472K, reserved 1114112K
  class space    used 8672K, committed 8960K, reserved 1048576K
}
Event: 10.238 GC heap before
{Heap before GC invocations=16 (full 0):
 garbage-first heap   total 52224K, used 44070K [0x00000000c1600000, 0x0000000100000000)
  region size 1024K, 22 young (22528K), 2 survivors (2048K)
 Metaspace       used 69090K, committed 69824K, reserved 1114112K
  class space    used 9239K, committed 9600K, reserved 1048576K
}
Event: 10.248 GC heap after
{Heap after GC invocations=17 (full 0):
 garbage-first heap   total 52224K, used 26261K [0x00000000c1600000, 0x0000000100000000)
  region size 1024K, 3 young (3072K), 3 survivors (3072K)
 Metaspace       used 69090K, committed 69824K, reserved 1114112K
  class space    used 9239K, committed 9600K, reserved 1048576K
}
Event: 10.727 GC heap before
{Heap before GC invocations=17 (full 0):
 garbage-first heap   total 52224K, used 44693K [0x00000000c1600000, 0x0000000100000000)
  region size 1024K, 21 young (21504K), 3 survivors (3072K)
 Metaspace       used 71078K, committed 71872K, reserved 1114112K
  class space    used 9514K, committed 9856K, reserved 1048576K
}
Event: 10.739 GC heap after
{Heap after GC invocations=18 (full 0):
 garbage-first heap   total 63488K, used 28448K [0x00000000c1600000, 0x0000000100000000)
  region size 1024K, 2 young (2048K), 2 survivors (2048K)
 Metaspace       used 71078K, committed 71872K, reserved 1114112K
  class space    used 9514K, committed 9856K, reserved 1048576K
}
Event: 11.373 GC heap before
{Heap before GC invocations=19 (full 0):
 garbage-first heap   total 63488K, used 56096K [0x00000000c1600000, 0x0000000100000000)
  region size 1024K, 29 young (29696K), 2 survivors (2048K)
 Metaspace       used 72547K, committed 73344K, reserved 1114112K
  class space    used 9715K, committed 10048K, reserved 1048576K
}
Event: 11.383 GC heap after
{Heap after GC invocations=20 (full 0):
 garbage-first heap   total 63488K, used 33774K [0x00000000c1600000, 0x0000000100000000)
  region size 1024K, 4 young (4096K), 4 survivors (4096K)
 Metaspace       used 72547K, committed 73344K, reserved 1114112K
  class space    used 9715K, committed 10048K, reserved 1048576K
}
Event: 11.580 GC heap before
{Heap before GC invocations=20 (full 0):
 garbage-first heap   total 63488K, used 54254K [0x00000000c1600000, 0x0000000100000000)
  region size 1024K, 25 young (25600K), 4 survivors (4096K)
 Metaspace       used 72647K, committed 73472K, reserved 1114112K
  class space    used 9731K, committed 10112K, reserved 1048576K
}
Event: 11.598 GC heap after
{Heap after GC invocations=21 (full 0):
 garbage-first heap   total 67584K, used 40147K [0x00000000c1600000, 0x0000000100000000)
  region size 1024K, 4 young (4096K), 4 survivors (4096K)
 Metaspace       used 72647K, committed 73472K, reserved 1114112K
  class space    used 9731K, committed 10112K, reserved 1048576K
}
Event: 11.646 GC heap before
{Heap before GC invocations=21 (full 0):
 garbage-first heap   total 67584K, used 42195K [0x00000000c1600000, 0x0000000100000000)
  region size 1024K, 7 young (7168K), 4 survivors (4096K)
 Metaspace       used 72647K, committed 73472K, reserved 1114112K
  class space    used 9731K, committed 10112K, reserved 1048576K
}
Event: 11.653 GC heap after
{Heap after GC invocations=22 (full 0):
 garbage-first heap   total 67584K, used 41751K [0x00000000c1600000, 0x0000000100000000)
  region size 1024K, 1 young (1024K), 1 survivors (1024K)
 Metaspace       used 72647K, committed 73472K, reserved 1114112K
  class space    used 9731K, committed 10112K, reserved 1048576K
}
Event: 11.765 GC heap before
{Heap before GC invocations=22 (full 0):
 garbage-first heap   total 67584K, used 59159K [0x00000000c1600000, 0x0000000100000000)
  region size 1024K, 18 young (18432K), 1 survivors (1024K)
 Metaspace       used 72647K, committed 73472K, reserved 1114112K
  class space    used 9731K, committed 10112K, reserved 1048576K
}
Event: 11.769 GC heap after
{Heap after GC invocations=23 (full 0):
 garbage-first heap   total 67584K, used 45494K [0x00000000c1600000, 0x0000000100000000)
  region size 1024K, 3 young (3072K), 3 survivors (3072K)
 Metaspace       used 72647K, committed 73472K, reserved 1114112K
  class space    used 9731K, committed 10112K, reserved 1048576K
}
Event: 11.861 GC heap before
{Heap before GC invocations=24 (full 0):
 garbage-first heap   total 86016K, used 56758K [0x00000000c1600000, 0x0000000100000000)
  region size 1024K, 16 young (16384K), 3 survivors (3072K)
 Metaspace       used 72647K, committed 73472K, reserved 1114112K
  class space    used 9731K, committed 10112K, reserved 1048576K
}
Event: 11.870 GC heap after
{Heap after GC invocations=25 (full 0):
 garbage-first heap   total 86016K, used 48748K [0x00000000c1600000, 0x0000000100000000)
  region size 1024K, 2 young (2048K), 2 survivors (2048K)
 Metaspace       used 72647K, committed 73472K, reserved 1114112K
  class space    used 9731K, committed 10112K, reserved 1048576K
}
Event: 12.054 GC heap before
{Heap before GC invocations=25 (full 0):
 garbage-first heap   total 86016K, used 73324K [0x00000000c1600000, 0x0000000100000000)
  region size 1024K, 25 young (25600K), 2 survivors (2048K)
 Metaspace       used 72664K, committed 73472K, reserved 1114112K
  class space    used 9735K, committed 10112K, reserved 1048576K
}

Dll operation events (11 events):
Event: 0.041 Loaded shared library D:\gokul\bot\boot\sts-4.24.0.RELEASE\plugins\org.eclipse.justj.openjdk.hotspot.jre.full.win32.x86_64_21.0.3.v20240426-1530\jre\bin\java.dll
Event: 0.053 Loaded shared library D:\gokul\bot\boot\sts-4.24.0.RELEASE\plugins\org.eclipse.justj.openjdk.hotspot.jre.full.win32.x86_64_21.0.3.v20240426-1530\jre\bin\zip.dll
Event: 0.450 Loaded shared library D:\gokul\bot\boot\sts-4.24.0.RELEASE\plugins\org.eclipse.justj.openjdk.hotspot.jre.full.win32.x86_64_21.0.3.v20240426-1530\jre\bin\jimage.dll
Event: 0.476 Loaded shared library D:\gokul\bot\boot\sts-4.24.0.RELEASE\plugins\org.eclipse.justj.openjdk.hotspot.jre.full.win32.x86_64_21.0.3.v20240426-1530\jre\bin\net.dll
Event: 0.480 Loaded shared library D:\gokul\bot\boot\sts-4.24.0.RELEASE\plugins\org.eclipse.justj.openjdk.hotspot.jre.full.win32.x86_64_21.0.3.v20240426-1530\jre\bin\nio.dll
Event: 0.491 Loaded shared library D:\gokul\bot\boot\sts-4.24.0.RELEASE\plugins\org.eclipse.justj.openjdk.hotspot.jre.full.win32.x86_64_21.0.3.v20240426-1530\jre\bin\zip.dll
Event: 0.585 Loaded shared library D:\gokul\bot\boot\sts-4.24.0.RELEASE\plugins\org.eclipse.justj.openjdk.hotspot.jre.full.win32.x86_64_21.0.3.v20240426-1530\jre\bin\management.dll
Event: 0.617 Loaded shared library D:\gokul\bot\boot\sts-4.24.0.RELEASE\plugins\org.eclipse.justj.openjdk.hotspot.jre.full.win32.x86_64_21.0.3.v20240426-1530\jre\bin\management_ext.dll
Event: 1.134 Loaded shared library D:\gokul\bot\boot\sts-4.24.0.RELEASE\plugins\org.eclipse.justj.openjdk.hotspot.jre.full.win32.x86_64_21.0.3.v20240426-1530\jre\bin\extnet.dll
Event: 3.015 Loaded shared library D:\gokul\bot\boot\sts-4.24.0.RELEASE\plugins\org.eclipse.justj.openjdk.hotspot.jre.full.win32.x86_64_21.0.3.v20240426-1530\jre\bin\sunmscapi.dll
Event: 6.155 Loaded shared library D:\gokul\bot\boot\sts-4.24.0.RELEASE\plugins\org.eclipse.justj.openjdk.hotspot.jre.full.win32.x86_64_21.0.3.v20240426-1530\jre\bin\verify.dll

Deoptimization events (8 events):
Event: 4.732 Thread 0x000001c344179360 DEOPT PACKING pc=0x000001c338c86474 sp=0x0000005d230fcb80
Event: 4.732 Thread 0x000001c344179360 DEOPT UNPACKING pc=0x000001c338574e42 sp=0x0000005d230fc038 mode 0
Event: 9.954 Thread 0x000001c344179360 DEOPT PACKING pc=0x000001c338b0170c sp=0x0000005d230fcaf0
Event: 9.954 Thread 0x000001c344179360 DEOPT UNPACKING pc=0x000001c338574e42 sp=0x0000005d230fc048 mode 0
Event: 10.257 Thread 0x000001c344179360 DEOPT PACKING pc=0x000001c338b2c3f1 sp=0x0000005d230fcda0
Event: 10.257 Thread 0x000001c344179360 DEOPT UNPACKING pc=0x000001c338574e42 sp=0x0000005d230fc2a8 mode 3
Event: 10.258 Thread 0x000001c344179360 DEOPT PACKING pc=0x000001c338aeb4b2 sp=0x0000005d230fcd60
Event: 10.258 Thread 0x000001c344179360 DEOPT UNPACKING pc=0x000001c338574e42 sp=0x0000005d230fc2a8 mode 3

Classes loaded (20 events):
Event: 11.175 Loading class java/lang/LayerInstantiationException
Event: 11.175 Loading class java/lang/LayerInstantiationException done
Event: 11.175 Loading class jdk/internal/loader/Loader
Event: 11.177 Loading class jdk/internal/loader/Loader done
Event: 11.204 Loading class java/io/IOError
Event: 11.204 Loading class java/io/IOError done
Event: 11.238 Loading class java/util/regex/Pattern$BackRef
Event: 11.238 Loading class java/util/regex/Pattern$BackRef done
Event: 11.275 Loading class sun/nio/fs/WindowsLinkSupport
Event: 11.276 Loading class sun/nio/fs/WindowsLinkSupport done
Event: 11.302 Loading class java/nio/channels/spi/AbstractInterruptibleChannel$1
Event: 11.302 Loading class sun/nio/ch/Interruptible
Event: 11.302 Loading class sun/nio/ch/Interruptible done
Event: 11.302 Loading class java/nio/channels/spi/AbstractInterruptibleChannel$1 done
Event: 11.304 Loading class java/nio/ReadOnlyBufferException
Event: 11.304 Loading class java/nio/ReadOnlyBufferException done
Event: 11.310 Loading class java/util/zip/DataFormatException
Event: 11.310 Loading class java/util/zip/DataFormatException done
Event: 11.555 Loading class java/io/RandomAccessFile$1
Event: 11.555 Loading class java/io/RandomAccessFile$1 done

Classes unloaded (0 events):
No events

Classes redefined (0 events):
No events

Internal exceptions (20 events):
Event: 11.932 Thread 0x000001c3455e0a60 Exception <a 'sun/nio/fs/WindowsException'{0x00000000c60cc508}> (0x00000000c60cc508) 
thrown [s\src\hotspot\share\prims\jni.cpp, line 520]
Event: 11.933 Thread 0x000001c3455e0a60 Exception <a 'sun/nio/fs/WindowsException'{0x00000000c60cc808}> (0x00000000c60cc808) 
thrown [s\src\hotspot\share\prims\jni.cpp, line 520]
Event: 11.934 Thread 0x000001c3455e0a60 Exception <a 'sun/nio/fs/WindowsException'{0x00000000c60cd190}> (0x00000000c60cd190) 
thrown [s\src\hotspot\share\prims\jni.cpp, line 520]
Event: 11.934 Thread 0x000001c3455e0a60 Exception <a 'sun/nio/fs/WindowsException'{0x00000000c60cd4d0}> (0x00000000c60cd4d0) 
thrown [s\src\hotspot\share\prims\jni.cpp, line 520]
Event: 11.935 Thread 0x000001c3455e0a60 Exception <a 'sun/nio/fs/WindowsException'{0x00000000c60cde30}> (0x00000000c60cde30) 
thrown [s\src\hotspot\share\prims\jni.cpp, line 520]
Event: 11.935 Thread 0x000001c3455e0a60 Exception <a 'sun/nio/fs/WindowsException'{0x00000000c60ce140}> (0x00000000c60ce140) 
thrown [s\src\hotspot\share\prims\jni.cpp, line 520]
Event: 11.935 Thread 0x000001c3455e0a60 Exception <a 'sun/nio/fs/WindowsException'{0x00000000c60cea78}> (0x00000000c60cea78) 
thrown [s\src\hotspot\share\prims\jni.cpp, line 520]
Event: 11.935 Thread 0x000001c3455e0a60 Exception <a 'sun/nio/fs/WindowsException'{0x00000000c60ced48}> (0x00000000c60ced48) 
thrown [s\src\hotspot\share\prims\jni.cpp, line 520]
Event: 11.935 Thread 0x000001c3455e0a60 Exception <a 'sun/nio/fs/WindowsException'{0x00000000c60cf690}> (0x00000000c60cf690) 
thrown [s\src\hotspot\share\prims\jni.cpp, line 520]
Event: 11.936 Thread 0x000001c3455e0a60 Exception <a 'sun/nio/fs/WindowsException'{0x00000000c60cf980}> (0x00000000c60cf980) 
thrown [s\src\hotspot\share\prims\jni.cpp, line 520]
Event: 11.936 Thread 0x000001c3455e0a60 Exception <a 'sun/nio/fs/WindowsException'{0x00000000c60d02b8}> (0x00000000c60d02b8) 
thrown [s\src\hotspot\share\prims\jni.cpp, line 520]
Event: 11.936 Thread 0x000001c3455e0a60 Exception <a 'sun/nio/fs/WindowsException'{0x00000000c60d0598}> (0x00000000c60d0598) 
thrown [s\src\hotspot\share\prims\jni.cpp, line 520]
Event: 11.936 Thread 0x000001c3455e0a60 Exception <a 'sun/nio/fs/WindowsException'{0x00000000c60d0ee0}> (0x00000000c60d0ee0) 
thrown [s\src\hotspot\share\prims\jni.cpp, line 520]
Event: 11.937 Thread 0x000001c3455e0a60 Exception <a 'sun/nio/fs/WindowsException'{0x00000000c60d11d0}> (0x00000000c60d11d0) 
thrown [s\src\hotspot\share\prims\jni.cpp, line 520]
Event: 11.937 Thread 0x000001c3455e0a60 Exception <a 'sun/nio/fs/WindowsException'{0x00000000c60d1b30}> (0x00000000c60d1b30) 
thrown [s\src\hotspot\share\prims\jni.cpp, line 520]
Event: 11.937 Thread 0x000001c3455e0a60 Exception <a 'sun/nio/fs/WindowsException'{0x00000000c60d1e40}> (0x00000000c60d1e40) 
thrown [s\src\hotspot\share\prims\jni.cpp, line 520]
Event: 11.937 Thread 0x000001c3455e0a60 Exception <a 'sun/nio/fs/WindowsException'{0x00000000c60d27b8}> (0x00000000c60d27b8) 
thrown [s\src\hotspot\share\prims\jni.cpp, line 520]
Event: 11.937 Thread 0x000001c3455e0a60 Exception <a 'sun/nio/fs/WindowsException'{0x00000000c60d2ae0}> (0x00000000c60d2ae0) 
thrown [s\src\hotspot\share\prims\jni.cpp, line 520]
Event: 11.937 Thread 0x000001c3455e0a60 Exception <a 'sun/nio/fs/WindowsException'{0x00000000c60d3450}> (0x00000000c60d3450) 
thrown [s\src\hotspot\share\prims\jni.cpp, line 520]
Event: 11.938 Thread 0x000001c3455e0a60 Exception <a 'sun/nio/fs/WindowsException'{0x00000000c60d3770}> (0x00000000c60d3770) 
thrown [s\src\hotspot\share\prims\jni.cpp, line 520]

ZGC Phase Switch (0 events):
No events

VM Operations (20 events):
Event: 10.847 Executing VM operation: G1PauseRemark done
Event: 10.891 Executing VM operation: G1PauseCleanup
Event: 10.891 Executing VM operation: G1PauseCleanup done
Event: 11.373 Executing VM operation: G1CollectForAllocation (G1 Evacuation Pause)
Event: 11.393 Executing VM operation: G1CollectForAllocation (G1 Evacuation Pause) done
Event: 11.528 Executing VM operation: HandshakeAllThreads (Deoptimize)
Event: 11.528 Executing VM operation: HandshakeAllThreads (Deoptimize) done
Event: 11.580 Executing VM operation: G1CollectForAllocation (G1 Evacuation Pause)
Event: 11.598 Executing VM operation: G1CollectForAllocation (G1 Evacuation Pause) done
Event: 11.646 Executing VM operation: G1TryInitiateConcMark (G1 Humongous Allocation)
Event: 11.653 Executing VM operation: G1TryInitiateConcMark (G1 Humongous Allocation) done
Event: 11.764 Executing VM operation: G1CollectForAllocation (G1 Evacuation Pause)
Event: 11.770 Executing VM operation: G1CollectForAllocation (G1 Evacuation Pause) done
Event: 11.790 Executing VM operation: G1PauseRemark
Event: 11.797 Executing VM operation: G1PauseRemark done
Event: 11.857 Executing VM operation: G1PauseCleanup
Event: 11.857 Executing VM operation: G1PauseCleanup done
Event: 11.860 Executing VM operation: G1CollectForAllocation (G1 Evacuation Pause)
Event: 11.872 Executing VM operation: G1CollectForAllocation (G1 Evacuation Pause) done
Event: 12.054 Executing VM operation: G1CollectForAllocation (G1 Evacuation Pause)

Events (20 events):
Event: 11.884 Thread 0x000001c3455e0a60 Thread added: 0x000001c3455e0a60
Event: 11.884 Thread 0x000001c3455de300 Thread added: 0x000001c3455de300
Event: 11.884 Thread 0x000001c3455de990 Thread added: 0x000001c3455de990
Event: 11.886 Thread 0x000001c3455df020 Thread added: 0x000001c3455df020
Event: 11.891 Thread 0x000001c3455df020 Thread exited: 0x000001c3455df020
Event: 11.891 Thread 0x000001c3455e0a60 Thread exited: 0x000001c3455e0a60
Event: 11.891 Thread 0x000001c3455e10f0 Thread exited: 0x000001c3455e10f0
Event: 11.891 Thread 0x000001c3455df6b0 Thread exited: 0x000001c3455df6b0
Event: 11.891 Thread 0x000001c3455dfd40 Thread exited: 0x000001c3455dfd40
Event: 11.891 Thread 0x000001c3455e1780 Thread exited: 0x000001c3455e1780
Event: 11.891 Thread 0x000001c3455de990 Thread exited: 0x000001c3455de990
Event: 11.891 Thread 0x000001c3455de300 Thread exited: 0x000001c3455de300
Event: 11.927 Thread 0x000001c3455dfd40 Thread added: 0x000001c3455dfd40
Event: 11.927 Thread 0x000001c3455e0a60 Thread added: 0x000001c3455e0a60
Event: 11.928 Thread 0x000001c3455e10f0 Thread added: 0x000001c3455e10f0
Event: 11.928 Thread 0x000001c3455df6b0 Thread added: 0x000001c3455df6b0
Event: 11.928 Thread 0x000001c3455e1780 Thread added: 0x000001c3455e1780
Event: 11.928 Thread 0x000001c3455de300 Thread added: 0x000001c3455de300
Event: 11.928 Thread 0x000001c3455de990 Thread added: 0x000001c3455de990
Event: 11.928 Thread 0x000001c3455df020 Thread added: 0x000001c3455df020


Dynamic libraries:
0x00007ff6810f0000 - 0x00007ff6810fe000 	D:\gokul\bot\boot\sts-4.24.0.RELEASE\plugins\org.eclipse.justj.openjdk.hotspot.jre.full.win32.x86_64_21.0.3.v20240426-1530\jre\bin\javaw.exe
0x00007ffd9d450000 - 0x00007ffd9d648000 	C:\WINDOWS\SYSTEM32\ntdll.dll
0x00007ffd9c410000 - 0x00007ffd9c4cd000 	C:\WINDOWS\System32\KERNEL32.DLL
0x00007ffd9ac80000 - 0x00007ffd9af4e000 	C:\WINDOWS\System32\KERNELBASE.dll
0x00007ffd9b040000 - 0x00007ffd9b140000 	C:\WINDOWS\System32\ucrtbase.dll
0x00007ffd92f00000 - 0x00007ffd92f1b000 	D:\gokul\bot\boot\sts-4.24.0.RELEASE\plugins\org.eclipse.justj.openjdk.hotspot.jre.full.win32.x86_64_21.0.3.v20240426-1530\jre\bin\VCRUNTIME140.dll
0x00007ffd92fb0000 - 0x00007ffd92fc8000 	D:\gokul\bot\boot\sts-4.24.0.RELEASE\plugins\org.eclipse.justj.openjdk.hotspot.jre.full.win32.x86_64_21.0.3.v20240426-1530\jre\bin\jli.dll
0x00007ffd9c1f0000 - 0x00007ffd9c390000 	C:\WINDOWS\System32\USER32.dll
0x00007ffd9ab40000 - 0x00007ffd9ab62000 	C:\WINDOWS\System32\win32u.dll
0x00007ffd89840000 - 0x00007ffd89ada000 	C:\WINDOWS\WinSxS\amd64_microsoft.windows.common-controls_6595b64144ccf1df_6.0.19041.1110_none_60b5254171f9507e\COMCTL32.dll
0x00007ffd9b770000 - 0x00007ffd9b79a000 	C:\WINDOWS\System32\GDI32.dll
0x00007ffd9c890000 - 0x00007ffd9c92e000 	C:\WINDOWS\System32\msvcrt.dll
0x00007ffd9ab70000 - 0x00007ffd9ac7b000 	C:\WINDOWS\System32\gdi32full.dll
0x00007ffd9b1d0000 - 0x00007ffd9b26d000 	C:\WINDOWS\System32\msvcp_win.dll
0x00007ffd9bdb0000 - 0x00007ffd9bde0000 	C:\WINDOWS\System32\IMM32.DLL
0x00007ffd8d3b0000 - 0x00007ffd8d3bc000 	D:\gokul\bot\boot\sts-4.24.0.RELEASE\plugins\org.eclipse.justj.openjdk.hotspot.jre.full.win32.x86_64_21.0.3.v20240426-1530\jre\bin\vcruntime140_1.dll
0x00007ffd64d90000 - 0x00007ffd64e1e000 	D:\gokul\bot\boot\sts-4.24.0.RELEASE\plugins\org.eclipse.justj.openjdk.hotspot.jre.full.win32.x86_64_21.0.3.v20240426-1530\jre\bin\msvcp140.dll
0x00007ffd5c190000 - 0x00007ffd5cf12000 	D:\gokul\bot\boot\sts-4.24.0.RELEASE\plugins\org.eclipse.justj.openjdk.hotspot.jre.full.win32.x86_64_21.0.3.v20240426-1530\jre\bin\server\jvm.dll
0x00007ffd9c7e0000 - 0x00007ffd9c88e000 	C:\WINDOWS\System32\ADVAPI32.dll
0x00007ffd9c020000 - 0x00007ffd9c0bc000 	C:\WINDOWS\System32\sechost.dll
0x00007ffd9c0c0000 - 0x00007ffd9c1e5000 	C:\WINDOWS\System32\RPCRT4.dll
0x00007ffd9c3a0000 - 0x00007ffd9c40b000 	C:\WINDOWS\System32\WS2_32.dll
0x00007ffd9a9b0000 - 0x00007ffd9a9fb000 	C:\WINDOWS\SYSTEM32\POWRPROF.dll
0x00007ffd88f80000 - 0x00007ffd88fa7000 	C:\WINDOWS\SYSTEM32\WINMM.dll
0x00007ffd948a0000 - 0x00007ffd948aa000 	C:\WINDOWS\SYSTEM32\VERSION.dll
0x00007ffd9a990000 - 0x00007ffd9a9a2000 	C:\WINDOWS\SYSTEM32\UMPDC.dll
0x00007ffd99420000 - 0x00007ffd99432000 	C:\WINDOWS\SYSTEM32\kernel.appcore.dll
0x00007ffd89ce0000 - 0x00007ffd89cea000 	D:\gokul\bot\boot\sts-4.24.0.RELEASE\plugins\org.eclipse.justj.openjdk.hotspot.jre.full.win32.x86_64_21.0.3.v20240426-1530\jre\bin\jimage.dll
0x00007ffd990f0000 - 0x00007ffd992d4000 	C:\WINDOWS\SYSTEM32\DBGHELP.DLL
0x00007ffd86040000 - 0x00007ffd8606c000 	C:\WINDOWS\SYSTEM32\dbgcore.DLL
0x00007ffd9b140000 - 0x00007ffd9b1c2000 	C:\WINDOWS\System32\bcryptPrimitives.dll
0x00007ffd89820000 - 0x00007ffd8983f000 	D:\gokul\bot\boot\sts-4.24.0.RELEASE\plugins\org.eclipse.justj.openjdk.hotspot.jre.full.win32.x86_64_21.0.3.v20240426-1530\jre\bin\java.dll
0x00007ffd89480000 - 0x00007ffd89498000 	D:\gokul\bot\boot\sts-4.24.0.RELEASE\plugins\org.eclipse.justj.openjdk.hotspot.jre.full.win32.x86_64_21.0.3.v20240426-1530\jre\bin\zip.dll
0x00007ffd9c930000 - 0x00007ffd9d074000 	C:\WINDOWS\System32\SHELL32.dll
0x00007ffd98880000 - 0x00007ffd99014000 	C:\WINDOWS\SYSTEM32\windows.storage.dll
0x00007ffd9d080000 - 0x00007ffd9d3d4000 	C:\WINDOWS\System32\combase.dll
0x00007ffd9a4d0000 - 0x00007ffd9a500000 	C:\WINDOWS\SYSTEM32\Wldp.dll
0x00007ffd9c600000 - 0x00007ffd9c6ad000 	C:\WINDOWS\System32\SHCORE.dll
0x00007ffd9b710000 - 0x00007ffd9b765000 	C:\WINDOWS\System32\shlwapi.dll
0x00007ffd9aa80000 - 0x00007ffd9aa9f000 	C:\WINDOWS\SYSTEM32\profapi.dll
0x00007ffd89810000 - 0x00007ffd89820000 	D:\gokul\bot\boot\sts-4.24.0.RELEASE\plugins\org.eclipse.justj.openjdk.hotspot.jre.full.win32.x86_64_21.0.3.v20240426-1530\jre\bin\net.dll
0x00007ffd89ba0000 - 0x00007ffd89caa000 	C:\WINDOWS\SYSTEM32\WINHTTP.dll
0x00007ffd9a230000 - 0x00007ffd9a29a000 	C:\WINDOWS\system32\mswsock.dll
0x00007ffd89400000 - 0x00007ffd89416000 	D:\gokul\bot\boot\sts-4.24.0.RELEASE\plugins\org.eclipse.justj.openjdk.hotspot.jre.full.win32.x86_64_21.0.3.v20240426-1530\jre\bin\nio.dll
0x00007ffd8d250000 - 0x00007ffd8d25a000 	D:\gokul\bot\boot\sts-4.24.0.RELEASE\plugins\org.eclipse.justj.openjdk.hotspot.jre.full.win32.x86_64_21.0.3.v20240426-1530\jre\bin\management.dll
0x00007ffd89470000 - 0x00007ffd8947b000 	D:\gokul\bot\boot\sts-4.24.0.RELEASE\plugins\org.eclipse.justj.openjdk.hotspot.jre.full.win32.x86_64_21.0.3.v20240426-1530\jre\bin\management_ext.dll
0x00007ffd9b560000 - 0x00007ffd9b568000 	C:\WINDOWS\System32\PSAPI.DLL
0x00007ffd856d0000 - 0x00007ffd856e7000 	C:\WINDOWS\system32\napinsp.dll
0x00007ffd856b0000 - 0x00007ffd856cb000 	C:\WINDOWS\system32\pnrpnsp.dll
0x00007ffd85690000 - 0x00007ffd856a5000 	C:\WINDOWS\system32\wshbth.dll
0x00007ffd961e0000 - 0x00007ffd961fd000 	C:\WINDOWS\system32\NLAapi.dll
0x00007ffd99f20000 - 0x00007ffd99f5b000 	C:\WINDOWS\SYSTEM32\IPHLPAPI.DLL
0x00007ffd99f60000 - 0x00007ffd9a02a000 	C:\WINDOWS\SYSTEM32\DNSAPI.dll
0x00007ffd9c390000 - 0x00007ffd9c398000 	C:\WINDOWS\System32\NSI.dll
0x00007ffd85670000 - 0x00007ffd85682000 	C:\WINDOWS\System32\winrnr.dll
0x00007ffd881c0000 - 0x00007ffd881ca000 	C:\Windows\System32\rasadhlp.dll
0x00007ffd88470000 - 0x00007ffd884f0000 	C:\WINDOWS\System32\fwpuclnt.dll
0x00007ffd9b010000 - 0x00007ffd9b037000 	C:\WINDOWS\System32\bcrypt.dll
0x00007ffd9a420000 - 0x00007ffd9a438000 	C:\WINDOWS\SYSTEM32\CRYPTSP.dll
0x00007ffd99bb0000 - 0x00007ffd99be4000 	C:\WINDOWS\system32\rsaenh.dll
0x00007ffd9aa40000 - 0x00007ffd9aa6e000 	C:\WINDOWS\SYSTEM32\USERENV.dll
0x00007ffd9a440000 - 0x00007ffd9a44c000 	C:\WINDOWS\SYSTEM32\CRYPTBASE.dll
0x00007ffd888c0000 - 0x00007ffd888c9000 	D:\gokul\bot\boot\sts-4.24.0.RELEASE\plugins\org.eclipse.justj.openjdk.hotspot.jre.full.win32.x86_64_21.0.3.v20240426-1530\jre\bin\extnet.dll
0x00007ffd93170000 - 0x00007ffd9317e000 	D:\gokul\bot\boot\sts-4.24.0.RELEASE\plugins\org.eclipse.justj.openjdk.hotspot.jre.full.win32.x86_64_21.0.3.v20240426-1530\jre\bin\sunmscapi.dll
0x00007ffd9b320000 - 0x00007ffd9b476000 	C:\WINDOWS\System32\CRYPT32.dll
0x00007ffd9a540000 - 0x00007ffd9a567000 	C:\WINDOWS\SYSTEM32\ncrypt.dll
0x00007ffd9a500000 - 0x00007ffd9a53b000 	C:\WINDOWS\SYSTEM32\NTASN1.dll
0x00007ffd93180000 - 0x00007ffd93190000 	D:\gokul\bot\boot\sts-4.24.0.RELEASE\plugins\org.eclipse.justj.openjdk.hotspot.jre.full.win32.x86_64_21.0.3.v20240426-1530\jre\bin\verify.dll

dbghelp: loaded successfully - version: 4.0.5 - missing functions: none
symbol engine: initialized successfully - sym options: 0x614 - pdb path: .;D:\gokul\bot\boot\sts-4.24.0.RELEASE\plugins\org.eclipse.justj.openjdk.hotspot.jre.full.win32.x86_64_21.0.3.v20240426-1530\jre\bin;C:\WINDOWS\SYSTEM32;C:\WINDOWS\WinSxS\amd64_microsoft.windows.common-controls_6595b64144ccf1df_6.0.19041.1110_none_60b5254171f9507e;D:\gokul\bot\boot\sts-4.24.0.RELEASE\plugins\org.eclipse.justj.openjdk.hotspot.jre.full.win32.x86_64_21.0.3.v20240426-1530\jre\bin\server

VM Arguments:
jvm_args: -Dcom.sun.management.jmxremote -Dcom.sun.management.jmxremote.port=65216 -Dcom.sun.management.jmxremote.authenticate=false -Dcom.sun.management.jmxremote.ssl=false -Djava.rmi.server.hostname=localhost -Dspring.jmx.enabled=true -Dmanagement.endpoints.jmx.exposure.include=* -Dspring.application.admin.enabled=true -XX:TieredStopAtLevel=1 -Dspring.boot.project.name=Students_project -Dfile.encoding=UTF-8 -Dstdout.encoding=UTF-8 -Dstderr.encoding=UTF-8 -XX:+ShowCodeDetailsInExceptionMessages 
java_command: com.student.StudentsProjectApplication --spring.output.ansi.enabled=always
java_class_path (initial): D:\gokul\bot\workspace_spring_boot\Students_project\target\classes;C:\Users\Welcome\.m2\repository\org\springframework\boot\spring-boot-starter-data-jpa\3.3.5\spring-boot-starter-data-jpa-3.3.5.jar;C:\Users\Welcome\.m2\repository\org\springframework\boot\spring-boot-starter-aop\3.3.5\spring-boot-starter-aop-3.3.5.jar;C:\Users\Welcome\.m2\repository\org\springframework\spring-aop\6.1.14\spring-aop-6.1.14.jar;C:\Users\Welcome\.m2\repository\org\aspectj\aspectjweaver\1.9.22.1\aspectjweaver-1.9.22.1.jar;C:\Users\Welcome\.m2\repository\org\springframework\boot\spring-boot-starter-jdbc\3.3.5\spring-boot-starter-jdbc-3.3.5.jar;C:\Users\Welcome\.m2\repository\com\zaxxer\HikariCP\5.1.0\HikariCP-5.1.0.jar;C:\Users\Welcome\.m2\repository\org\springframework\spring-jdbc\6.1.14\spring-jdbc-6.1.14.jar;C:\Users\Welcome\.m2\repository\org\hibernate\orm\hibernate-core\6.5.3.Final\hibernate-core-6.5.3.Final.jar;C:\Users\Welcome\.m2\repository\jakarta\persistence\jakarta.persistence-api\3.1.0\jakarta.persistence-api-3.1.0.jar;C:\Users\Welcome\.m2\repository\jakarta\transaction\jakarta.transaction-api\2.0.1\jakarta.transaction-api-2.0.1.jar;C:\Users\Welcome\.m2\repository\org\jboss\logging\jboss-logging\3.5.3.Final\jboss-logging-3.5.3.Final.jar;C:\Users\Welcome\.m2\repository\org\hibernate\common\hibernate-commons-annotations\6.0.6.Final\hibernate-commons-annotations-6.0.6.Final.jar;C:\Users\Welcome\.m2\repository\io\smallrye\jandex\3.1.2\jandex-3.1.2.jar;C:\Users\Welcome\.m2\repository\com\fasterxml\classmate\1.7.0\classmate-1.7.0.jar;C:\Users\Welcome\.m2\repository\net\bytebuddy\byte-buddy\1.14.19\byte-buddy-1.14.19.jar;C:\Users\Welcome\.m2\repository\org\glassfish\jaxb\jaxb-runtime\4.0.5\jaxb-runtime-4.0.5.jar;C:\Users\Welcome\.m2\repository\org\glassfish\jaxb\jaxb-core\4.0.5\jaxb-core-4.0.5.jar;C:\Users\Welcome\.m2\repository\org\eclipse\angus\angus-activation\2.0.2\angus-activation-2.0.2.jar;C:\Users\Welcome\.m2\repository\org\glassfish\jaxb\txw2\4.0.5\txw2-4.0.5.jar;C:\Users\Welcome\.m2\repository\com\sun\istack\istack-commons-runtime\4.1.2\istack-commons-runtime-4.1.2.jar;C:\Users\Welcome\.m2\repository\jakarta\inject\jakarta.inject-api\2.0.1\jakarta.inject-api-2.0.1.jar;C:\Users\Welcome\.m2\repository\org\antlr\antlr4-runtime\4.13.0\antlr4-runtime-4.13.0.jar;C:\Users\Welcome\.m2\repository\org\springframework\data\spring-data-jpa\3.3.5\spring-data-jpa-3.3.5.jar;C:\Users\Welcome\.m2\repository\org\springframework\data\spring-data-commons\3.3.5\spring-data-commons-3.3.5.jar;C:\Users\Welcome\.m2\repository\org\springframework\spring-orm\6.1.14\spring-orm-6.1.14.jar;C:\Users\Welcome\.m2\repository\org\springframework\spring-context\6.1.14\spring-context-6.1.14.jar;C:\Users\Welcome\.m2\repository\org\springframework\spring-tx\6.1.14\spring-tx-6.1.14.jar;C:\Users\Welcome\.m2\repository\org\springframework\spring-beans\6.1.14\spring-beans-6.1.14.jar;C:\Users\Welcome\.m2\repository\jakarta\annotation\jakarta.annotation-api\2.1.1\jakarta.annotation-api-2.1.1.jar;C:\Users\Welcome\.m2\repository\org\slf4j\slf4j-api\2.0.16\slf4j-api-2.0.16.jar;C:\Users\Welcome\.m2\repository\org\springframework\spring-aspects\6.1.14\spring-aspects-6.1.14.jar;C:\Users\Welcome\.m2\repository\org\springframework\boot\spring-boot-starter-web\3.3.5\spring-boot-starter-web-3.3.5.jar;C:\Users\Welcome\.m2\repository\org\springframework\boot\spring-boot-starter\3.3.5\spring-boot-starter-3.3.5.jar;C:\Users\Welcome\.m2\repository\org\springframework\boot\spring-boot-starter-logging\3.3.5\spring-boot-starter-logging-3.3.5.jar;C:\Users\Welcome\.m2\repository\ch\qos\logback\logback-classic\1.5.11\logback-classic-1.5.11.jar;C:\Users\Welcome\.m2\repository\ch\qos\logback\logback-core\1.5.11\logback-core-1.5.11.jar;C:\Users\Welcome\.m2\repository\org\apache\logging\log4j\log4j-to-slf4j\2.23.1\log4j-to-slf4j-2.23.1.jar;C:\Users\Welcome\.m2\repository\org\apache\logging\log4j\log4j-api\2.23.1\log4j-api-2.23.1.jar;C:\Users\Welcome\.m2\repository\org\slf4j\jul-to-slf4j\2.0.16\jul-to-slf4j-2.0.16.jar;C:\Users\Welcome\.m2\repository\org\yaml\snakeyaml\2.2\snakeyaml-2.2.jar;C:\Users\Welcome\.m2\repository\org\springframework\boot\spring-boot-starter-json\3.3.5\spring-boot-starter-json-3.3.5.jar;C:\Users\Welcome\.m2\repository\com\fasterxml\jackson\core\jackson-databind\2.17.2\jackson-databind-2.17.2.jar;C:\Users\Welcome\.m2\repository\com\fasterxml\jackson\core\jackson-annotations\2.17.2\jackson-annotations-2.17.2.jar;C:\Users\Welcome\.m2\repository\com\fasterxml\jackson\core\jackson-core\2.17.2\jackson-core-2.17.2.jar;C:\Users\Welcome\.m2\repository\com\fasterxml\jackson\datatype\jackson-datatype-jdk8\2.17.2\jackson-datatype-jdk8-2.17.2.jar;C:\Users\Welcome\.m2\repository\com\fasterxml\jackson\datatype\jackson-datatype-jsr310\2.17.2\jackson-datatype-jsr310-2.17.2.jar;C:\Users\Welcome\.m2\repository\com\fasterxml\jackson\module\jackson-module-parameter-names\2.17.2\jackson-module-parameter-names-2.17.2.jar;C:\Users\Welcome\.m2\repository\org\springframework\boot\spring-boot-starter-tomcat\3.3.5\spring-boot-starter-tomcat-3.3.5.jar;C:\Users\Welcome\.m2\repository\org\apache\tomcat\embed\tomcat-embed-core\10.1.31\tomcat-embed-core-10.1.31.jar;C:\Users\Welcome\.m2\repository\org\apache\tomcat\embed\tomcat-embed-el\10.1.31\tomcat-embed-el-10.1.31.jar;C:\Users\Welcome\.m2\repository\org\apache\tomcat\embed\tomcat-embed-websocket\10.1.31\tomcat-embed-websocket-10.1.31.jar;C:\Users\Welcome\.m2\repository\org\springframework\spring-web\6.1.14\spring-web-6.1.14.jar;C:\Users\Welcome\.m2\repository\io\micrometer\micrometer-observation\1.13.6\micrometer-observation-1.13.6.jar;C:\Users\Welcome\.m2\repository\io\micrometer\micrometer-commons\1.13.6\micrometer-commons-1.13.6.jar;C:\Users\Welcome\.m2\repository\org\springframework\spring-webmvc\6.1.14\spring-webmvc-6.1.14.jar;C:\Users\Welcome\.m2\repository\org\springframework\spring-expression\6.1.14\spring-expression-6.1.14.jar;C:\Users\Welcome\.m2\repository\org\springframework\boot\spring-boot-devtools\3.3.5\spring-boot-devtools-3.3.5.jar;C:\Users\Welcome\.m2\repository\org\springframework\boot\spring-boot\3.3.5\spring-boot-3.3.5.jar;C:\Users\Welcome\.m2\repository\org\springframework\boot\spring-boot-autoconfigure\3.3.5\spring-boot-autoconfigure-3.3.5.jar;C:\Users\Welcome\.m2\repository\org\postgresql\postgresql\42.7.4\postgresql-42.7.4.jar;C:\Users\Welcome\.m2\repository\org\checkerframework\checker-qual\3.42.0\checker-qual-3.42.0.jar;C:\Users\Welcome\.m2\repository\org\projectlombok\lombok\1.18.34\lombok-1.18.34.jar;C:\Users\Welcome\.m2\repository\jakarta\xml\bind\jakarta.xml.bind-api\4.0.2\jakarta.xml.bind-api-4.0.2.jar;C:\Users\Welcome\.m2\repository\jakarta\activation\jakarta.activation-api\2.1.3\jakarta.activation-api-2.1.3.jar;C:\Users\Welcome\.m2\repository\org\springframework\spring-core\6.1.14\spring-core-6.1.14.jar;C:\Users\Welcome\.m2\repository\org\springframework\spring-jcl\6.1.14\spring-jcl-6.1.14.jar;C:\Users\Welcome\.m2\repository\org\springdoc\springdoc-openapi-starter-webmvc-ui\2.0.2\springdoc-openapi-starter-webmvc-ui-2.0.2.jar;C:\Users\Welcome\.m2\repository\org\springdoc\springdoc-openapi-starter-webmvc-api\2.0.2\springdoc-openapi-starter-webmvc-api-2.0.2.jar;C:\Users\Welcome\.m2\repository\org\springdoc\springdoc-openapi-starter-common\2.0.2\springdoc-openapi-starter-common-2.0.2.jar;C:\Users\Welcome\.m2\repository\io\swagger\core\v3\swagger-core-jakarta\2.2.7\swagger-core-jakarta-2.2.7.jar;C:\Users\Welcome\.m2\repository\org\apache\commons\commons-lang3\3.14.0\commons-lang3-3.14.0.jar;C:\Users\Welcome\.m2\repository\io\swagger\core\v3\swagger-annotations-jakarta\2.2.7\swagger-annotations-jakarta-2.2.7.jar;C:\Users\Welcome\.m2\repository\io\swagger\core\v3\swagger-models-jakarta\2.2.7\swagger-models-jakarta-2.2.7.jar;C:\Users\Welcome\.m2\repository\jakarta\validation\jakarta.validation-api\3.0.2\jakarta.validation-api-3.0.2.jar;C:\Users\Welcome\.m2\repository\com\fasterxml\jackson\dataformat\jackson-dataformat-yaml\2.17.2\jackson-dataformat-yaml-2.17.2.jar;C:\Users\Welcome\.m2\repository\org\webjars\swagger-ui\4.15.5\swagger-ui-4.15.5.jar;C:\Users\Welcome\.m2\repository\org\webjars\webjars-locator-core\0.58\webjars-locator-core-0.58.jar;C:\Users\Welcome\.m2\repository\io\github\classgraph\classgraph\4.8.149\classgraph-4.8.149.jar
Launcher Type: SUN_STANDARD

[Global flags]
     intx CICompilerCount                          = 3                                         {product} {ergonomic}
     uint ConcGCThreads                            = 1                                         {product} {ergonomic}
     uint G1ConcRefinementThreads                  = 4                                         {product} {ergonomic}
   size_t G1HeapRegionSize                         = 1048576                                   {product} {ergonomic}
    uintx GCDrainStackTargetSize                   = 64                                        {product} {ergonomic}
   size_t InitialHeapSize                          = 67108864                                  {product} {ergonomic}
     bool ManagementServer                         = true                                      {product} {command line}
   size_t MarkStackSize                            = 4194304                                   {product} {ergonomic}
   size_t MaxHeapSize                              = 1050673152                                {product} {ergonomic}
   size_t MaxNewSize                               = 630194176                                 {product} {ergonomic}
   size_t MinHeapDeltaBytes                        = 1048576                                   {product} {ergonomic}
   size_t MinHeapSize                              = 8388608                                   {product} {ergonomic}
    uintx NonNMethodCodeHeapSize                   = 4096                                   {pd product} {ergonomic}
    uintx NonProfiledCodeHeapSize                  = 0                                      {pd product} {ergonomic}
     bool ProfileInterpreter                       = false                                  {pd product} {command line}
    uintx ProfiledCodeHeapSize                     = 0                                      {pd product} {ergonomic}
     bool ShowCodeDetailsInExceptionMessages       = true                                   {manageable} {command line}
   size_t SoftMaxHeapSize                          = 1050673152                             {manageable} {ergonomic}
     intx TieredStopAtLevel                        = 1                                         {product} {command line}
     bool UseCompressedOops                        = true                           {product lp64_product} {ergonomic}
     bool UseG1GC                                  = true                                      {product} {ergonomic}
     bool UseLargePagesIndividualAllocation        = false                                  {pd product} {ergonomic}

Logging:
Log output configuration:
 #0: stdout all=warning uptime,level,tags foldmultilines=false
 #1: stderr all=off uptime,level,tags foldmultilines=false

Environment Variables:
PATH=D:/gokul/bot/boot/sts-4.24.0.RELEASE//plugins/org.eclipse.justj.openjdk.hotspot.jre.full.win32.x86_64_21.0.3.v20240426-1530/jre/bin/server;D:/gokul/bot/boot/sts-4.24.0.RELEASE//plugins/org.eclipse.justj.openjdk.hotspot.jre.full.win32.x86_64_21.0.3.v20240426-1530/jre/bin;C:\Program Files\Java\jdk-17\bin;C:\Program Files\Common Files\Oracle\Java\javapath;C:\WINDOWS\system32;C:\WINDOWS;C:\WINDOWS\System32\Wbem;C:\WINDOWS\System32\WindowsPowerShell\v1.0\;C:\WINDOWS\System32\OpenSSH\;C:\Program Files\Microsoft SQL Server\130\Tools\Binn\;C:\Program Files\dotnet\;C:\Program Files\Microsoft SQL Server\Client SDK\ODBC\170\Tools\Binn\;C:\Program Files (x86)\Microsoft SQL Server\150\Tools\Binn\;C:\Program Files\Microsoft SQL Server\150\Tools\Binn\;C:\Program Files\Microsoft SQL Server\150\DTS\Binn\;C:\Program Files (x86)\Microsoft SQL Server\150\DTS\Binn\;C:\Program Files\Azure Data Studio\bin;C:\ProgramData\chocolatey\bin;D:\gokul\frontend\gitttt\Git\cmd;D:\gokul\frontend\react js\node setup\;D:\gokul\frontend\gitttt\Git\bin;C:\Users\Welcome\AppData\Local\Microsoft\WindowsApps;C:\Users\Welcome\.dotnet\tools;C:\Program Files\Azure Data Studio\bin;C:\Users\Welcome\AppData\Local\Programs\Microsoft VS Code\bin;C:\Users\Welcome\AppData\Roaming\npm;D:\gokul\frontend\react js\mavenSEtup\apache-maven-3.9.9\bin;D:\gokul\postgresql_location_setup\bin;;D:\gokul\bot\boot\sts-4.24.0.RELEASE;
USERNAME=Welcome
OS=Windows_NT
PROCESSOR_IDENTIFIER=Intel64 Family 6 Model 142 Stepping 9, GenuineIntel
TMP=C:\Users\Welcome\AppData\Local\Temp
TEMP=C:\Users\Welcome\AppData\Local\Temp




Periodic native trim disabled

---------------  S Y S T E M  ---------------

OS:
 Windows 10 , 64 bit Build 19041 (10.0.19041.1889)
OS uptime: 0 days 1:24 hours

CPU: total 4 (initial active 4) (2 cores per cpu, 2 threads per core) family 6 model 142 stepping 9 microcode 0xde, cx8, cmov, fxsr, ht, mmx, 3dnowpref, sse, sse2, sse3, ssse3, sse4.1, sse4.2, popcnt, lzcnt, tsc, tscinvbit, avx, avx2, aes, erms, clmul, bmi1, bmi2, adx, fma, vzeroupper, clflush, clflushopt, rdtscp, f16c
Processor Information for processor 0
  Max Mhz: 2401, Current Mhz: 1500, Mhz Limit: 2376
Processor Information for processor 1
  Max Mhz: 2401, Current Mhz: 2400, Mhz Limit: 2376
Processor Information for processor 2
  Max Mhz: 2401, Current Mhz: 2400, Mhz Limit: 2376
Processor Information for processor 3
  Max Mhz: 2401, Current Mhz: 1500, Mhz Limit: 2376

Memory: 4k page, system-wide physical 4007M (342M free)
TotalPageFile size 8530M (AvailPageFile size 125M)
current process WorkingSet (physical memory assigned to process): 247M, peak: 247M
current process commit charge ("private bytes"): 272M, peak: 412M

vm_info: OpenJDK 64-Bit Server VM (21.0.3+9-LTS) for windows-amd64 JRE (21.0.3+9-LTS), built on 2024-04-16T00:00:00Z by "admin" with MS VC++ 17.7 (VS2022)

END.
