#
# There is insufficient memory for the Java Runtime Environment to continue.
# Native memory allocation (mmap) failed to map 75497472 bytes. Error detail: G1 virtual space
# Possible reasons:
#   The system is out of physical RAM or swap space
#   This process is running with CompressedOops enabled, and the Java Heap may be blocking the growth of the native heap
# Possible solutions:
#   Reduce memory load on the system
#   Increase physical memory or swap space
#   Check if swap backing store is full
#   Decrease Java heap size (-Xmx/-Xms)
#   Decrease number of Java threads
#   Decrease Java thread stack sizes (-Xss)
#   Set larger code cache with -XX:ReservedCodeCacheSize=
#   JVM is running with Unscaled Compressed Oops mode in which the Java heap is
#     placed in the first 4GB address space. The Java Heap base address is the
#     maximum limit for the native heap growth. Please use -XX:HeapBaseMinAddress
#     to set the Java Heap base and to place the Java Heap above 4GB virtual address.
# This output file may be truncated or incomplete.
#
#  Out of Memory Error (os_windows.cpp:3603), pid=2164, tid=11560
#
# JRE version: OpenJDK Runtime Environment Temurin-21.0.3+9 (21.0.3+9) (build 21.0.3+9-LTS)
# Java VM: OpenJDK 64-Bit Server VM Temurin-21.0.3+9 (21.0.3+9-LTS, mixed mode, emulated-client, tiered, compressed oops, compressed class ptrs, g1 gc, windows-amd64)
# No core dump will be written. Minidumps are not enabled by default on client versions of Windows
#

---------------  S U M M A R Y ------------

Command Line: -Dcom.sun.management.jmxremote -Dcom.sun.management.jmxremote.port=65436 -Dcom.sun.management.jmxremote.authenticate=false -Dcom.sun.management.jmxremote.ssl=false -Djava.rmi.server.hostname=localhost -Dspring.jmx.enabled=true -Dmanagement.endpoints.jmx.exposure.include=* -Dspring.application.admin.enabled=true -XX:TieredStopAtLevel=1 -Dspring.boot.project.name=Students_project -Dfile.encoding=UTF-8 -Dstdout.encoding=UTF-8 -Dstderr.encoding=UTF-8 -XX:+ShowCodeDetailsInExceptionMessages com.student.StudentsProjectApplication --spring.output.ansi.enabled=always

Host: Intel(R) Core(TM) i3-7100U CPU @ 2.40GHz, 4 cores, 3G,  Windows 10 , 64 bit Build 19041 (10.0.19041.1889)
Time: Fri Nov 22 19:47:45 2024 Sri Lanka Standard Time elapsed time: 13.978510 seconds (0d 0h 0m 13s)

---------------  T H R E A D  ---------------

Current thread (0x0000025b2fbd5e00):  VMThread "VM Thread"          [id=11560, stack(0x000000ae4f300000,0x000000ae4f400000) (1024K)]

Stack: [0x000000ae4f300000,0x000000ae4f400000]
Native frames: (J=compiled Java code, j=interpreted, Vv=VM code, C=native code)
V  [jvm.dll+0x6c8699]
V  [jvm.dll+0x8a2061]
V  [jvm.dll+0x8a458e]
V  [jvm.dll+0x8a4c63]
V  [jvm.dll+0x27e476]
V  [jvm.dll+0x6c4e15]
V  [jvm.dll+0x6b9b0a]
V  [jvm.dll+0x3523ba]
V  [jvm.dll+0x359f66]
V  [jvm.dll+0x3ab1be]
V  [jvm.dll+0x3ab468]
V  [jvm.dll+0x3265fc]
V  [jvm.dll+0x326687]
V  [jvm.dll+0x36a3cc]
V  [jvm.dll+0x368c08]
V  [jvm.dll+0x325d71]
V  [jvm.dll+0x36827a]
V  [jvm.dll+0x8aa56f]
V  [jvm.dll+0x8ab674]
V  [jvm.dll+0x8abbb0]
V  [jvm.dll+0x8abe53]
V  [jvm.dll+0x84bf8b]
V  [jvm.dll+0x6c6dcd]
C  [ucrtbase.dll+0x21bb2]
C  [KERNEL32.DLL+0x17034]
C  [ntdll.dll+0x52651]

VM_Operation (0x000000ae513fe250): G1CollectForAllocation, mode: safepoint, requested by thread 0x0000025b36c99720


---------------  P R O C E S S  ---------------

Threads class SMR info:
_java_thread_list=0x0000025b373cabb0, length=35, elements={
0x0000025b23a08f20, 0x0000025b34019480, 0x0000025b2fc3ced0, 0x0000025b2fc5d5a0,
0x0000025b2fc5dc10, 0x0000025b2fc62960, 0x0000025b2fc668c0, 0x0000025b2fc67320,
0x0000025b34066440, 0x0000025b34104d70, 0x0000025b23ba7360, 0x0000025b34223300,
0x0000025b3486b660, 0x0000025b3487df60, 0x0000025b3490df20, 0x0000025b349135c0,
0x0000025b3493fa30, 0x0000025b349410b0, 0x0000025b34926190, 0x0000025b35167a00,
0x0000025b35166650, 0x0000025b35165930, 0x0000025b35165fc0, 0x0000025b35167370,
0x0000025b35164580, 0x0000025b35164c10, 0x0000025b351652a0, 0x0000025b36c9aad0,
0x0000025b36c99720, 0x0000025b36c97650, 0x0000025b36c962a0, 0x0000025b36c96930,
0x0000025b36c97ce0, 0x0000025b36c98370, 0x0000025b36c9b160
}

Java Threads: ( => current thread )
  0x0000025b23a08f20 JavaThread "main"                              [_thread_blocked, id=14456, stack(0x000000ae4ec00000,0x000000ae4ed00000) (1024K)]
  0x0000025b34019480 JavaThread "Reference Handler"          daemon [_thread_blocked, id=15716, stack(0x000000ae4f400000,0x000000ae4f500000) (1024K)]
  0x0000025b2fc3ced0 JavaThread "Finalizer"                  daemon [_thread_blocked, id=16376, stack(0x000000ae4f500000,0x000000ae4f600000) (1024K)]
  0x0000025b2fc5d5a0 JavaThread "Signal Dispatcher"          daemon [_thread_blocked, id=2304, stack(0x000000ae4f600000,0x000000ae4f700000) (1024K)]
  0x0000025b2fc5dc10 JavaThread "Attach Listener"            daemon [_thread_blocked, id=12520, stack(0x000000ae4f700000,0x000000ae4f800000) (1024K)]
  0x0000025b2fc62960 JavaThread "Service Thread"             daemon [_thread_blocked, id=2204, stack(0x000000ae4f800000,0x000000ae4f900000) (1024K)]
  0x0000025b2fc668c0 JavaThread "Monitor Deflation Thread"   daemon [_thread_blocked, id=4644, stack(0x000000ae4f900000,0x000000ae4fa00000) (1024K)]
  0x0000025b2fc67320 JavaThread "C1 CompilerThread0"         daemon [_thread_blocked, id=8008, stack(0x000000ae4fa00000,0x000000ae4fb00000) (1024K)]
  0x0000025b34066440 JavaThread "Common-Cleaner"             daemon [_thread_blocked, id=6280, stack(0x000000ae4fb00000,0x000000ae4fc00000) (1024K)]
  0x0000025b34104d70 JavaThread "C1 CompilerThread1"         daemon [_thread_blocked, id=10072, stack(0x000000ae4fc00000,0x000000ae4fd00000) (1024K)]
  0x0000025b23ba7360 JavaThread "C1 CompilerThread2"         daemon [_thread_blocked, id=14856, stack(0x000000ae4fd00000,0x000000ae4fe00000) (1024K)]
  0x0000025b34223300 JavaThread "Notification Thread"        daemon [_thread_blocked, id=10204, stack(0x000000ae4fe00000,0x000000ae4ff00000) (1024K)]
  0x0000025b3486b660 JavaThread "RMI TCP Accept-0"           daemon [_thread_in_native, id=14504, stack(0x000000ae50200000,0x000000ae50300000) (1024K)]
  0x0000025b3487df60 JavaThread "RMI TCP Accept-65436"       daemon [_thread_in_native, id=2300, stack(0x000000ae50300000,0x000000ae50400000) (1024K)]
  0x0000025b3490df20 JavaThread "RMI TCP Connection(1)-127.0.0.1" daemon [_thread_in_native, id=8868, stack(0x000000ae50400000,0x000000ae50500000) (1024K)]
  0x0000025b349135c0 JavaThread "RMI TCP Accept-0"           daemon [_thread_in_native, id=6880, stack(0x000000ae50500000,0x000000ae50600000) (1024K)]
  0x0000025b3493fa30 JavaThread "RMI Scheduler(0)"           daemon [_thread_blocked, id=13068, stack(0x000000ae50600000,0x000000ae50700000) (1024K)]
  0x0000025b349410b0 JavaThread "RMI TCP Connection(2)-127.0.0.1" daemon [_thread_in_native, id=16312, stack(0x000000ae50700000,0x000000ae50800000) (1024K)]
  0x0000025b34926190 JavaThread "JMX server connection timeout 30" daemon [_thread_blocked, id=5316, stack(0x000000ae50800000,0x000000ae50900000) (1024K)]
  0x0000025b35167a00 JavaThread "Thread-0"                          [_thread_blocked, id=15216, stack(0x000000ae50900000,0x000000ae50a00000) (1024K)]
  0x0000025b35166650 JavaThread "restartedMain"                     [_thread_blocked, id=15844, stack(0x000000ae50a00000,0x000000ae50b00000) (1024K)]
  0x0000025b35165930 JavaThread "Catalina-utility-1"                [_thread_blocked, id=7348, stack(0x000000ae50b00000,0x000000ae50c00000) (1024K)]
  0x0000025b35165fc0 JavaThread "Catalina-utility-2"                [_thread_blocked, id=1580, stack(0x000000ae50c00000,0x000000ae50d00000) (1024K)]
  0x0000025b35167370 JavaThread "container-0"                       [_thread_blocked, id=14600, stack(0x000000ae50d00000,0x000000ae50e00000) (1024K)]
  0x0000025b35164580 JavaThread "PostgreSQL-JDBC-Cleaner"    daemon [_thread_blocked, id=16076, stack(0x000000ae50f00000,0x000000ae51000000) (1024K)]
  0x0000025b35164c10 JavaThread "HikariPool-1 housekeeper"   daemon [_thread_blocked, id=14620, stack(0x000000ae51000000,0x000000ae51100000) (1024K)]
  0x0000025b351652a0 JavaThread "HikariPool-1 connection adder" daemon [_thread_blocked, id=16304, stack(0x000000ae51100000,0x000000ae51200000) (1024K)]
  0x0000025b36c9aad0 JavaThread "ClassGraph-worker-16"       daemon [_thread_blocked, id=16268, stack(0x000000ae51200000,0x000000ae51300000) (1024K)]
  0x0000025b36c99720 JavaThread "ClassGraph-worker-17"       daemon [_thread_blocked, id=1732, stack(0x000000ae51300000,0x000000ae51400000) (1024K)]
  0x0000025b36c97650 JavaThread "ClassGraph-worker-18"       daemon [_thread_blocked, id=14828, stack(0x000000ae51400000,0x000000ae51500000) (1024K)]
  0x0000025b36c962a0 JavaThread "ClassGraph-worker-19"       daemon [_thread_blocked, id=16260, stack(0x000000ae51500000,0x000000ae51600000) (1024K)]
  0x0000025b36c96930 JavaThread "ClassGraph-worker-20"       daemon [_thread_blocked, id=7204, stack(0x000000ae51600000,0x000000ae51700000) (1024K)]
  0x0000025b36c97ce0 JavaThread "ClassGraph-worker-21"       daemon [_thread_blocked, id=6992, stack(0x000000ae51700000,0x000000ae51800000) (1024K)]
  0x0000025b36c98370 JavaThread "ClassGraph-worker-22"       daemon [_thread_blocked, id=15092, stack(0x000000ae51800000,0x000000ae51900000) (1024K)]
  0x0000025b36c9b160 JavaThread "ClassGraph-worker-23"       daemon [_thread_blocked, id=8688, stack(0x000000ae51900000,0x000000ae51a00000) (1024K)]
Total: 35

Other Threads:
=>0x0000025b2fbd5e00 VMThread "VM Thread"                           [id=11560, stack(0x000000ae4f300000,0x000000ae4f400000) (1024K)]
  0x0000025b2fb9cc70 WatcherThread "VM Periodic Task Thread"        [id=9780, stack(0x000000ae4f200000,0x000000ae4f300000) (1024K)]
  0x0000025b23b39c10 WorkerThread "GC Thread#0"                     [id=5984, stack(0x000000ae4ed00000,0x000000ae4ee00000) (1024K)]
  0x0000025b34848ce0 WorkerThread "GC Thread#1"                     [id=14208, stack(0x000000ae4ff00000,0x000000ae50000000) (1024K)]
  0x0000025b348569e0 WorkerThread "GC Thread#2"                     [id=12296, stack(0x000000ae50000000,0x000000ae50100000) (1024K)]
  0x0000025b34856d80 WorkerThread "GC Thread#3"                     [id=15916, stack(0x000000ae50100000,0x000000ae50200000) (1024K)]
  0x0000025b23b43850 ConcurrentGCThread "G1 Main Marker"            [id=1360, stack(0x000000ae4ee00000,0x000000ae4ef00000) (1024K)]
  0x0000025b23b44bb0 WorkerThread "G1 Conc#0"                       [id=7060, stack(0x000000ae4ef00000,0x000000ae4f000000) (1024K)]
  0x0000025b23b96a30 ConcurrentGCThread "G1 Refine#0"               [id=16088, stack(0x000000ae4f000000,0x000000ae4f100000) (1024K)]
  0x0000025b23b97e00 ConcurrentGCThread "G1 Service"                [id=8720, stack(0x000000ae4f100000,0x000000ae4f200000) (1024K)]
Total: 10

Threads with active compile tasks:
Total: 0

VM state: at safepoint (normal execution)

VM Mutex/Monitor currently owned by a thread:  ([mutex/lock_event])
[0x00007ffd5ce32128] Threads_lock - owner thread: 0x0000025b2fbd5e00
[0x00007ffd5ce32228] Heap_lock - owner thread: 0x0000025b36c99720

Heap address: 0x00000000c1600000, size: 1002 MB, Compressed Oops mode: 32-bit

CDS archive(s) not mapped
Compressed class space mapped at: 0x0000000100000000-0x0000000140000000, reserved size: 1073741824
Narrow klass base: 0x0000000000000000, Narrow klass shift: 3, Narrow klass range: 0x140000000

GC Precious Log:
 CardTable entry size: 512
 Card Set container configuration: InlinePtr #cards 5 size 8 Array Of Cards #cards 12 size 40 Howl #buckets 4 coarsen threshold 1843 Howl Bitmap #cards 512 size 80 coarsen threshold 460 Card regions per heap region 1 cards per card region 2048
 CPUs: 4 total, 4 available
 Memory: 4007M
 Large Page Support: Disabled
 NUMA Support: Disabled
 Compressed Oops: Enabled (32-bit)
 Heap Region Size: 1M
 Heap Min Capacity: 8M
 Heap Initial Capacity: 64M
 Heap Max Capacity: 1002M
 Pre-touch: Disabled
 Parallel Workers: 4
 Concurrent Workers: 1
 Concurrent Refinement Workers: 4
 Periodic GC: Disabled

Heap:
 garbage-first heap   total 86016K, used 46982K [0x00000000c1600000, 0x0000000100000000)
  region size 1024K, 2 young (2048K), 2 survivors (2048K)
 Metaspace       used 72627K, committed 73344K, reserved 1114112K
  class space    used 9728K, committed 10048K, reserved 1048576K

Heap Regions: E=young(eden), S=young(survivor), O=old, HS=humongous(starts), HC=humongous(continues), CS=collection set, F=free, TAMS=top-at-mark-start, PB=parsable bottom
|   0|0x00000000c1600000, 0x00000000c1700000, 0x00000000c1700000|100%|HS|  |TAMS 0x00000000c1700000| PB 0x00000000c1600000| Complete 
|   1|0x00000000c1700000, 0x00000000c1800000, 0x00000000c1800000|100%| O|  |TAMS 0x00000000c1800000| PB 0x00000000c1700000| Untracked 
|   2|0x00000000c1800000, 0x00000000c1900000, 0x00000000c1900000|100%| O|  |TAMS 0x00000000c1900000| PB 0x00000000c1800000| Untracked 
|   3|0x00000000c1900000, 0x00000000c1a00000, 0x00000000c1a00000|100%| O|  |TAMS 0x00000000c1a00000| PB 0x00000000c1900000| Untracked 
|   4|0x00000000c1a00000, 0x00000000c1b00000, 0x00000000c1b00000|100%| O|  |TAMS 0x00000000c1b00000| PB 0x00000000c1a00000| Untracked 
|   5|0x00000000c1b00000, 0x00000000c1bfa168, 0x00000000c1c00000| 97%| O|  |TAMS 0x00000000c1bfa168| PB 0x00000000c1b00000| Untracked 
|   6|0x00000000c1c00000, 0x00000000c1d00000, 0x00000000c1d00000|100%| O|  |TAMS 0x00000000c1d00000| PB 0x00000000c1c00000| Untracked 
|   7|0x00000000c1d00000, 0x00000000c1e00000, 0x00000000c1e00000|100%| O|  |TAMS 0x00000000c1e00000| PB 0x00000000c1d00000| Untracked 
|   8|0x00000000c1e00000, 0x00000000c1f00000, 0x00000000c1f00000|100%| O|  |TAMS 0x00000000c1f00000| PB 0x00000000c1e00000| Untracked 
|   9|0x00000000c1f00000, 0x00000000c2000000, 0x00000000c2000000|100%| O|  |TAMS 0x00000000c2000000| PB 0x00000000c1f00000| Updating 
|  10|0x00000000c2000000, 0x00000000c2100000, 0x00000000c2100000|100%| O|  |TAMS 0x00000000c2000000| PB 0x00000000c2000000| Untracked 
|  11|0x00000000c2100000, 0x00000000c2200000, 0x00000000c2200000|100%| O|  |TAMS 0x00000000c2200000| PB 0x00000000c2100000| Untracked 
|  12|0x00000000c2200000, 0x00000000c2300000, 0x00000000c2300000|100%| O|  |TAMS 0x00000000c2300000| PB 0x00000000c2200000| Untracked 
|  13|0x00000000c2300000, 0x00000000c2400000, 0x00000000c2400000|100%| O|  |TAMS 0x00000000c2400000| PB 0x00000000c2300000| Updating 
|  14|0x00000000c2400000, 0x00000000c2500000, 0x00000000c2500000|100%| O|  |TAMS 0x00000000c2500000| PB 0x00000000c2400000| Updating 
|  15|0x00000000c2500000, 0x00000000c2600000, 0x00000000c2600000|100%| O|  |TAMS 0x00000000c2600000| PB 0x00000000c2500000| Updating 
|  16|0x00000000c2600000, 0x00000000c2700000, 0x00000000c2700000|100%| O|  |TAMS 0x00000000c2700000| PB 0x00000000c2600000| Untracked 
|  17|0x00000000c2700000, 0x00000000c2800000, 0x00000000c2800000|100%| O|  |TAMS 0x00000000c2800000| PB 0x00000000c2700000| Untracked 
|  18|0x00000000c2800000, 0x00000000c2900000, 0x00000000c2900000|100%| O|  |TAMS 0x00000000c2900000| PB 0x00000000c2800000| Updating 
|  19|0x00000000c2900000, 0x00000000c2a00000, 0x00000000c2a00000|100%| O|  |TAMS 0x00000000c2a00000| PB 0x00000000c2900000| Untracked 
|  20|0x00000000c2a00000, 0x00000000c2b00000, 0x00000000c2b00000|100%| O|  |TAMS 0x00000000c2b00000| PB 0x00000000c2a00000| Untracked 
|  21|0x00000000c2b00000, 0x00000000c2c00000, 0x00000000c2c00000|100%| O|  |TAMS 0x00000000c2c00000| PB 0x00000000c2b00000| Untracked 
|  22|0x00000000c2c00000, 0x00000000c2d00000, 0x00000000c2d00000|100%| O|  |TAMS 0x00000000c2d00000| PB 0x00000000c2c00000| Untracked 
|  23|0x00000000c2d00000, 0x00000000c2e00000, 0x00000000c2e00000|100%| O|  |TAMS 0x00000000c2e00000| PB 0x00000000c2d00000| Untracked 
|  24|0x00000000c2e00000, 0x00000000c2f00000, 0x00000000c2f00000|100%| O|  |TAMS 0x00000000c2f00000| PB 0x00000000c2e00000| Updating 
|  25|0x00000000c2f00000, 0x00000000c3000000, 0x00000000c3000000|100%| O|  |TAMS 0x00000000c3000000| PB 0x00000000c2f00000| Untracked 
|  26|0x00000000c3000000, 0x00000000c3100000, 0x00000000c3100000|100%| O|  |TAMS 0x00000000c3100000| PB 0x00000000c3000000| Updating 
|  27|0x00000000c3100000, 0x00000000c3200000, 0x00000000c3200000|100%| O|  |TAMS 0x00000000c3200000| PB 0x00000000c3100000| Untracked 
|  28|0x00000000c3200000, 0x00000000c3300000, 0x00000000c3300000|100%| O|  |TAMS 0x00000000c3300000| PB 0x00000000c3200000| Untracked 
|  29|0x00000000c3300000, 0x00000000c3400000, 0x00000000c3400000|100%| O|  |TAMS 0x00000000c3300000| PB 0x00000000c3300000| Untracked 
|  30|0x00000000c3400000, 0x00000000c3500000, 0x00000000c3500000|100%| O|  |TAMS 0x00000000c3400000| PB 0x00000000c3400000| Untracked 
|  31|0x00000000c3500000, 0x00000000c3600000, 0x00000000c3600000|100%| O|  |TAMS 0x00000000c3500000| PB 0x00000000c3500000| Untracked 
|  32|0x00000000c3600000, 0x00000000c3700000, 0x00000000c3700000|100%| O|  |TAMS 0x00000000c3600000| PB 0x00000000c3600000| Untracked 
|  33|0x00000000c3700000, 0x00000000c3800000, 0x00000000c3800000|100%| O|  |TAMS 0x00000000c3700000| PB 0x00000000c3700000| Untracked 
|  34|0x00000000c3800000, 0x00000000c3900000, 0x00000000c3900000|100%| O|  |TAMS 0x00000000c3800000| PB 0x00000000c3800000| Untracked 
|  35|0x00000000c3900000, 0x00000000c3a00000, 0x00000000c3a00000|100%| O|  |TAMS 0x00000000c3900000| PB 0x00000000c3900000| Untracked 
|  36|0x00000000c3a00000, 0x00000000c3b00000, 0x00000000c3b00000|100%| O|  |TAMS 0x00000000c3a00000| PB 0x00000000c3a00000| Untracked 
|  37|0x00000000c3b00000, 0x00000000c3c00000, 0x00000000c3c00000|100%| O|  |TAMS 0x00000000c3b00000| PB 0x00000000c3b00000| Updating 
|  38|0x00000000c3c00000, 0x00000000c3d00000, 0x00000000c3d00000|100%| O|  |TAMS 0x00000000c3c00000| PB 0x00000000c3c00000| Untracked 
|  39|0x00000000c3d00000, 0x00000000c3d00000, 0x00000000c3e00000|  0%| F|  |TAMS 0x00000000c3d00000| PB 0x00000000c3d00000| Untracked 
|  40|0x00000000c3e00000, 0x00000000c3e00000, 0x00000000c3f00000|  0%| F|  |TAMS 0x00000000c3e00000| PB 0x00000000c3e00000| Untracked 
|  41|0x00000000c3f00000, 0x00000000c3f00000, 0x00000000c4000000|  0%| F|  |TAMS 0x00000000c3f00000| PB 0x00000000c3f00000| Untracked 
|  42|0x00000000c4000000, 0x00000000c4100000, 0x00000000c4100000|100%| O|  |TAMS 0x00000000c4000000| PB 0x00000000c4000000| Untracked 
|  43|0x00000000c4100000, 0x00000000c41e7860, 0x00000000c4200000| 90%| O|  |TAMS 0x00000000c4100000| PB 0x00000000c4100000| Untracked 
|  44|0x00000000c4200000, 0x00000000c4200000, 0x00000000c4300000|  0%| F|  |TAMS 0x00000000c4200000| PB 0x00000000c4200000| Untracked 
|  45|0x00000000c4300000, 0x00000000c4300000, 0x00000000c4400000|  0%| F|  |TAMS 0x00000000c4300000| PB 0x00000000c4300000| Untracked 
|  46|0x00000000c4400000, 0x00000000c4400000, 0x00000000c4500000|  0%| F|  |TAMS 0x00000000c4400000| PB 0x00000000c4400000| Untracked 
|  47|0x00000000c4500000, 0x00000000c4500000, 0x00000000c4600000|  0%| F|  |TAMS 0x00000000c4500000| PB 0x00000000c4500000| Untracked 
|  48|0x00000000c4600000, 0x00000000c4600000, 0x00000000c4700000|  0%| F|  |TAMS 0x00000000c4600000| PB 0x00000000c4600000| Untracked 
|  49|0x00000000c4700000, 0x00000000c4700000, 0x00000000c4800000|  0%| F|  |TAMS 0x00000000c4700000| PB 0x00000000c4700000| Untracked 
|  50|0x00000000c4800000, 0x00000000c4800000, 0x00000000c4900000|  0%| F|  |TAMS 0x00000000c4800000| PB 0x00000000c4800000| Untracked 
|  51|0x00000000c4900000, 0x00000000c4900000, 0x00000000c4a00000|  0%| F|  |TAMS 0x00000000c4900000| PB 0x00000000c4900000| Untracked 
|  52|0x00000000c4a00000, 0x00000000c4a00000, 0x00000000c4b00000|  0%| F|  |TAMS 0x00000000c4a00000| PB 0x00000000c4a00000| Untracked 
|  53|0x00000000c4b00000, 0x00000000c4b00000, 0x00000000c4c00000|  0%| F|  |TAMS 0x00000000c4b00000| PB 0x00000000c4b00000| Untracked 
|  54|0x00000000c4c00000, 0x00000000c4c00000, 0x00000000c4d00000|  0%| F|  |TAMS 0x00000000c4c00000| PB 0x00000000c4c00000| Untracked 
|  55|0x00000000c4d00000, 0x00000000c4d00000, 0x00000000c4e00000|  0%| F|  |TAMS 0x00000000c4d00000| PB 0x00000000c4d00000| Untracked 
|  56|0x00000000c4e00000, 0x00000000c4e00000, 0x00000000c4f00000|  0%| F|  |TAMS 0x00000000c4e00000| PB 0x00000000c4e00000| Untracked 
|  57|0x00000000c4f00000, 0x00000000c4f00000, 0x00000000c5000000|  0%| F|  |TAMS 0x00000000c4f00000| PB 0x00000000c4f00000| Untracked 
|  58|0x00000000c5000000, 0x00000000c5000000, 0x00000000c5100000|  0%| F|  |TAMS 0x00000000c5000000| PB 0x00000000c5000000| Untracked 
|  59|0x00000000c5100000, 0x00000000c5100000, 0x00000000c5200000|  0%| F|  |TAMS 0x00000000c5100000| PB 0x00000000c5100000| Untracked 
|  60|0x00000000c5200000, 0x00000000c5200000, 0x00000000c5300000|  0%| F|  |TAMS 0x00000000c5200000| PB 0x00000000c5200000| Untracked 
|  61|0x00000000c5300000, 0x00000000c5300000, 0x00000000c5400000|  0%| F|  |TAMS 0x00000000c5300000| PB 0x00000000c5300000| Untracked 
|  62|0x00000000c5400000, 0x00000000c5400000, 0x00000000c5500000|  0%| F|  |TAMS 0x00000000c5400000| PB 0x00000000c5400000| Untracked 
|  63|0x00000000c5500000, 0x00000000c5500000, 0x00000000c5600000|  0%| F|  |TAMS 0x00000000c5500000| PB 0x00000000c5500000| Untracked 
|  64|0x00000000c5600000, 0x00000000c5600000, 0x00000000c5700000|  0%| F|  |TAMS 0x00000000c5600000| PB 0x00000000c5600000| Untracked 
|  65|0x00000000c5700000, 0x00000000c5700000, 0x00000000c5800000|  0%| F|  |TAMS 0x00000000c5700000| PB 0x00000000c5700000| Untracked 
|  66|0x00000000c5800000, 0x00000000c5800000, 0x00000000c5900000|  0%| F|  |TAMS 0x00000000c5800000| PB 0x00000000c5800000| Untracked 
|  67|0x00000000c5900000, 0x00000000c5900000, 0x00000000c5a00000|  0%| F|  |TAMS 0x00000000c5900000| PB 0x00000000c5900000| Untracked 
|  68|0x00000000c5a00000, 0x00000000c5a00000, 0x00000000c5b00000|  0%| F|  |TAMS 0x00000000c5a00000| PB 0x00000000c5a00000| Untracked 
|  69|0x00000000c5b00000, 0x00000000c5b00000, 0x00000000c5c00000|  0%| F|  |TAMS 0x00000000c5b00000| PB 0x00000000c5b00000| Untracked 
|  70|0x00000000c5c00000, 0x00000000c5c00000, 0x00000000c5d00000|  0%| F|  |TAMS 0x00000000c5c00000| PB 0x00000000c5c00000| Untracked 
|  71|0x00000000c5d00000, 0x00000000c5d00000, 0x00000000c5e00000|  0%| F|  |TAMS 0x00000000c5d00000| PB 0x00000000c5d00000| Untracked 
|  72|0x00000000c5e00000, 0x00000000c5e00000, 0x00000000c5f00000|  0%| F|  |TAMS 0x00000000c5e00000| PB 0x00000000c5e00000| Untracked 
|  73|0x00000000c5f00000, 0x00000000c5f00000, 0x00000000c6000000|  0%| F|  |TAMS 0x00000000c5f00000| PB 0x00000000c5f00000| Untracked 
|  74|0x00000000c6000000, 0x00000000c6100000, 0x00000000c6100000|100%| S|CS|TAMS 0x00000000c6000000| PB 0x00000000c6000000| Complete 
|  75|0x00000000c6100000, 0x00000000c6200000, 0x00000000c6200000|100%| S|CS|TAMS 0x00000000c6100000| PB 0x00000000c6100000| Complete 
|  76|0x00000000c6200000, 0x00000000c6200000, 0x00000000c6300000|  0%| F|  |TAMS 0x00000000c6200000| PB 0x00000000c6200000| Untracked 
|  77|0x00000000c6300000, 0x00000000c6300000, 0x00000000c6400000|  0%| F|  |TAMS 0x00000000c6300000| PB 0x00000000c6300000| Untracked 
|  78|0x00000000c6400000, 0x00000000c6400000, 0x00000000c6500000|  0%| F|  |TAMS 0x00000000c6400000| PB 0x00000000c6400000| Untracked 
|  79|0x00000000c6500000, 0x00000000c6500000, 0x00000000c6600000|  0%| F|  |TAMS 0x00000000c6500000| PB 0x00000000c6500000| Untracked 
|  80|0x00000000c6600000, 0x00000000c6600000, 0x00000000c6700000|  0%| F|  |TAMS 0x00000000c6600000| PB 0x00000000c6600000| Untracked 
| 999|0x00000000ffd00000, 0x00000000ffe00000, 0x00000000ffe00000|100%| O|  |TAMS 0x00000000ffd228f0| PB 0x00000000ffd228f0| Untracked 
|1000|0x00000000ffe00000, 0x00000000fff00000, 0x00000000fff00000|100%| O|  |TAMS 0x00000000fff00000| PB 0x00000000fff00000| Updating 
|1001|0x00000000fff00000, 0x0000000100000000, 0x0000000100000000|100%| O|  |TAMS 0x0000000100000000| PB 0x0000000100000000| Untracked 

Card table byte_map: [0x0000025b2c460000,0x0000025b2c660000] _byte_map_base: 0x0000025b2be55000

Marking Bits: (CMBitMap*) 0x0000025b23b3b230
 Bits: [0x0000025b2c660000, 0x0000025b2d608000)

Polling page: 0x0000025b239a0000

Metaspace:

Usage:
  Non-class:     61.43 MB used.
      Class:      9.50 MB used.
       Both:     70.93 MB used.

Virtual space:
  Non-class space:       64.00 MB reserved,      61.81 MB ( 97%) committed,  1 nodes.
      Class space:        1.00 GB reserved,       9.81 MB ( <1%) committed,  1 nodes.
             Both:        1.06 GB reserved,      71.62 MB (  7%) committed. 

Chunk freelists:
   Non-Class:  1.96 MB
       Class:  6.01 MB
        Both:  7.97 MB

MaxMetaspaceSize: unlimited
CompressedClassSpaceSize: 1.00 GB
Initial GC threshold: 21.00 MB
Current GC threshold: 119.38 MB
CDS: off
 - commit_granule_bytes: 65536.
 - commit_granule_words: 8192.
 - virtual_space_node_default_size: 8388608.
 - enlarge_chunks_in_place: 1.
 - use_allocation_guard: 0.


Internal statistics:

num_allocs_failed_limit: 9.
num_arena_births: 1044.
num_arena_deaths: 0.
num_vsnodes_births: 2.
num_vsnodes_deaths: 0.
num_space_committed: 1146.
num_space_uncommitted: 0.
num_chunks_returned_to_freelist: 9.
num_chunks_taken_from_freelist: 3353.
num_chunk_merges: 6.
num_chunk_splits: 2380.
num_chunks_enlarged: 1809.
num_inconsistent_stats: 0.

CodeCache: size=49152Kb used=11316Kb max_used=11339Kb free=37835Kb
 bounds [0x0000025b28e20000, 0x0000025b29940000, 0x0000025b2be20000]
 total_blobs=6277 nmethods=5589 adapters=609
 compilation: enabled
              stopped_count=0, restarted_count=0
 full_count=0

Compilation events (20 events):
Event: 13.887 Thread 0x0000025b2fc67320 5673       1       nonapi.io.github.classgraph.concurrency.InterruptionChecker::checkAndReturn (37 bytes)
Event: 13.888 Thread 0x0000025b2fc67320 nmethod 5673 0x0000025b29932190 code [0x0000025b29932340, 0x0000025b29932508]
Event: 13.889 Thread 0x0000025b2fc67320 5674       1       nonapi.io.github.classgraph.concurrency.InterruptionChecker::check (27 bytes)
Event: 13.889 Thread 0x0000025b2fc67320 nmethod 5674 0x0000025b29932690 code [0x0000025b29932840, 0x0000025b29932a10]
Event: 13.890 Thread 0x0000025b2fc67320 5675       1       nonapi.io.github.classgraph.concurrency.InterruptionChecker::getExecutionException (11 bytes)
Event: 13.890 Thread 0x0000025b2fc67320 nmethod 5675 0x0000025b29932b90 code [0x0000025b29932d20, 0x0000025b29932e20]
Event: 13.920 Thread 0x0000025b23ba7360 5676  s    1       java.io.FileDescriptor::attach (73 bytes)
Event: 13.921 Thread 0x0000025b23ba7360 nmethod 5676 0x0000025b29660010 code [0x0000025b29660200, 0x0000025b29660738]
Event: 13.927 Thread 0x0000025b34104d70 5677       1       java.io.File::getCanonicalPath (31 bytes)
Event: 13.928 Thread 0x0000025b2fc67320 5678   !   1       java.io.WinNTFileSystem::canonicalize (199 bytes)
Event: 13.928 Thread 0x0000025b34104d70 nmethod 5677 0x0000025b29513090 code [0x0000025b29513260, 0x0000025b29513448]
Event: 13.931 Thread 0x0000025b2fc67320 nmethod 5678 0x0000025b295c2490 code [0x0000025b295c2780, 0x0000025b295c34b0]
Event: 13.938 Thread 0x0000025b2fc67320 5680       1       java.util.ComparableTimSort::gallopRight (327 bytes)
Event: 13.939 Thread 0x0000025b2fc67320 nmethod 5680 0x0000025b295c1a10 code [0x0000025b295c1c00, 0x0000025b295c2028]
Event: 13.940 Thread 0x0000025b2fc67320 5681       1       java.util.ComparableTimSort::gallopLeft (327 bytes)
Event: 13.941 Thread 0x0000025b2fc67320 nmethod 5681 0x0000025b29598510 code [0x0000025b29598700, 0x0000025b29598b00]
Event: 13.956 Thread 0x0000025b23ba7360 5682       1       nonapi.io.github.classgraph.concurrency.WorkQueue::addWorkUnit (41 bytes)
Event: 13.956 Thread 0x0000025b2fc67320 5683       1       jdk.internal.misc.Unsafe::putReferenceOpaque (9 bytes)
Event: 13.957 Thread 0x0000025b2fc67320 nmethod 5683 0x0000025b2965fb90 code [0x0000025b2965fd20, 0x0000025b2965fe38]
Event: 13.957 Thread 0x0000025b23ba7360 nmethod 5682 0x0000025b29597f10 code [0x0000025b295980e0, 0x0000025b29598340]

GC Heap History (20 events):
Event: 9.562 GC heap after
{Heap after GC invocations=16 (full 0):
 garbage-first heap   total 46080K, used 23486K [0x00000000c1600000, 0x0000000100000000)
  region size 1024K, 3 young (3072K), 3 survivors (3072K)
 Metaspace       used 56267K, committed 56832K, reserved 1114112K
  class space    used 7181K, committed 7424K, reserved 1048576K
}
Event: 10.203 GC heap before
{Heap before GC invocations=16 (full 0):
 garbage-first heap   total 46080K, used 30654K [0x00000000c1600000, 0x0000000100000000)
  region size 1024K, 12 young (12288K), 3 survivors (3072K)
 Metaspace       used 59718K, committed 60288K, reserved 1114112K
  class space    used 7734K, committed 8000K, reserved 1048576K
}
Event: 10.213 GC heap after
{Heap after GC invocations=17 (full 0):
 garbage-first heap   total 46080K, used 23770K [0x00000000c1600000, 0x0000000100000000)
  region size 1024K, 2 young (2048K), 2 survivors (2048K)
 Metaspace       used 59718K, committed 60288K, reserved 1114112K
  class space    used 7734K, committed 8000K, reserved 1048576K
}
Event: 11.499 GC heap before
{Heap before GC invocations=18 (full 0):
 garbage-first heap   total 46080K, used 39130K [0x00000000c1600000, 0x0000000100000000)
  region size 1024K, 18 young (18432K), 2 survivors (2048K)
 Metaspace       used 63327K, committed 63936K, reserved 1114112K
  class space    used 8415K, committed 8704K, reserved 1048576K
}
Event: 11.503 GC heap after
{Heap after GC invocations=19 (full 0):
 garbage-first heap   total 46080K, used 24447K [0x00000000c1600000, 0x0000000100000000)
  region size 1024K, 3 young (3072K), 3 survivors (3072K)
 Metaspace       used 63327K, committed 63936K, reserved 1114112K
  class space    used 8415K, committed 8704K, reserved 1048576K
}
Event: 12.057 GC heap before
{Heap before GC invocations=19 (full 0):
 garbage-first heap   total 46080K, used 37759K [0x00000000c1600000, 0x0000000100000000)
  region size 1024K, 17 young (17408K), 3 survivors (3072K)
 Metaspace       used 66153K, committed 66816K, reserved 1114112K
  class space    used 8822K, committed 9088K, reserved 1048576K
}
Event: 12.065 GC heap after
{Heap after GC invocations=20 (full 0):
 garbage-first heap   total 46080K, used 25754K [0x00000000c1600000, 0x0000000100000000)
  region size 1024K, 3 young (3072K), 3 survivors (3072K)
 Metaspace       used 66153K, committed 66816K, reserved 1114112K
  class space    used 8822K, committed 9088K, reserved 1048576K
}
Event: 12.497 GC heap before
{Heap before GC invocations=20 (full 0):
 garbage-first heap   total 46080K, used 39066K [0x00000000c1600000, 0x0000000100000000)
  region size 1024K, 16 young (16384K), 3 survivors (3072K)
 Metaspace       used 69184K, committed 69952K, reserved 1114112K
  class space    used 9251K, committed 9600K, reserved 1048576K
}
Event: 12.504 GC heap after
{Heap after GC invocations=21 (full 0):
 garbage-first heap   total 46080K, used 26959K [0x00000000c1600000, 0x0000000100000000)
  region size 1024K, 2 young (2048K), 2 survivors (2048K)
 Metaspace       used 69184K, committed 69952K, reserved 1114112K
  class space    used 9251K, committed 9600K, reserved 1048576K
}
Event: 12.849 GC heap before
{Heap before GC invocations=22 (full 0):
 garbage-first heap   total 51200K, used 40271K [0x00000000c1600000, 0x0000000100000000)
  region size 1024K, 15 young (15360K), 2 survivors (2048K)
 Metaspace       used 70352K, committed 71104K, reserved 1114112K
  class space    used 9438K, committed 9792K, reserved 1048576K
}
Event: 12.859 GC heap after
{Heap after GC invocations=23 (full 0):
 garbage-first heap   total 51200K, used 28166K [0x00000000c1600000, 0x0000000100000000)
  region size 1024K, 2 young (2048K), 2 survivors (2048K)
 Metaspace       used 70352K, committed 71104K, reserved 1114112K
  class space    used 9438K, committed 9792K, reserved 1048576K
}
Event: 13.389 GC heap before
{Heap before GC invocations=23 (full 0):
 garbage-first heap   total 51200K, used 44550K [0x00000000c1600000, 0x0000000100000000)
  region size 1024K, 18 young (18432K), 2 survivors (2048K)
 Metaspace       used 72384K, committed 73152K, reserved 1114112K
  class space    used 9700K, committed 10048K, reserved 1048576K
}
Event: 13.398 GC heap after
{Heap after GC invocations=24 (full 0):
 garbage-first heap   total 61440K, used 29843K [0x00000000c1600000, 0x0000000100000000)
  region size 1024K, 3 young (3072K), 3 survivors (3072K)
 Metaspace       used 72384K, committed 73152K, reserved 1114112K
  class space    used 9700K, committed 10048K, reserved 1048576K
}
Event: 13.558 GC heap before
{Heap before GC invocations=24 (full 0):
 garbage-first heap   total 61440K, used 54419K [0x00000000c1600000, 0x0000000100000000)
  region size 1024K, 27 young (27648K), 3 survivors (3072K)
 Metaspace       used 72528K, committed 73280K, reserved 1114112K
  class space    used 9713K, committed 10048K, reserved 1048576K
}
Event: 13.574 GC heap after
{Heap after GC invocations=25 (full 0):
 garbage-first heap   total 64512K, used 34930K [0x00000000c1600000, 0x0000000100000000)
  region size 1024K, 4 young (4096K), 4 survivors (4096K)
 Metaspace       used 72528K, committed 73280K, reserved 1114112K
  class space    used 9713K, committed 10048K, reserved 1048576K
}
Event: 13.746 GC heap before
{Heap before GC invocations=25 (full 0):
 garbage-first heap   total 64512K, used 48242K [0x00000000c1600000, 0x0000000100000000)
  region size 1024K, 18 young (18432K), 4 survivors (4096K)
 Metaspace       used 72627K, committed 73344K, reserved 1114112K
  class space    used 9728K, committed 10048K, reserved 1048576K
}
Event: 13.760 GC heap after
{Heap after GC invocations=26 (full 0):
 garbage-first heap   total 64512K, used 39912K [0x00000000c1600000, 0x0000000100000000)
  region size 1024K, 3 young (3072K), 3 survivors (3072K)
 Metaspace       used 72627K, committed 73344K, reserved 1114112K
  class space    used 9728K, committed 10048K, reserved 1048576K
}
Event: 13.858 GC heap before
{Heap before GC invocations=26 (full 0):
 garbage-first heap   total 64512K, used 55272K [0x00000000c1600000, 0x0000000100000000)
  region size 1024K, 18 young (18432K), 3 survivors (3072K)
 Metaspace       used 72627K, committed 73344K, reserved 1114112K
  class space    used 9728K, committed 10048K, reserved 1048576K
}
Event: 13.866 GC heap after
{Heap after GC invocations=27 (full 0):
 garbage-first heap   total 64512K, used 43716K [0x00000000c1600000, 0x0000000100000000)
  region size 1024K, 3 young (3072K), 3 survivors (3072K)
 Metaspace       used 72627K, committed 73344K, reserved 1114112K
  class space    used 9728K, committed 10048K, reserved 1048576K
}
Event: 13.960 GC heap before
{Heap before GC invocations=27 (full 0):
 garbage-first heap   total 86016K, used 54980K [0x00000000c1600000, 0x0000000100000000)
  region size 1024K, 15 young (15360K), 3 survivors (3072K)
 Metaspace       used 72627K, committed 73344K, reserved 1114112K
  class space    used 9728K, committed 10048K, reserved 1048576K
}

Dll operation events (11 events):
Event: 0.056 Loaded shared library D:\gokul\bot\boot\sts-4.24.0.RELEASE\plugins\org.eclipse.justj.openjdk.hotspot.jre.full.win32.x86_64_21.0.3.v20240426-1530\jre\bin\java.dll
Event: 0.094 Loaded shared library D:\gokul\bot\boot\sts-4.24.0.RELEASE\plugins\org.eclipse.justj.openjdk.hotspot.jre.full.win32.x86_64_21.0.3.v20240426-1530\jre\bin\zip.dll
Event: 0.664 Loaded shared library D:\gokul\bot\boot\sts-4.24.0.RELEASE\plugins\org.eclipse.justj.openjdk.hotspot.jre.full.win32.x86_64_21.0.3.v20240426-1530\jre\bin\jimage.dll
Event: 0.684 Loaded shared library D:\gokul\bot\boot\sts-4.24.0.RELEASE\plugins\org.eclipse.justj.openjdk.hotspot.jre.full.win32.x86_64_21.0.3.v20240426-1530\jre\bin\net.dll
Event: 0.687 Loaded shared library D:\gokul\bot\boot\sts-4.24.0.RELEASE\plugins\org.eclipse.justj.openjdk.hotspot.jre.full.win32.x86_64_21.0.3.v20240426-1530\jre\bin\nio.dll
Event: 0.697 Loaded shared library D:\gokul\bot\boot\sts-4.24.0.RELEASE\plugins\org.eclipse.justj.openjdk.hotspot.jre.full.win32.x86_64_21.0.3.v20240426-1530\jre\bin\zip.dll
Event: 0.793 Loaded shared library D:\gokul\bot\boot\sts-4.24.0.RELEASE\plugins\org.eclipse.justj.openjdk.hotspot.jre.full.win32.x86_64_21.0.3.v20240426-1530\jre\bin\management.dll
Event: 0.815 Loaded shared library D:\gokul\bot\boot\sts-4.24.0.RELEASE\plugins\org.eclipse.justj.openjdk.hotspot.jre.full.win32.x86_64_21.0.3.v20240426-1530\jre\bin\management_ext.dll
Event: 1.340 Loaded shared library D:\gokul\bot\boot\sts-4.24.0.RELEASE\plugins\org.eclipse.justj.openjdk.hotspot.jre.full.win32.x86_64_21.0.3.v20240426-1530\jre\bin\extnet.dll
Event: 3.432 Loaded shared library D:\gokul\bot\boot\sts-4.24.0.RELEASE\plugins\org.eclipse.justj.openjdk.hotspot.jre.full.win32.x86_64_21.0.3.v20240426-1530\jre\bin\sunmscapi.dll
Event: 7.185 Loaded shared library D:\gokul\bot\boot\sts-4.24.0.RELEASE\plugins\org.eclipse.justj.openjdk.hotspot.jre.full.win32.x86_64_21.0.3.v20240426-1530\jre\bin\verify.dll

Deoptimization events (6 events):
Event: 5.505 Thread 0x0000025b35166650 DEOPT PACKING pc=0x0000025b2958cef4 sp=0x000000ae50afcfa0
Event: 5.505 Thread 0x0000025b35166650 DEOPT UNPACKING pc=0x0000025b28e74e42 sp=0x000000ae50afc458 mode 0
Event: 12.184 Thread 0x0000025b35166650 DEOPT PACKING pc=0x0000025b2940380c sp=0x000000ae50afcf10
Event: 12.184 Thread 0x0000025b35166650 DEOPT UNPACKING pc=0x0000025b28e74e42 sp=0x000000ae50afc468 mode 0
Event: 12.469 Thread 0x0000025b35166650 DEOPT PACKING pc=0x0000025b29432371 sp=0x000000ae50afd1c0
Event: 12.469 Thread 0x0000025b35166650 DEOPT UNPACKING pc=0x0000025b28e74e42 sp=0x000000ae50afc6c8 mode 3

Classes loaded (20 events):
Event: 13.296 Loading class java/lang/LayerInstantiationException
Event: 13.296 Loading class java/lang/LayerInstantiationException done
Event: 13.296 Loading class jdk/internal/loader/Loader
Event: 13.298 Loading class jdk/internal/loader/Loader done
Event: 13.316 Loading class java/io/IOError
Event: 13.316 Loading class java/io/IOError done
Event: 13.353 Loading class java/util/regex/Pattern$BackRef
Event: 13.354 Loading class java/util/regex/Pattern$BackRef done
Event: 13.383 Loading class sun/nio/fs/WindowsLinkSupport
Event: 13.384 Loading class sun/nio/fs/WindowsLinkSupport done
Event: 13.423 Loading class java/nio/channels/spi/AbstractInterruptibleChannel$1
Event: 13.423 Loading class sun/nio/ch/Interruptible
Event: 13.423 Loading class sun/nio/ch/Interruptible done
Event: 13.423 Loading class java/nio/channels/spi/AbstractInterruptibleChannel$1 done
Event: 13.424 Loading class java/nio/ReadOnlyBufferException
Event: 13.425 Loading class java/nio/ReadOnlyBufferException done
Event: 13.430 Loading class java/util/zip/DataFormatException
Event: 13.430 Loading class java/util/zip/DataFormatException done
Event: 13.689 Loading class java/io/RandomAccessFile$1
Event: 13.689 Loading class java/io/RandomAccessFile$1 done

Classes unloaded (0 events):
No events

Classes redefined (0 events):
No events

Internal exceptions (20 events):
Event: 13.733 Thread 0x0000025b36c97650 Exception <a 'sun/nio/fs/WindowsException'{0x00000000c46fab60}> (0x00000000c46fab60) 
thrown [s\src\hotspot\share\prims\jni.cpp, line 520]
Event: 13.733 Thread 0x0000025b36c97650 Exception <a 'sun/nio/fs/WindowsException'{0x00000000c46fae60}> (0x00000000c46fae60) 
thrown [s\src\hotspot\share\prims\jni.cpp, line 520]
Event: 13.733 Thread 0x0000025b36c97650 Exception <a 'sun/nio/fs/WindowsException'{0x00000000c46fb7e8}> (0x00000000c46fb7e8) 
thrown [s\src\hotspot\share\prims\jni.cpp, line 520]
Event: 13.733 Thread 0x0000025b36c97650 Exception <a 'sun/nio/fs/WindowsException'{0x00000000c46fbb28}> (0x00000000c46fbb28) 
thrown [s\src\hotspot\share\prims\jni.cpp, line 520]
Event: 13.734 Thread 0x0000025b36c97650 Exception <a 'sun/nio/fs/WindowsException'{0x00000000c46fc488}> (0x00000000c46fc488) 
thrown [s\src\hotspot\share\prims\jni.cpp, line 520]
Event: 13.734 Thread 0x0000025b36c97650 Exception <a 'sun/nio/fs/WindowsException'{0x00000000c46fc798}> (0x00000000c46fc798) 
thrown [s\src\hotspot\share\prims\jni.cpp, line 520]
Event: 13.734 Thread 0x0000025b36c97650 Exception <a 'sun/nio/fs/WindowsException'{0x00000000c46fd0d0}> (0x00000000c46fd0d0) 
thrown [s\src\hotspot\share\prims\jni.cpp, line 520]
Event: 13.734 Thread 0x0000025b36c97650 Exception <a 'sun/nio/fs/WindowsException'{0x00000000c46fd3a0}> (0x00000000c46fd3a0) 
thrown [s\src\hotspot\share\prims\jni.cpp, line 520]
Event: 13.735 Thread 0x0000025b36c97650 Exception <a 'sun/nio/fs/WindowsException'{0x00000000c46fdce8}> (0x00000000c46fdce8) 
thrown [s\src\hotspot\share\prims\jni.cpp, line 520]
Event: 13.735 Thread 0x0000025b36c97650 Exception <a 'sun/nio/fs/WindowsException'{0x00000000c46fdfd8}> (0x00000000c46fdfd8) 
thrown [s\src\hotspot\share\prims\jni.cpp, line 520]
Event: 13.735 Thread 0x0000025b36c97650 Exception <a 'sun/nio/fs/WindowsException'{0x00000000c46fe910}> (0x00000000c46fe910) 
thrown [s\src\hotspot\share\prims\jni.cpp, line 520]
Event: 13.736 Thread 0x0000025b36c97650 Exception <a 'sun/nio/fs/WindowsException'{0x00000000c46febf0}> (0x00000000c46febf0) 
thrown [s\src\hotspot\share\prims\jni.cpp, line 520]
Event: 13.736 Thread 0x0000025b36c97650 Exception <a 'sun/nio/fs/WindowsException'{0x00000000c46ff538}> (0x00000000c46ff538) 
thrown [s\src\hotspot\share\prims\jni.cpp, line 520]
Event: 13.736 Thread 0x0000025b36c97650 Exception <a 'sun/nio/fs/WindowsException'{0x00000000c46ff828}> (0x00000000c46ff828) 
thrown [s\src\hotspot\share\prims\jni.cpp, line 520]
Event: 13.737 Thread 0x0000025b36c97650 Exception <a 'sun/nio/fs/WindowsException'{0x00000000c45134d8}> (0x00000000c45134d8) 
thrown [s\src\hotspot\share\prims\jni.cpp, line 520]
Event: 13.738 Thread 0x0000025b36c97650 Exception <a 'sun/nio/fs/WindowsException'{0x00000000c45137e8}> (0x00000000c45137e8) 
thrown [s\src\hotspot\share\prims\jni.cpp, line 520]
Event: 13.738 Thread 0x0000025b36c97650 Exception <a 'sun/nio/fs/WindowsException'{0x00000000c4514160}> (0x00000000c4514160) 
thrown [s\src\hotspot\share\prims\jni.cpp, line 520]
Event: 13.738 Thread 0x0000025b36c97650 Exception <a 'sun/nio/fs/WindowsException'{0x00000000c4514488}> (0x00000000c4514488) 
thrown [s\src\hotspot\share\prims\jni.cpp, line 520]
Event: 13.738 Thread 0x0000025b36c97650 Exception <a 'sun/nio/fs/WindowsException'{0x00000000c4514df8}> (0x00000000c4514df8) 
thrown [s\src\hotspot\share\prims\jni.cpp, line 520]
Event: 13.739 Thread 0x0000025b36c97650 Exception <a 'sun/nio/fs/WindowsException'{0x00000000c4515118}> (0x00000000c4515118) 
thrown [s\src\hotspot\share\prims\jni.cpp, line 520]

ZGC Phase Switch (0 events):
No events

VM Operations (20 events):
Event: 12.859 Executing VM operation: G1CollectForAllocation (G1 Evacuation Pause) done
Event: 12.962 Executing VM operation: HandshakeAllThreads (Deoptimize)
Event: 12.962 Executing VM operation: HandshakeAllThreads (Deoptimize) done
Event: 13.017 Executing VM operation: HandshakeAllThreads (Deoptimize)
Event: 13.017 Executing VM operation: HandshakeAllThreads (Deoptimize) done
Event: 13.019 Executing VM operation: HandshakeAllThreads (Deoptimize)
Event: 13.019 Executing VM operation: HandshakeAllThreads (Deoptimize) done
Event: 13.389 Executing VM operation: G1CollectForAllocation (G1 Evacuation Pause)
Event: 13.398 Executing VM operation: G1CollectForAllocation (G1 Evacuation Pause) done
Event: 13.557 Executing VM operation: G1CollectForAllocation (G1 Evacuation Pause)
Event: 13.574 Executing VM operation: G1CollectForAllocation (G1 Evacuation Pause) done
Event: 13.672 Executing VM operation: HandshakeAllThreads (Deoptimize)
Event: 13.672 Executing VM operation: HandshakeAllThreads (Deoptimize) done
Event: 13.746 Executing VM operation: G1TryInitiateConcMark (G1 Humongous Allocation)
Event: 13.761 Executing VM operation: G1TryInitiateConcMark (G1 Humongous Allocation) done
Event: 13.858 Executing VM operation: G1CollectForAllocation (G1 Evacuation Pause)
Event: 13.868 Executing VM operation: G1CollectForAllocation (G1 Evacuation Pause) done
Event: 13.896 Executing VM operation: G1PauseRemark
Event: 13.901 Executing VM operation: G1PauseRemark done
Event: 13.960 Executing VM operation: G1CollectForAllocation (G1 Evacuation Pause)

Events (20 events):
Event: 13.728 Thread 0x0000025b36c9aad0 Thread added: 0x0000025b36c9aad0
Event: 13.729 Thread 0x0000025b36c99720 Thread added: 0x0000025b36c99720
Event: 13.729 Thread 0x0000025b36c97650 Thread added: 0x0000025b36c97650
Event: 13.729 Thread 0x0000025b36c962a0 Thread added: 0x0000025b36c962a0
Event: 13.729 Thread 0x0000025b36c96930 Thread added: 0x0000025b36c96930
Event: 13.729 Thread 0x0000025b36c97ce0 Thread added: 0x0000025b36c97ce0
Event: 13.729 Thread 0x0000025b36c98370 Thread added: 0x0000025b36c98370
Event: 13.729 Thread 0x0000025b36c9b160 Thread added: 0x0000025b36c9b160
Event: 13.900 Thread 0x0000025b2fbd5e00 flushing nmethod 0x0000025b2965fb90
Event: 13.900 Thread 0x0000025b2fbd5e00 flushing nmethod 0x0000025b295c1a10
Event: 13.900 Thread 0x0000025b2fbd5e00 flushing nmethod 0x0000025b295b3890
Event: 13.900 Thread 0x0000025b2fbd5e00 flushing nmethod 0x0000025b29597f10
Event: 13.900 Thread 0x0000025b2fbd5e00 flushing nmethod 0x0000025b29555010
Event: 13.900 Thread 0x0000025b2fbd5e00 flushing nmethod 0x0000025b29554c10
Event: 13.900 Thread 0x0000025b2fbd5e00 flushing nmethod 0x0000025b29513090
Event: 13.900 Thread 0x0000025b2fbd5e00 flushing nmethod 0x0000025b29430b10
Event: 13.900 Thread 0x0000025b2fbd5e00 flushing nmethod 0x0000025b29403190
Event: 13.900 Thread 0x0000025b2fbd5e00 flushing nmethod 0x0000025b292fab90
Event: 13.900 Thread 0x0000025b2fbd5e00 flushing nmethod 0x0000025b292f5c90
Event: 13.900 Thread 0x0000025b2fbd5e00 flushing nmethod 0x0000025b29109910


Dynamic libraries:
0x00007ff6810f0000 - 0x00007ff6810fe000 	D:\gokul\bot\boot\sts-4.24.0.RELEASE\plugins\org.eclipse.justj.openjdk.hotspot.jre.full.win32.x86_64_21.0.3.v20240426-1530\jre\bin\javaw.exe
0x00007ffd9d450000 - 0x00007ffd9d648000 	C:\WINDOWS\SYSTEM32\ntdll.dll
0x00007ffd9c410000 - 0x00007ffd9c4cd000 	C:\WINDOWS\System32\KERNEL32.DLL
0x00007ffd9ac80000 - 0x00007ffd9af4e000 	C:\WINDOWS\System32\KERNELBASE.dll
0x00007ffd9b040000 - 0x00007ffd9b140000 	C:\WINDOWS\System32\ucrtbase.dll
0x00007ffd92fb0000 - 0x00007ffd92fc8000 	D:\gokul\bot\boot\sts-4.24.0.RELEASE\plugins\org.eclipse.justj.openjdk.hotspot.jre.full.win32.x86_64_21.0.3.v20240426-1530\jre\bin\jli.dll
0x00007ffd92f00000 - 0x00007ffd92f1b000 	D:\gokul\bot\boot\sts-4.24.0.RELEASE\plugins\org.eclipse.justj.openjdk.hotspot.jre.full.win32.x86_64_21.0.3.v20240426-1530\jre\bin\VCRUNTIME140.dll
0x00007ffd9c1f0000 - 0x00007ffd9c390000 	C:\WINDOWS\System32\USER32.dll
0x00007ffd9ab40000 - 0x00007ffd9ab62000 	C:\WINDOWS\System32\win32u.dll
0x00007ffd9b770000 - 0x00007ffd9b79a000 	C:\WINDOWS\System32\GDI32.dll
0x00007ffd9ab70000 - 0x00007ffd9ac7b000 	C:\WINDOWS\System32\gdi32full.dll
0x00007ffd89840000 - 0x00007ffd89ada000 	C:\WINDOWS\WinSxS\amd64_microsoft.windows.common-controls_6595b64144ccf1df_6.0.19041.1110_none_60b5254171f9507e\COMCTL32.dll
0x00007ffd9b1d0000 - 0x00007ffd9b26d000 	C:\WINDOWS\System32\msvcp_win.dll
0x00007ffd9c890000 - 0x00007ffd9c92e000 	C:\WINDOWS\System32\msvcrt.dll
0x00007ffd9bdb0000 - 0x00007ffd9bde0000 	C:\WINDOWS\System32\IMM32.DLL
0x00007ffd8d3b0000 - 0x00007ffd8d3bc000 	D:\gokul\bot\boot\sts-4.24.0.RELEASE\plugins\org.eclipse.justj.openjdk.hotspot.jre.full.win32.x86_64_21.0.3.v20240426-1530\jre\bin\vcruntime140_1.dll
0x00007ffd64d90000 - 0x00007ffd64e1e000 	D:\gokul\bot\boot\sts-4.24.0.RELEASE\plugins\org.eclipse.justj.openjdk.hotspot.jre.full.win32.x86_64_21.0.3.v20240426-1530\jre\bin\msvcp140.dll
0x00007ffd5c190000 - 0x00007ffd5cf12000 	D:\gokul\bot\boot\sts-4.24.0.RELEASE\plugins\org.eclipse.justj.openjdk.hotspot.jre.full.win32.x86_64_21.0.3.v20240426-1530\jre\bin\server\jvm.dll
0x00007ffd9c7e0000 - 0x00007ffd9c88e000 	C:\WINDOWS\System32\ADVAPI32.dll
0x00007ffd9c020000 - 0x00007ffd9c0bc000 	C:\WINDOWS\System32\sechost.dll
0x00007ffd9c0c0000 - 0x00007ffd9c1e5000 	C:\WINDOWS\System32\RPCRT4.dll
0x00007ffd9c3a0000 - 0x00007ffd9c40b000 	C:\WINDOWS\System32\WS2_32.dll
0x00007ffd9a9b0000 - 0x00007ffd9a9fb000 	C:\WINDOWS\SYSTEM32\POWRPROF.dll
0x00007ffd88f80000 - 0x00007ffd88fa7000 	C:\WINDOWS\SYSTEM32\WINMM.dll
0x00007ffd948a0000 - 0x00007ffd948aa000 	C:\WINDOWS\SYSTEM32\VERSION.dll
0x00007ffd9a990000 - 0x00007ffd9a9a2000 	C:\WINDOWS\SYSTEM32\UMPDC.dll
0x00007ffd99420000 - 0x00007ffd99432000 	C:\WINDOWS\SYSTEM32\kernel.appcore.dll
0x00007ffd89ce0000 - 0x00007ffd89cea000 	D:\gokul\bot\boot\sts-4.24.0.RELEASE\plugins\org.eclipse.justj.openjdk.hotspot.jre.full.win32.x86_64_21.0.3.v20240426-1530\jre\bin\jimage.dll
0x00007ffd990f0000 - 0x00007ffd992d4000 	C:\WINDOWS\SYSTEM32\DBGHELP.DLL
0x00007ffd86040000 - 0x00007ffd8606c000 	C:\WINDOWS\SYSTEM32\dbgcore.DLL
0x00007ffd9b140000 - 0x00007ffd9b1c2000 	C:\WINDOWS\System32\bcryptPrimitives.dll
0x00007ffd89820000 - 0x00007ffd8983f000 	D:\gokul\bot\boot\sts-4.24.0.RELEASE\plugins\org.eclipse.justj.openjdk.hotspot.jre.full.win32.x86_64_21.0.3.v20240426-1530\jre\bin\java.dll
0x00007ffd89480000 - 0x00007ffd89498000 	D:\gokul\bot\boot\sts-4.24.0.RELEASE\plugins\org.eclipse.justj.openjdk.hotspot.jre.full.win32.x86_64_21.0.3.v20240426-1530\jre\bin\zip.dll
0x00007ffd9c930000 - 0x00007ffd9d074000 	C:\WINDOWS\System32\SHELL32.dll
0x00007ffd98880000 - 0x00007ffd99014000 	C:\WINDOWS\SYSTEM32\windows.storage.dll
0x00007ffd9d080000 - 0x00007ffd9d3d4000 	C:\WINDOWS\System32\combase.dll
0x00007ffd9a4d0000 - 0x00007ffd9a500000 	C:\WINDOWS\SYSTEM32\Wldp.dll
0x00007ffd9c600000 - 0x00007ffd9c6ad000 	C:\WINDOWS\System32\SHCORE.dll
0x00007ffd9b710000 - 0x00007ffd9b765000 	C:\WINDOWS\System32\shlwapi.dll
0x00007ffd9aa80000 - 0x00007ffd9aa9f000 	C:\WINDOWS\SYSTEM32\profapi.dll
0x00007ffd89810000 - 0x00007ffd89820000 	D:\gokul\bot\boot\sts-4.24.0.RELEASE\plugins\org.eclipse.justj.openjdk.hotspot.jre.full.win32.x86_64_21.0.3.v20240426-1530\jre\bin\net.dll
0x00007ffd89ba0000 - 0x00007ffd89caa000 	C:\WINDOWS\SYSTEM32\WINHTTP.dll
0x00007ffd9a230000 - 0x00007ffd9a29a000 	C:\WINDOWS\system32\mswsock.dll
0x00007ffd89400000 - 0x00007ffd89416000 	D:\gokul\bot\boot\sts-4.24.0.RELEASE\plugins\org.eclipse.justj.openjdk.hotspot.jre.full.win32.x86_64_21.0.3.v20240426-1530\jre\bin\nio.dll
0x00007ffd8d250000 - 0x00007ffd8d25a000 	D:\gokul\bot\boot\sts-4.24.0.RELEASE\plugins\org.eclipse.justj.openjdk.hotspot.jre.full.win32.x86_64_21.0.3.v20240426-1530\jre\bin\management.dll
0x00007ffd89470000 - 0x00007ffd8947b000 	D:\gokul\bot\boot\sts-4.24.0.RELEASE\plugins\org.eclipse.justj.openjdk.hotspot.jre.full.win32.x86_64_21.0.3.v20240426-1530\jre\bin\management_ext.dll
0x00007ffd9b560000 - 0x00007ffd9b568000 	C:\WINDOWS\System32\PSAPI.DLL
0x00007ffd856d0000 - 0x00007ffd856e7000 	C:\WINDOWS\system32\napinsp.dll
0x00007ffd856b0000 - 0x00007ffd856cb000 	C:\WINDOWS\system32\pnrpnsp.dll
0x00007ffd85690000 - 0x00007ffd856a5000 	C:\WINDOWS\system32\wshbth.dll
0x00007ffd961e0000 - 0x00007ffd961fd000 	C:\WINDOWS\system32\NLAapi.dll
0x00007ffd99f20000 - 0x00007ffd99f5b000 	C:\WINDOWS\SYSTEM32\IPHLPAPI.DLL
0x00007ffd99f60000 - 0x00007ffd9a02a000 	C:\WINDOWS\SYSTEM32\DNSAPI.dll
0x00007ffd9c390000 - 0x00007ffd9c398000 	C:\WINDOWS\System32\NSI.dll
0x00007ffd85670000 - 0x00007ffd85682000 	C:\WINDOWS\System32\winrnr.dll
0x00007ffd881c0000 - 0x00007ffd881ca000 	C:\Windows\System32\rasadhlp.dll
0x00007ffd88470000 - 0x00007ffd884f0000 	C:\WINDOWS\System32\fwpuclnt.dll
0x00007ffd9b010000 - 0x00007ffd9b037000 	C:\WINDOWS\System32\bcrypt.dll
0x00007ffd9a420000 - 0x00007ffd9a438000 	C:\WINDOWS\SYSTEM32\CRYPTSP.dll
0x00007ffd99bb0000 - 0x00007ffd99be4000 	C:\WINDOWS\system32\rsaenh.dll
0x00007ffd9aa40000 - 0x00007ffd9aa6e000 	C:\WINDOWS\SYSTEM32\USERENV.dll
0x00007ffd9a440000 - 0x00007ffd9a44c000 	C:\WINDOWS\SYSTEM32\CRYPTBASE.dll
0x00007ffd888c0000 - 0x00007ffd888c9000 	D:\gokul\bot\boot\sts-4.24.0.RELEASE\plugins\org.eclipse.justj.openjdk.hotspot.jre.full.win32.x86_64_21.0.3.v20240426-1530\jre\bin\extnet.dll
0x00007ffd93170000 - 0x00007ffd9317e000 	D:\gokul\bot\boot\sts-4.24.0.RELEASE\plugins\org.eclipse.justj.openjdk.hotspot.jre.full.win32.x86_64_21.0.3.v20240426-1530\jre\bin\sunmscapi.dll
0x00007ffd9b320000 - 0x00007ffd9b476000 	C:\WINDOWS\System32\CRYPT32.dll
0x00007ffd9a540000 - 0x00007ffd9a567000 	C:\WINDOWS\SYSTEM32\ncrypt.dll
0x00007ffd9a500000 - 0x00007ffd9a53b000 	C:\WINDOWS\SYSTEM32\NTASN1.dll
0x00007ffd93180000 - 0x00007ffd93190000 	D:\gokul\bot\boot\sts-4.24.0.RELEASE\plugins\org.eclipse.justj.openjdk.hotspot.jre.full.win32.x86_64_21.0.3.v20240426-1530\jre\bin\verify.dll

dbghelp: loaded successfully - version: 4.0.5 - missing functions: none
symbol engine: initialized successfully - sym options: 0x614 - pdb path: .;D:\gokul\bot\boot\sts-4.24.0.RELEASE\plugins\org.eclipse.justj.openjdk.hotspot.jre.full.win32.x86_64_21.0.3.v20240426-1530\jre\bin;C:\WINDOWS\SYSTEM32;C:\WINDOWS\WinSxS\amd64_microsoft.windows.common-controls_6595b64144ccf1df_6.0.19041.1110_none_60b5254171f9507e;D:\gokul\bot\boot\sts-4.24.0.RELEASE\plugins\org.eclipse.justj.openjdk.hotspot.jre.full.win32.x86_64_21.0.3.v20240426-1530\jre\bin\server

VM Arguments:
jvm_args: -Dcom.sun.management.jmxremote -Dcom.sun.management.jmxremote.port=65436 -Dcom.sun.management.jmxremote.authenticate=false -Dcom.sun.management.jmxremote.ssl=false -Djava.rmi.server.hostname=localhost -Dspring.jmx.enabled=true -Dmanagement.endpoints.jmx.exposure.include=* -Dspring.application.admin.enabled=true -XX:TieredStopAtLevel=1 -Dspring.boot.project.name=Students_project -Dfile.encoding=UTF-8 -Dstdout.encoding=UTF-8 -Dstderr.encoding=UTF-8 -XX:+ShowCodeDetailsInExceptionMessages 
java_command: com.student.StudentsProjectApplication --spring.output.ansi.enabled=always
java_class_path (initial): D:\gokul\bot\workspace_spring_boot\Students_project\target\classes;C:\Users\Welcome\.m2\repository\org\springframework\boot\spring-boot-starter-data-jpa\3.3.5\spring-boot-starter-data-jpa-3.3.5.jar;C:\Users\Welcome\.m2\repository\org\springframework\boot\spring-boot-starter-aop\3.3.5\spring-boot-starter-aop-3.3.5.jar;C:\Users\Welcome\.m2\repository\org\springframework\spring-aop\6.1.14\spring-aop-6.1.14.jar;C:\Users\Welcome\.m2\repository\org\aspectj\aspectjweaver\1.9.22.1\aspectjweaver-1.9.22.1.jar;C:\Users\Welcome\.m2\repository\org\springframework\boot\spring-boot-starter-jdbc\3.3.5\spring-boot-starter-jdbc-3.3.5.jar;C:\Users\Welcome\.m2\repository\com\zaxxer\HikariCP\5.1.0\HikariCP-5.1.0.jar;C:\Users\Welcome\.m2\repository\org\springframework\spring-jdbc\6.1.14\spring-jdbc-6.1.14.jar;C:\Users\Welcome\.m2\repository\org\hibernate\orm\hibernate-core\6.5.3.Final\hibernate-core-6.5.3.Final.jar;C:\Users\Welcome\.m2\repository\jakarta\persistence\jakarta.persistence-api\3.1.0\jakarta.persistence-api-3.1.0.jar;C:\Users\Welcome\.m2\repository\jakarta\transaction\jakarta.transaction-api\2.0.1\jakarta.transaction-api-2.0.1.jar;C:\Users\Welcome\.m2\repository\org\jboss\logging\jboss-logging\3.5.3.Final\jboss-logging-3.5.3.Final.jar;C:\Users\Welcome\.m2\repository\org\hibernate\common\hibernate-commons-annotations\6.0.6.Final\hibernate-commons-annotations-6.0.6.Final.jar;C:\Users\Welcome\.m2\repository\io\smallrye\jandex\3.1.2\jandex-3.1.2.jar;C:\Users\Welcome\.m2\repository\com\fasterxml\classmate\1.7.0\classmate-1.7.0.jar;C:\Users\Welcome\.m2\repository\net\bytebuddy\byte-buddy\1.14.19\byte-buddy-1.14.19.jar;C:\Users\Welcome\.m2\repository\org\glassfish\jaxb\jaxb-runtime\4.0.5\jaxb-runtime-4.0.5.jar;C:\Users\Welcome\.m2\repository\org\glassfish\jaxb\jaxb-core\4.0.5\jaxb-core-4.0.5.jar;C:\Users\Welcome\.m2\repository\org\eclipse\angus\angus-activation\2.0.2\angus-activation-2.0.2.jar;C:\Users\Welcome\.m2\repository\org\glassfish\jaxb\txw2\4.0.5\txw2-4.0.5.jar;C:\Users\Welcome\.m2\repository\com\sun\istack\istack-commons-runtime\4.1.2\istack-commons-runtime-4.1.2.jar;C:\Users\Welcome\.m2\repository\jakarta\inject\jakarta.inject-api\2.0.1\jakarta.inject-api-2.0.1.jar;C:\Users\Welcome\.m2\repository\org\antlr\antlr4-runtime\4.13.0\antlr4-runtime-4.13.0.jar;C:\Users\Welcome\.m2\repository\org\springframework\data\spring-data-jpa\3.3.5\spring-data-jpa-3.3.5.jar;C:\Users\Welcome\.m2\repository\org\springframework\data\spring-data-commons\3.3.5\spring-data-commons-3.3.5.jar;C:\Users\Welcome\.m2\repository\org\springframework\spring-orm\6.1.14\spring-orm-6.1.14.jar;C:\Users\Welcome\.m2\repository\org\springframework\spring-context\6.1.14\spring-context-6.1.14.jar;C:\Users\Welcome\.m2\repository\org\springframework\spring-tx\6.1.14\spring-tx-6.1.14.jar;C:\Users\Welcome\.m2\repository\org\springframework\spring-beans\6.1.14\spring-beans-6.1.14.jar;C:\Users\Welcome\.m2\repository\jakarta\annotation\jakarta.annotation-api\2.1.1\jakarta.annotation-api-2.1.1.jar;C:\Users\Welcome\.m2\repository\org\slf4j\slf4j-api\2.0.16\slf4j-api-2.0.16.jar;C:\Users\Welcome\.m2\repository\org\springframework\spring-aspects\6.1.14\spring-aspects-6.1.14.jar;C:\Users\Welcome\.m2\repository\org\springframework\boot\spring-boot-starter-web\3.3.5\spring-boot-starter-web-3.3.5.jar;C:\Users\Welcome\.m2\repository\org\springframework\boot\spring-boot-starter\3.3.5\spring-boot-starter-3.3.5.jar;C:\Users\Welcome\.m2\repository\org\springframework\boot\spring-boot-starter-logging\3.3.5\spring-boot-starter-logging-3.3.5.jar;C:\Users\Welcome\.m2\repository\ch\qos\logback\logback-classic\1.5.11\logback-classic-1.5.11.jar;C:\Users\Welcome\.m2\repository\ch\qos\logback\logback-core\1.5.11\logback-core-1.5.11.jar;C:\Users\Welcome\.m2\repository\org\apache\logging\log4j\log4j-to-slf4j\2.23.1\log4j-to-slf4j-2.23.1.jar;C:\Users\Welcome\.m2\repository\org\apache\logging\log4j\log4j-api\2.23.1\log4j-api-2.23.1.jar;C:\Users\Welcome\.m2\repository\org\slf4j\jul-to-slf4j\2.0.16\jul-to-slf4j-2.0.16.jar;C:\Users\Welcome\.m2\repository\org\yaml\snakeyaml\2.2\snakeyaml-2.2.jar;C:\Users\Welcome\.m2\repository\org\springframework\boot\spring-boot-starter-json\3.3.5\spring-boot-starter-json-3.3.5.jar;C:\Users\Welcome\.m2\repository\com\fasterxml\jackson\core\jackson-databind\2.17.2\jackson-databind-2.17.2.jar;C:\Users\Welcome\.m2\repository\com\fasterxml\jackson\core\jackson-annotations\2.17.2\jackson-annotations-2.17.2.jar;C:\Users\Welcome\.m2\repository\com\fasterxml\jackson\core\jackson-core\2.17.2\jackson-core-2.17.2.jar;C:\Users\Welcome\.m2\repository\com\fasterxml\jackson\datatype\jackson-datatype-jdk8\2.17.2\jackson-datatype-jdk8-2.17.2.jar;C:\Users\Welcome\.m2\repository\com\fasterxml\jackson\datatype\jackson-datatype-jsr310\2.17.2\jackson-datatype-jsr310-2.17.2.jar;C:\Users\Welcome\.m2\repository\com\fasterxml\jackson\module\jackson-module-parameter-names\2.17.2\jackson-module-parameter-names-2.17.2.jar;C:\Users\Welcome\.m2\repository\org\springframework\boot\spring-boot-starter-tomcat\3.3.5\spring-boot-starter-tomcat-3.3.5.jar;C:\Users\Welcome\.m2\repository\org\apache\tomcat\embed\tomcat-embed-core\10.1.31\tomcat-embed-core-10.1.31.jar;C:\Users\Welcome\.m2\repository\org\apache\tomcat\embed\tomcat-embed-el\10.1.31\tomcat-embed-el-10.1.31.jar;C:\Users\Welcome\.m2\repository\org\apache\tomcat\embed\tomcat-embed-websocket\10.1.31\tomcat-embed-websocket-10.1.31.jar;C:\Users\Welcome\.m2\repository\org\springframework\spring-web\6.1.14\spring-web-6.1.14.jar;C:\Users\Welcome\.m2\repository\io\micrometer\micrometer-observation\1.13.6\micrometer-observation-1.13.6.jar;C:\Users\Welcome\.m2\repository\io\micrometer\micrometer-commons\1.13.6\micrometer-commons-1.13.6.jar;C:\Users\Welcome\.m2\repository\org\springframework\spring-webmvc\6.1.14\spring-webmvc-6.1.14.jar;C:\Users\Welcome\.m2\repository\org\springframework\spring-expression\6.1.14\spring-expression-6.1.14.jar;C:\Users\Welcome\.m2\repository\org\springframework\boot\spring-boot-devtools\3.3.5\spring-boot-devtools-3.3.5.jar;C:\Users\Welcome\.m2\repository\org\springframework\boot\spring-boot\3.3.5\spring-boot-3.3.5.jar;C:\Users\Welcome\.m2\repository\org\springframework\boot\spring-boot-autoconfigure\3.3.5\spring-boot-autoconfigure-3.3.5.jar;C:\Users\Welcome\.m2\repository\org\postgresql\postgresql\42.7.4\postgresql-42.7.4.jar;C:\Users\Welcome\.m2\repository\org\checkerframework\checker-qual\3.42.0\checker-qual-3.42.0.jar;C:\Users\Welcome\.m2\repository\org\projectlombok\lombok\1.18.34\lombok-1.18.34.jar;C:\Users\Welcome\.m2\repository\jakarta\xml\bind\jakarta.xml.bind-api\4.0.2\jakarta.xml.bind-api-4.0.2.jar;C:\Users\Welcome\.m2\repository\jakarta\activation\jakarta.activation-api\2.1.3\jakarta.activation-api-2.1.3.jar;C:\Users\Welcome\.m2\repository\org\springframework\spring-core\6.1.14\spring-core-6.1.14.jar;C:\Users\Welcome\.m2\repository\org\springframework\spring-jcl\6.1.14\spring-jcl-6.1.14.jar;C:\Users\Welcome\.m2\repository\org\springdoc\springdoc-openapi-starter-webmvc-ui\2.0.2\springdoc-openapi-starter-webmvc-ui-2.0.2.jar;C:\Users\Welcome\.m2\repository\org\springdoc\springdoc-openapi-starter-webmvc-api\2.0.2\springdoc-openapi-starter-webmvc-api-2.0.2.jar;C:\Users\Welcome\.m2\repository\org\springdoc\springdoc-openapi-starter-common\2.0.2\springdoc-openapi-starter-common-2.0.2.jar;C:\Users\Welcome\.m2\repository\io\swagger\core\v3\swagger-core-jakarta\2.2.7\swagger-core-jakarta-2.2.7.jar;C:\Users\Welcome\.m2\repository\org\apache\commons\commons-lang3\3.14.0\commons-lang3-3.14.0.jar;C:\Users\Welcome\.m2\repository\io\swagger\core\v3\swagger-annotations-jakarta\2.2.7\swagger-annotations-jakarta-2.2.7.jar;C:\Users\Welcome\.m2\repository\io\swagger\core\v3\swagger-models-jakarta\2.2.7\swagger-models-jakarta-2.2.7.jar;C:\Users\Welcome\.m2\repository\jakarta\validation\jakarta.validation-api\3.0.2\jakarta.validation-api-3.0.2.jar;C:\Users\Welcome\.m2\repository\com\fasterxml\jackson\dataformat\jackson-dataformat-yaml\2.17.2\jackson-dataformat-yaml-2.17.2.jar;C:\Users\Welcome\.m2\repository\org\webjars\swagger-ui\4.15.5\swagger-ui-4.15.5.jar;C:\Users\Welcome\.m2\repository\org\webjars\webjars-locator-core\0.58\webjars-locator-core-0.58.jar;C:\Users\Welcome\.m2\repository\io\github\classgraph\classgraph\4.8.149\classgraph-4.8.149.jar
Launcher Type: SUN_STANDARD

[Global flags]
     intx CICompilerCount                          = 3                                         {product} {ergonomic}
     uint ConcGCThreads                            = 1                                         {product} {ergonomic}
     uint G1ConcRefinementThreads                  = 4                                         {product} {ergonomic}
   size_t G1HeapRegionSize                         = 1048576                                   {product} {ergonomic}
    uintx GCDrainStackTargetSize                   = 64                                        {product} {ergonomic}
   size_t InitialHeapSize                          = 67108864                                  {product} {ergonomic}
     bool ManagementServer                         = true                                      {product} {command line}
   size_t MarkStackSize                            = 4194304                                   {product} {ergonomic}
   size_t MaxHeapSize                              = 1050673152                                {product} {ergonomic}
   size_t MaxNewSize                               = 630194176                                 {product} {ergonomic}
   size_t MinHeapDeltaBytes                        = 1048576                                   {product} {ergonomic}
   size_t MinHeapSize                              = 8388608                                   {product} {ergonomic}
    uintx NonNMethodCodeHeapSize                   = 4096                                   {pd product} {ergonomic}
    uintx NonProfiledCodeHeapSize                  = 0                                      {pd product} {ergonomic}
     bool ProfileInterpreter                       = false                                  {pd product} {command line}
    uintx ProfiledCodeHeapSize                     = 0                                      {pd product} {ergonomic}
     bool ShowCodeDetailsInExceptionMessages       = true                                   {manageable} {command line}
   size_t SoftMaxHeapSize                          = 1050673152                             {manageable} {ergonomic}
     intx TieredStopAtLevel                        = 1                                         {product} {command line}
     bool UseCompressedOops                        = true                           {product lp64_product} {ergonomic}
     bool UseG1GC                                  = true                                      {product} {ergonomic}
     bool UseLargePagesIndividualAllocation        = false                                  {pd product} {ergonomic}

Logging:
Log output configuration:
 #0: stdout all=warning uptime,level,tags foldmultilines=false
 #1: stderr all=off uptime,level,tags foldmultilines=false

Environment Variables:
PATH=D:/gokul/bot/boot/sts-4.24.0.RELEASE//plugins/org.eclipse.justj.openjdk.hotspot.jre.full.win32.x86_64_21.0.3.v20240426-1530/jre/bin/server;D:/gokul/bot/boot/sts-4.24.0.RELEASE//plugins/org.eclipse.justj.openjdk.hotspot.jre.full.win32.x86_64_21.0.3.v20240426-1530/jre/bin;C:\Program Files\Java\jdk-17\bin;C:\Program Files\Common Files\Oracle\Java\javapath;C:\WINDOWS\system32;C:\WINDOWS;C:\WINDOWS\System32\Wbem;C:\WINDOWS\System32\WindowsPowerShell\v1.0\;C:\WINDOWS\System32\OpenSSH\;C:\Program Files\Microsoft SQL Server\130\Tools\Binn\;C:\Program Files\dotnet\;C:\Program Files\Microsoft SQL Server\Client SDK\ODBC\170\Tools\Binn\;C:\Program Files (x86)\Microsoft SQL Server\150\Tools\Binn\;C:\Program Files\Microsoft SQL Server\150\Tools\Binn\;C:\Program Files\Microsoft SQL Server\150\DTS\Binn\;C:\Program Files (x86)\Microsoft SQL Server\150\DTS\Binn\;C:\Program Files\Azure Data Studio\bin;C:\ProgramData\chocolatey\bin;D:\gokul\frontend\gitttt\Git\cmd;D:\gokul\frontend\react js\node setup\;D:\gokul\frontend\gitttt\Git\bin;C:\Users\Welcome\AppData\Local\Microsoft\WindowsApps;C:\Users\Welcome\.dotnet\tools;C:\Program Files\Azure Data Studio\bin;C:\Users\Welcome\AppData\Local\Programs\Microsoft VS Code\bin;C:\Users\Welcome\AppData\Roaming\npm;D:\gokul\frontend\react js\mavenSEtup\apache-maven-3.9.9\bin;D:\gokul\postgresql_location_setup\bin;;D:\gokul\bot\boot\sts-4.24.0.RELEASE;
USERNAME=Welcome
OS=Windows_NT
PROCESSOR_IDENTIFIER=Intel64 Family 6 Model 142 Stepping 9, GenuineIntel
TMP=C:\Users\Welcome\AppData\Local\Temp
TEMP=C:\Users\Welcome\AppData\Local\Temp




Periodic native trim disabled

---------------  S Y S T E M  ---------------

OS:
 Windows 10 , 64 bit Build 19041 (10.0.19041.1889)
OS uptime: 0 days 1:29 hours

CPU: total 4 (initial active 4) (2 cores per cpu, 2 threads per core) family 6 model 142 stepping 9 microcode 0xde, cx8, cmov, fxsr, ht, mmx, 3dnowpref, sse, sse2, sse3, ssse3, sse4.1, sse4.2, popcnt, lzcnt, tsc, tscinvbit, avx, avx2, aes, erms, clmul, bmi1, bmi2, adx, fma, vzeroupper, clflush, clflushopt, rdtscp, f16c
Processor Information for all 4 processors :
  Max Mhz: 2401, Current Mhz: 2400, Mhz Limit: 2376

Memory: 4k page, system-wide physical 4007M (335M free)
TotalPageFile size 8530M (AvailPageFile size 70M)
current process WorkingSet (physical memory assigned to process): 232M, peak: 232M
current process commit charge ("private bytes"): 273M, peak: 345M

vm_info: OpenJDK 64-Bit Server VM (21.0.3+9-LTS) for windows-amd64 JRE (21.0.3+9-LTS), built on 2024-04-16T00:00:00Z by "admin" with MS VC++ 17.7 (VS2022)

END.
