#
# There is insufficient memory for the Java Runtime Environment to continue.
# Native memory allocation (mmap) failed to map 25165824 bytes. Error detail: G1 virtual space
# Possible reasons:
#   The system is out of physical RAM or swap space
#   This process is running with CompressedOops enabled, and the Java Heap may be blocking the growth of the native heap
# Possible solutions:
#   Reduce memory load on the system
#   Increase physical memory or swap space
#   Check if swap backing store is full
#   Decrease Java heap size (-Xmx/-Xms)
#   Decrease number of Java threads
#   Decrease Java thread stack sizes (-Xss)
#   Set larger code cache with -XX:ReservedCodeCacheSize=
#   JVM is running with Unscaled Compressed Oops mode in which the Java heap is
#     placed in the first 4GB address space. The Java Heap base address is the
#     maximum limit for the native heap growth. Please use -XX:HeapBaseMinAddress
#     to set the Java Heap base and to place the Java Heap above 4GB virtual address.
# This output file may be truncated or incomplete.
#
#  Out of Memory Error (os_windows.cpp:3603), pid=10092, tid=12804
#
# JRE version: OpenJDK Runtime Environment Temurin-21.0.3+9 (21.0.3+9) (build 21.0.3+9-LTS)
# Java VM: OpenJDK 64-Bit Server VM Temurin-21.0.3+9 (21.0.3+9-LTS, mixed mode, emulated-client, tiered, compressed oops, compressed class ptrs, g1 gc, windows-amd64)
# No core dump will be written. Minidumps are not enabled by default on client versions of Windows
#

---------------  S U M M A R Y ------------

Command Line: -Dcom.sun.management.jmxremote -Dcom.sun.management.jmxremote.port=62762 -Dcom.sun.management.jmxremote.authenticate=false -Dcom.sun.management.jmxremote.ssl=false -Djava.rmi.server.hostname=localhost -Dspring.jmx.enabled=true -Dmanagement.endpoints.jmx.exposure.include=* -Dspring.application.admin.enabled=true -XX:TieredStopAtLevel=1 -Dspring.boot.project.name=Students_project -Dfile.encoding=UTF-8 -Dstdout.encoding=UTF-8 -Dstderr.encoding=UTF-8 -XX:+ShowCodeDetailsInExceptionMessages com.student.StudentsProjectApplication --spring.output.ansi.enabled=always

Host: Intel(R) Core(TM) i3-7100U CPU @ 2.40GHz, 4 cores, 3G,  Windows 10 , 64 bit Build 19041 (10.0.19041.1889)
Time: Mon Nov 25 14:01:44 2024 Sri Lanka Standard Time elapsed time: 13.572273 seconds (0d 0h 0m 13s)

---------------  T H R E A D  ---------------

Current thread (0x000001db950b4f90):  VMThread "VM Thread"          [id=12804, stack(0x000000b4eb800000,0x000000b4eb900000) (1024K)]

Stack: [0x000000b4eb800000,0x000000b4eb900000]
Native frames: (J=compiled Java code, j=interpreted, Vv=VM code, C=native code)
V  [jvm.dll+0x6c8699]
V  [jvm.dll+0x8a2061]
V  [jvm.dll+0x8a458e]
V  [jvm.dll+0x8a4c63]
V  [jvm.dll+0x27e476]
V  [jvm.dll+0x6c4e15]
V  [jvm.dll+0x6b9b0a]
V  [jvm.dll+0x3523ba]
V  [jvm.dll+0x359f66]
V  [jvm.dll+0x3ab1be]
V  [jvm.dll+0x3ab468]
V  [jvm.dll+0x3265fc]
V  [jvm.dll+0x326687]
V  [jvm.dll+0x36a3cc]
V  [jvm.dll+0x368c08]
V  [jvm.dll+0x325d71]
V  [jvm.dll+0x36827a]
V  [jvm.dll+0x8aa56f]
V  [jvm.dll+0x8ab674]
V  [jvm.dll+0x8abbb0]
V  [jvm.dll+0x8abe53]
V  [jvm.dll+0x84bf8b]
V  [jvm.dll+0x6c6dcd]
C  [ucrtbase.dll+0x21bb2]
C  [KERNEL32.DLL+0x17034]
C  [ntdll.dll+0x52651]

VM_Operation (0x000000b4ed9fd070): G1CollectForAllocation, mode: safepoint, requested by thread 0x000001db95d47dd0


---------------  P R O C E S S  ---------------

Threads class SMR info:
_java_thread_list=0x000001db9c452010, length=35, elements={
0x000001db8af534c0, 0x000001db95259060, 0x000001db9511a7c0, 0x000001db95132890,
0x000001db95133a90, 0x000001db9511f810, 0x000001db9511d0b0, 0x000001db951368f0,
0x000001db9511d740, 0x000001db953e4b90, 0x000001db9511ca20, 0x000001db959fef80,
0x000001db9511ddd0, 0x000001db9511e460, 0x000001db9511eaf0, 0x000001db9511f180,
0x000001db9511fea0, 0x000001db95d470b0, 0x000001db95d49ea0, 0x000001db95d442c0,
0x000001db95d46390, 0x000001db95d46a20, 0x000001db95d4b8e0, 0x000001db95d47740,
0x000001db95d44950, 0x000001db95d49180, 0x000001db95d45d00, 0x000001db95d48af0,
0x000001db95d4a530, 0x000001db95d47dd0, 0x000001db95d49810, 0x000001db95d44fe0,
0x000001db95d4b250, 0x000001db95d4abc0, 0x000001db95d45670
}

Java Threads: ( => current thread )
  0x000001db8af534c0 JavaThread "main"                              [_thread_blocked, id=13800, stack(0x000000b4eb100000,0x000000b4eb200000) (1024K)]
  0x000001db95259060 JavaThread "Reference Handler"          daemon [_thread_blocked, id=7264, stack(0x000000b4eb900000,0x000000b4eba00000) (1024K)]
  0x000001db9511a7c0 JavaThread "Finalizer"                  daemon [_thread_blocked, id=2096, stack(0x000000b4eba00000,0x000000b4ebb00000) (1024K)]
  0x000001db95132890 JavaThread "Signal Dispatcher"          daemon [_thread_blocked, id=12720, stack(0x000000b4ebb00000,0x000000b4ebc00000) (1024K)]
  0x000001db95133a90 JavaThread "Attach Listener"            daemon [_thread_blocked, id=14920, stack(0x000000b4ebc00000,0x000000b4ebd00000) (1024K)]
  0x000001db9511f810 JavaThread "Service Thread"             daemon [_thread_blocked, id=11028, stack(0x000000b4ebd00000,0x000000b4ebe00000) (1024K)]
  0x000001db9511d0b0 JavaThread "Monitor Deflation Thread"   daemon [_thread_blocked, id=12120, stack(0x000000b4ebe00000,0x000000b4ebf00000) (1024K)]
  0x000001db951368f0 JavaThread "C1 CompilerThread0"         daemon [_thread_blocked, id=1632, stack(0x000000b4ebf00000,0x000000b4ec000000) (1024K)]
  0x000001db9511d740 JavaThread "Common-Cleaner"             daemon [_thread_blocked, id=7656, stack(0x000000b4ec000000,0x000000b4ec100000) (1024K)]
  0x000001db953e4b90 JavaThread "C1 CompilerThread1"         daemon [_thread_blocked, id=11328, stack(0x000000b4ec100000,0x000000b4ec200000) (1024K)]
  0x000001db9511ca20 JavaThread "Notification Thread"        daemon [_thread_blocked, id=12880, stack(0x000000b4ec200000,0x000000b4ec300000) (1024K)]
  0x000001db959fef80 JavaThread "C1 CompilerThread2"         daemon [_thread_blocked, id=2056, stack(0x000000b4ec300000,0x000000b4ec400000) (1024K)]
  0x000001db9511ddd0 JavaThread "RMI TCP Accept-0"           daemon [_thread_in_native, id=1336, stack(0x000000b4ec700000,0x000000b4ec800000) (1024K)]
  0x000001db9511e460 JavaThread "RMI TCP Accept-62762"       daemon [_thread_in_native, id=11152, stack(0x000000b4ec800000,0x000000b4ec900000) (1024K)]
  0x000001db9511eaf0 JavaThread "RMI TCP Accept-0"           daemon [_thread_in_native, id=11856, stack(0x000000b4ec900000,0x000000b4eca00000) (1024K)]
  0x000001db9511f180 JavaThread "RMI TCP Connection(1)-127.0.0.1" daemon [_thread_in_native, id=2760, stack(0x000000b4eca00000,0x000000b4ecb00000) (1024K)]
  0x000001db9511fea0 JavaThread "RMI Scheduler(0)"           daemon [_thread_blocked, id=6260, stack(0x000000b4ecb00000,0x000000b4ecc00000) (1024K)]
  0x000001db95d470b0 JavaThread "RMI TCP Connection(2)-127.0.0.1" daemon [_thread_in_native, id=380, stack(0x000000b4ecc00000,0x000000b4ecd00000) (1024K)]
  0x000001db95d49ea0 JavaThread "JMX server connection timeout 30" daemon [_thread_blocked, id=12496, stack(0x000000b4ecd00000,0x000000b4ece00000) (1024K)]
  0x000001db95d442c0 JavaThread "Thread-0"                          [_thread_blocked, id=15100, stack(0x000000b4ece00000,0x000000b4ecf00000) (1024K)]
  0x000001db95d46390 JavaThread "restartedMain"                     [_thread_blocked, id=10256, stack(0x000000b4ecf00000,0x000000b4ed000000) (1024K)]
  0x000001db95d46a20 JavaThread "Catalina-utility-1"                [_thread_blocked, id=3676, stack(0x000000b4ed000000,0x000000b4ed100000) (1024K)]
  0x000001db95d4b8e0 JavaThread "Catalina-utility-2"                [_thread_blocked, id=14216, stack(0x000000b4ed100000,0x000000b4ed200000) (1024K)]
  0x000001db95d47740 JavaThread "container-0"                       [_thread_blocked, id=5260, stack(0x000000b4ed200000,0x000000b4ed300000) (1024K)]
  0x000001db95d44950 JavaThread "PostgreSQL-JDBC-Cleaner"    daemon [_thread_blocked, id=13176, stack(0x000000b4ed400000,0x000000b4ed500000) (1024K)]
  0x000001db95d49180 JavaThread "HikariPool-1 housekeeper"   daemon [_thread_blocked, id=11648, stack(0x000000b4ed500000,0x000000b4ed600000) (1024K)]
  0x000001db95d45d00 JavaThread "HikariPool-1 connection adder" daemon [_thread_blocked, id=14288, stack(0x000000b4ed600000,0x000000b4ed700000) (1024K)]
  0x000001db95d48af0 JavaThread "ClassGraph-worker-32"       daemon [_thread_blocked, id=12956, stack(0x000000b4ed700000,0x000000b4ed800000) (1024K)]
  0x000001db95d4a530 JavaThread "ClassGraph-worker-33"       daemon [_thread_blocked, id=8272, stack(0x000000b4ed800000,0x000000b4ed900000) (1024K)]
  0x000001db95d47dd0 JavaThread "ClassGraph-worker-34"       daemon [_thread_blocked, id=10108, stack(0x000000b4ed900000,0x000000b4eda00000) (1024K)]
  0x000001db95d49810 JavaThread "ClassGraph-worker-35"       daemon [_thread_blocked, id=8132, stack(0x000000b4eda00000,0x000000b4edb00000) (1024K)]
  0x000001db95d44fe0 JavaThread "ClassGraph-worker-36"       daemon [_thread_blocked, id=1168, stack(0x000000b4edb00000,0x000000b4edc00000) (1024K)]
  0x000001db95d4b250 JavaThread "ClassGraph-worker-37"       daemon [_thread_blocked, id=8508, stack(0x000000b4edc00000,0x000000b4edd00000) (1024K)]
  0x000001db95d4abc0 JavaThread "ClassGraph-worker-38"       daemon [_thread_blocked, id=14012, stack(0x000000b4edd00000,0x000000b4ede00000) (1024K)]
  0x000001db95d45670 JavaThread "ClassGraph-worker-39"       daemon [_thread_blocked, id=10208, stack(0x000000b4ede00000,0x000000b4edf00000) (1024K)]
Total: 35

Other Threads:
=>0x000001db950b4f90 VMThread "VM Thread"                           [id=12804, stack(0x000000b4eb800000,0x000000b4eb900000) (1024K)]
  0x000001db8aff7040 WatcherThread "VM Periodic Task Thread"        [id=12900, stack(0x000000b4eb700000,0x000000b4eb800000) (1024K)]
  0x000001db8af8a220 WorkerThread "GC Thread#0"                     [id=11136, stack(0x000000b4eb200000,0x000000b4eb300000) (1024K)]
  0x000001db95a2d0e0 WorkerThread "GC Thread#1"                     [id=5072, stack(0x000000b4ec400000,0x000000b4ec500000) (1024K)]
  0x000001db95a49840 WorkerThread "GC Thread#2"                     [id=12328, stack(0x000000b4ec500000,0x000000b4ec600000) (1024K)]
  0x000001db95a49be0 WorkerThread "GC Thread#3"                     [id=2132, stack(0x000000b4ec600000,0x000000b4ec700000) (1024K)]
  0x000001db8af937a0 ConcurrentGCThread "G1 Main Marker"            [id=15152, stack(0x000000b4eb300000,0x000000b4eb400000) (1024K)]
  0x000001db8af941b0 WorkerThread "G1 Conc#0"                       [id=15340, stack(0x000000b4eb400000,0x000000b4eb500000) (1024K)]
  0x000001db8afe9030 ConcurrentGCThread "G1 Refine#0"               [id=8968, stack(0x000000b4eb500000,0x000000b4eb600000) (1024K)]
  0x000001db8afe9ab0 ConcurrentGCThread "G1 Service"                [id=10892, stack(0x000000b4eb600000,0x000000b4eb700000) (1024K)]
Total: 10

Threads with active compile tasks:
Total: 0

VM state: at safepoint (normal execution)

VM Mutex/Monitor currently owned by a thread:  ([mutex/lock_event])
[0x00007ffdebbd2128] Threads_lock - owner thread: 0x000001db950b4f90
[0x00007ffdebbd2228] Heap_lock - owner thread: 0x000001db95d47dd0

Heap address: 0x00000000c1600000, size: 1002 MB, Compressed Oops mode: 32-bit

CDS archive(s) not mapped
Compressed class space mapped at: 0x0000000100000000-0x0000000140000000, reserved size: 1073741824
Narrow klass base: 0x0000000000000000, Narrow klass shift: 3, Narrow klass range: 0x140000000

GC Precious Log:
 CardTable entry size: 512
 Card Set container configuration: InlinePtr #cards 5 size 8 Array Of Cards #cards 12 size 40 Howl #buckets 4 coarsen threshold 1843 Howl Bitmap #cards 512 size 80 coarsen threshold 460 Card regions per heap region 1 cards per card region 2048
 CPUs: 4 total, 4 available
 Memory: 4007M
 Large Page Support: Disabled
 NUMA Support: Disabled
 Compressed Oops: Enabled (32-bit)
 Heap Region Size: 1M
 Heap Min Capacity: 8M
 Heap Initial Capacity: 64M
 Heap Max Capacity: 1002M
 Pre-touch: Disabled
 Parallel Workers: 4
 Concurrent Workers: 1
 Concurrent Refinement Workers: 4
 Periodic GC: Disabled

Heap:
 garbage-first heap   total 79872K, used 44835K [0x00000000c1600000, 0x0000000100000000)
  region size 1024K, 2 young (2048K), 2 survivors (2048K)
 Metaspace       used 72749K, committed 73600K, reserved 1114112K
  class space    used 9729K, committed 10112K, reserved 1048576K

Heap Regions: E=young(eden), S=young(survivor), O=old, HS=humongous(starts), HC=humongous(continues), CS=collection set, F=free, TAMS=top-at-mark-start, PB=parsable bottom
|   0|0x00000000c1600000, 0x00000000c1700000, 0x00000000c1700000|100%|HS|  |TAMS 0x00000000c1600000| PB 0x00000000c1600000| Complete 
|   1|0x00000000c1700000, 0x00000000c1800000, 0x00000000c1800000|100%| O|  |TAMS 0x00000000c1700000| PB 0x00000000c1700000| Untracked 
|   2|0x00000000c1800000, 0x00000000c1900000, 0x00000000c1900000|100%| O|  |TAMS 0x00000000c1800000| PB 0x00000000c1800000| Untracked 
|   3|0x00000000c1900000, 0x00000000c1a00000, 0x00000000c1a00000|100%| O|  |TAMS 0x00000000c1900000| PB 0x00000000c1900000| Untracked 
|   4|0x00000000c1a00000, 0x00000000c1b00000, 0x00000000c1b00000|100%| O|  |TAMS 0x00000000c1a00000| PB 0x00000000c1a00000| Untracked 
|   5|0x00000000c1b00000, 0x00000000c1c00000, 0x00000000c1c00000|100%| O|  |TAMS 0x00000000c1b00000| PB 0x00000000c1b00000| Untracked 
|   6|0x00000000c1c00000, 0x00000000c1d00000, 0x00000000c1d00000|100%| O|  |TAMS 0x00000000c1c00000| PB 0x00000000c1c00000| Untracked 
|   7|0x00000000c1d00000, 0x00000000c1e00000, 0x00000000c1e00000|100%| O|  |TAMS 0x00000000c1d00000| PB 0x00000000c1d00000| Untracked 
|   8|0x00000000c1e00000, 0x00000000c1f00000, 0x00000000c1f00000|100%| O|  |TAMS 0x00000000c1e00000| PB 0x00000000c1e00000| Untracked 
|   9|0x00000000c1f00000, 0x00000000c2000000, 0x00000000c2000000|100%| O|  |TAMS 0x00000000c1f00000| PB 0x00000000c1f00000| Untracked 
|  10|0x00000000c2000000, 0x00000000c2100000, 0x00000000c2100000|100%| O|  |TAMS 0x00000000c2000000| PB 0x00000000c2000000| Untracked 
|  11|0x00000000c2100000, 0x00000000c2200000, 0x00000000c2200000|100%| O|  |TAMS 0x00000000c2100000| PB 0x00000000c2100000| Untracked 
|  12|0x00000000c2200000, 0x00000000c2300000, 0x00000000c2300000|100%| O|  |TAMS 0x00000000c2200000| PB 0x00000000c2200000| Untracked 
|  13|0x00000000c2300000, 0x00000000c2400000, 0x00000000c2400000|100%| O|  |TAMS 0x00000000c2300000| PB 0x00000000c2300000| Untracked 
|  14|0x00000000c2400000, 0x00000000c2500000, 0x00000000c2500000|100%| O|  |TAMS 0x00000000c2400000| PB 0x00000000c2400000| Untracked 
|  15|0x00000000c2500000, 0x00000000c2600000, 0x00000000c2600000|100%| O|  |TAMS 0x00000000c2500000| PB 0x00000000c2500000| Untracked 
|  16|0x00000000c2600000, 0x00000000c2700000, 0x00000000c2700000|100%| O|  |TAMS 0x00000000c2600000| PB 0x00000000c2600000| Untracked 
|  17|0x00000000c2700000, 0x00000000c2800000, 0x00000000c2800000|100%| O|  |TAMS 0x00000000c2700000| PB 0x00000000c2700000| Untracked 
|  18|0x00000000c2800000, 0x00000000c2900000, 0x00000000c2900000|100%| O|  |TAMS 0x00000000c2800000| PB 0x00000000c2800000| Untracked 
|  19|0x00000000c2900000, 0x00000000c2a00000, 0x00000000c2a00000|100%| O|  |TAMS 0x00000000c2900000| PB 0x00000000c2900000| Untracked 
|  20|0x00000000c2a00000, 0x00000000c2b00000, 0x00000000c2b00000|100%| O|  |TAMS 0x00000000c2a00000| PB 0x00000000c2a00000| Untracked 
|  21|0x00000000c2b00000, 0x00000000c2c00000, 0x00000000c2c00000|100%| O|  |TAMS 0x00000000c2b00000| PB 0x00000000c2b00000| Untracked 
|  22|0x00000000c2c00000, 0x00000000c2d00000, 0x00000000c2d00000|100%| O|  |TAMS 0x00000000c2c00000| PB 0x00000000c2c00000| Untracked 
|  23|0x00000000c2d00000, 0x00000000c2e00000, 0x00000000c2e00000|100%| O|  |TAMS 0x00000000c2d00000| PB 0x00000000c2d00000| Untracked 
|  24|0x00000000c2e00000, 0x00000000c2f00000, 0x00000000c2f00000|100%| O|  |TAMS 0x00000000c2e00000| PB 0x00000000c2e00000| Untracked 
|  25|0x00000000c2f00000, 0x00000000c3000000, 0x00000000c3000000|100%| O|  |TAMS 0x00000000c2f00000| PB 0x00000000c2f00000| Untracked 
|  26|0x00000000c3000000, 0x00000000c3000000, 0x00000000c3100000|  0%| F|  |TAMS 0x00000000c3000000| PB 0x00000000c3000000| Untracked 
|  27|0x00000000c3100000, 0x00000000c3200000, 0x00000000c3200000|100%| O|  |TAMS 0x00000000c3100000| PB 0x00000000c3100000| Untracked 
|  28|0x00000000c3200000, 0x00000000c3300000, 0x00000000c3300000|100%| O|  |TAMS 0x00000000c3200000| PB 0x00000000c3200000| Untracked 
|  29|0x00000000c3300000, 0x00000000c3300000, 0x00000000c3400000|  0%| F|  |TAMS 0x00000000c3300000| PB 0x00000000c3300000| Untracked 
|  30|0x00000000c3400000, 0x00000000c3500000, 0x00000000c3500000|100%| O|  |TAMS 0x00000000c3400000| PB 0x00000000c3400000| Untracked 
|  31|0x00000000c3500000, 0x00000000c3600000, 0x00000000c3600000|100%| O|  |TAMS 0x00000000c3500000| PB 0x00000000c3500000| Untracked 
|  32|0x00000000c3600000, 0x00000000c3700000, 0x00000000c3700000|100%| O|  |TAMS 0x00000000c3600000| PB 0x00000000c3600000| Untracked 
|  33|0x00000000c3700000, 0x00000000c3800000, 0x00000000c3800000|100%| O|  |TAMS 0x00000000c3700000| PB 0x00000000c3700000| Untracked 
|  34|0x00000000c3800000, 0x00000000c3900000, 0x00000000c3900000|100%| O|  |TAMS 0x00000000c3800000| PB 0x00000000c3800000| Untracked 
|  35|0x00000000c3900000, 0x00000000c3a00000, 0x00000000c3a00000|100%| O|  |TAMS 0x00000000c3900000| PB 0x00000000c3900000| Untracked 
|  36|0x00000000c3a00000, 0x00000000c3b00000, 0x00000000c3b00000|100%| O|  |TAMS 0x00000000c3a00000| PB 0x00000000c3a00000| Untracked 
|  37|0x00000000c3b00000, 0x00000000c3b00000, 0x00000000c3c00000|  0%| F|  |TAMS 0x00000000c3b00000| PB 0x00000000c3b00000| Untracked 
|  38|0x00000000c3c00000, 0x00000000c3c00000, 0x00000000c3d00000|  0%| F|  |TAMS 0x00000000c3c00000| PB 0x00000000c3c00000| Untracked 
|  39|0x00000000c3d00000, 0x00000000c3d00000, 0x00000000c3e00000|  0%| F|  |TAMS 0x00000000c3d00000| PB 0x00000000c3d00000| Untracked 
|  40|0x00000000c3e00000, 0x00000000c3e00000, 0x00000000c3f00000|  0%| F|  |TAMS 0x00000000c3e00000| PB 0x00000000c3e00000| Untracked 
|  41|0x00000000c3f00000, 0x00000000c3f00000, 0x00000000c4000000|  0%| F|  |TAMS 0x00000000c3f00000| PB 0x00000000c3f00000| Untracked 
|  42|0x00000000c4000000, 0x00000000c4100000, 0x00000000c4100000|100%| O|  |TAMS 0x00000000c4000000| PB 0x00000000c4000000| Untracked 
|  43|0x00000000c4100000, 0x00000000c4200000, 0x00000000c4200000|100%| O|  |TAMS 0x00000000c4100000| PB 0x00000000c4100000| Untracked 
|  44|0x00000000c4200000, 0x00000000c4300000, 0x00000000c4300000|100%| O|  |TAMS 0x00000000c4200000| PB 0x00000000c4200000| Untracked 
|  45|0x00000000c4300000, 0x00000000c4400000, 0x00000000c4400000|100%| O|  |TAMS 0x00000000c4300000| PB 0x00000000c4300000| Untracked 
|  46|0x00000000c4400000, 0x00000000c4500000, 0x00000000c4500000|100%| O|  |TAMS 0x00000000c4400000| PB 0x00000000c4400000| Untracked 
|  47|0x00000000c4500000, 0x00000000c45c8d18, 0x00000000c4600000| 78%| O|  |TAMS 0x00000000c4500000| PB 0x00000000c4500000| Untracked 
|  48|0x00000000c4600000, 0x00000000c4600000, 0x00000000c4700000|  0%| F|  |TAMS 0x00000000c4600000| PB 0x00000000c4600000| Untracked 
|  49|0x00000000c4700000, 0x00000000c4700000, 0x00000000c4800000|  0%| F|  |TAMS 0x00000000c4700000| PB 0x00000000c4700000| Untracked 
|  50|0x00000000c4800000, 0x00000000c4800000, 0x00000000c4900000|  0%| F|  |TAMS 0x00000000c4800000| PB 0x00000000c4800000| Untracked 
|  51|0x00000000c4900000, 0x00000000c4900000, 0x00000000c4a00000|  0%| F|  |TAMS 0x00000000c4900000| PB 0x00000000c4900000| Untracked 
|  52|0x00000000c4a00000, 0x00000000c4b00000, 0x00000000c4b00000|100%| S|CS|TAMS 0x00000000c4a00000| PB 0x00000000c4a00000| Complete 
|  53|0x00000000c4b00000, 0x00000000c4c00000, 0x00000000c4c00000|100%| S|CS|TAMS 0x00000000c4b00000| PB 0x00000000c4b00000| Complete 
|  54|0x00000000c4c00000, 0x00000000c4c00000, 0x00000000c4d00000|  0%| F|  |TAMS 0x00000000c4c00000| PB 0x00000000c4c00000| Untracked 
|  55|0x00000000c4d00000, 0x00000000c4d00000, 0x00000000c4e00000|  0%| F|  |TAMS 0x00000000c4d00000| PB 0x00000000c4d00000| Untracked 
|  56|0x00000000c4e00000, 0x00000000c4e00000, 0x00000000c4f00000|  0%| F|  |TAMS 0x00000000c4e00000| PB 0x00000000c4e00000| Untracked 
|  57|0x00000000c4f00000, 0x00000000c4f00000, 0x00000000c5000000|  0%| F|  |TAMS 0x00000000c4f00000| PB 0x00000000c4f00000| Untracked 
|  58|0x00000000c5000000, 0x00000000c5000000, 0x00000000c5100000|  0%| F|  |TAMS 0x00000000c5000000| PB 0x00000000c5000000| Untracked 
|  59|0x00000000c5100000, 0x00000000c5100000, 0x00000000c5200000|  0%| F|  |TAMS 0x00000000c5100000| PB 0x00000000c5100000| Untracked 
|  60|0x00000000c5200000, 0x00000000c5200000, 0x00000000c5300000|  0%| F|  |TAMS 0x00000000c5200000| PB 0x00000000c5200000| Untracked 
|  61|0x00000000c5300000, 0x00000000c5300000, 0x00000000c5400000|  0%| F|  |TAMS 0x00000000c5300000| PB 0x00000000c5300000| Untracked 
|  62|0x00000000c5400000, 0x00000000c5400000, 0x00000000c5500000|  0%| F|  |TAMS 0x00000000c5400000| PB 0x00000000c5400000| Untracked 
|  63|0x00000000c5500000, 0x00000000c5500000, 0x00000000c5600000|  0%| F|  |TAMS 0x00000000c5500000| PB 0x00000000c5500000| Untracked 
|  64|0x00000000c5600000, 0x00000000c5600000, 0x00000000c5700000|  0%| F|  |TAMS 0x00000000c5600000| PB 0x00000000c5600000| Untracked 
|  65|0x00000000c5700000, 0x00000000c5700000, 0x00000000c5800000|  0%| F|  |TAMS 0x00000000c5700000| PB 0x00000000c5700000| Untracked 
|  66|0x00000000c5800000, 0x00000000c5800000, 0x00000000c5900000|  0%| F|  |TAMS 0x00000000c5800000| PB 0x00000000c5800000| Untracked 
|  67|0x00000000c5900000, 0x00000000c5900000, 0x00000000c5a00000|  0%| F|  |TAMS 0x00000000c5900000| PB 0x00000000c5900000| Untracked 
|  68|0x00000000c5a00000, 0x00000000c5a00000, 0x00000000c5b00000|  0%| F|  |TAMS 0x00000000c5a00000| PB 0x00000000c5a00000| Untracked 
|  69|0x00000000c5b00000, 0x00000000c5b00000, 0x00000000c5c00000|  0%| F|  |TAMS 0x00000000c5b00000| PB 0x00000000c5b00000| Untracked 
|  70|0x00000000c5c00000, 0x00000000c5c00000, 0x00000000c5d00000|  0%| F|  |TAMS 0x00000000c5c00000| PB 0x00000000c5c00000| Untracked 
|  71|0x00000000c5d00000, 0x00000000c5d00000, 0x00000000c5e00000|  0%| F|  |TAMS 0x00000000c5d00000| PB 0x00000000c5d00000| Untracked 
|  72|0x00000000c5e00000, 0x00000000c5e00000, 0x00000000c5f00000|  0%| F|  |TAMS 0x00000000c5e00000| PB 0x00000000c5e00000| Untracked 
|  73|0x00000000c5f00000, 0x00000000c5f00000, 0x00000000c6000000|  0%| F|  |TAMS 0x00000000c5f00000| PB 0x00000000c5f00000| Untracked 
|  74|0x00000000c6000000, 0x00000000c6000000, 0x00000000c6100000|  0%| F|  |TAMS 0x00000000c6000000| PB 0x00000000c6000000| Untracked 
|  75|0x00000000c6100000, 0x00000000c6100000, 0x00000000c6200000|  0%| F|  |TAMS 0x00000000c6100000| PB 0x00000000c6100000| Untracked 
|  76|0x00000000c6200000, 0x00000000c6200000, 0x00000000c6300000|  0%| F|  |TAMS 0x00000000c6200000| PB 0x00000000c6200000| Untracked 
|1001|0x00000000fff00000, 0x0000000100000000, 0x0000000100000000|100%| O|  |TAMS 0x00000000fff00000| PB 0x00000000fff00000| Untracked 

Card table byte_map: [0x000001db91a60000,0x000001db91c60000] _byte_map_base: 0x000001db91455000

Marking Bits: (CMBitMap*) 0x000001db8af8a830
 Bits: [0x000001db91c60000, 0x000001db92c08000)

Polling page: 0x000001db88e30000

Metaspace:

Usage:
  Non-class:     61.54 MB used.
      Class:      9.50 MB used.
       Both:     71.04 MB used.

Virtual space:
  Non-class space:       64.00 MB reserved,      62.00 MB ( 97%) committed,  1 nodes.
      Class space:        1.00 GB reserved,       9.88 MB ( <1%) committed,  1 nodes.
             Both:        1.06 GB reserved,      71.88 MB (  7%) committed. 

Chunk freelists:
   Non-Class:  1.43 MB
       Class:  6.18 MB
        Both:  7.61 MB

MaxMetaspaceSize: unlimited
CompressedClassSpaceSize: 1.00 GB
Initial GC threshold: 21.00 MB
Current GC threshold: 119.62 MB
CDS: off
 - commit_granule_bytes: 65536.
 - commit_granule_words: 8192.
 - virtual_space_node_default_size: 8388608.
 - enlarge_chunks_in_place: 1.
 - use_allocation_guard: 0.


Internal statistics:

num_allocs_failed_limit: 12.
num_arena_births: 1078.
num_arena_deaths: 0.
num_vsnodes_births: 2.
num_vsnodes_deaths: 0.
num_space_committed: 1150.
num_space_uncommitted: 0.
num_chunks_returned_to_freelist: 12.
num_chunks_taken_from_freelist: 3364.
num_chunk_merges: 9.
num_chunk_splits: 2416.
num_chunks_enlarged: 1845.
num_inconsistent_stats: 0.

CodeCache: size=49152Kb used=11423Kb max_used=11423Kb free=37728Kb
 bounds [0x000001db8ea60000, 0x000001db8f590000, 0x000001db91a60000]
 total_blobs=6275 nmethods=5588 adapters=609
 compilation: enabled
              stopped_count=0, restarted_count=0
 full_count=0

Compilation events (20 events):
Event: 13.506 Thread 0x000001db959fef80 5665   !   1       java.nio.channels.spi.AbstractInterruptibleChannel::close (37 bytes)
Event: 13.506 Thread 0x000001db959fef80 nmethod 5665 0x000001db8f581710 code [0x000001db8f5818c0, 0x000001db8f581b10]
Event: 13.507 Thread 0x000001db953e4b90 nmethod 5664 0x000001db8f581c10 code [0x000001db8f581de0, 0x000001db8f582188]
Event: 13.507 Thread 0x000001db951368f0 nmethod 5663 0x000001db8f582390 code [0x000001db8f582640, 0x000001db8f582d30]
Event: 13.508 Thread 0x000001db951368f0 5666   !   1       java.io.RandomAccessFile::close (69 bytes)
Event: 13.508 Thread 0x000001db953e4b90 5667       1       nonapi.io.github.classgraph.fastzipfilereader.NestedJarHandler::markSliceAsClosed (12 bytes)
Event: 13.508 Thread 0x000001db953e4b90 nmethod 5667 0x000001db8f583210 code [0x000001db8f5833c0, 0x000001db8f5834b8]
Event: 13.508 Thread 0x000001db951368f0 nmethod 5666 0x000001db8f583590 code [0x000001db8f583760, 0x000001db8f583ae8]
Event: 13.509 Thread 0x000001db951368f0 5668       1       java.lang.invoke.Invokers$Holder::invokeExact_MT (23 bytes)
Event: 13.509 Thread 0x000001db951368f0 nmethod 5668 0x000001db8f583c10 code [0x000001db8f583de0, 0x000001db8f583fa8]
Event: 13.512 Thread 0x000001db951368f0 5669       1       java.lang.module.ModuleReference::location (8 bytes)
Event: 13.512 Thread 0x000001db951368f0 nmethod 5669 0x000001db8f584110 code [0x000001db8f5842a0, 0x000001db8f584420]
Event: 13.516 Thread 0x000001db951368f0 5670       1       java.io.ObjectStreamClass::getSuperDesc (9 bytes)
Event: 13.516 Thread 0x000001db951368f0 nmethod 5670 0x000001db8f584490 code [0x000001db8f584640, 0x000001db8f5847c8]
Event: 13.516 Thread 0x000001db953e4b90 5671       1       java.util.ComparableTimSort::mergeHi (729 bytes)
Event: 13.516 Thread 0x000001db959fef80 5672       1       java.io.ObjectStreamClass::getSerialVersionUID (42 bytes)
Event: 13.517 Thread 0x000001db959fef80 nmethod 5672 0x000001db8f584890 code [0x000001db8f584a60, 0x000001db8f584d28]
Event: 13.519 Thread 0x000001db953e4b90 nmethod 5671 0x000001db8f584e90 code [0x000001db8f5851a0, 0x000001db8f5869e0]
Event: 13.542 Thread 0x000001db953e4b90 5673   !   1       sun.nio.fs.WindowsNativeDispatcher::CreateFile (83 bytes)
Event: 13.543 Thread 0x000001db953e4b90 nmethod 5673 0x000001db8f587590 code [0x000001db8f5877a0, 0x000001db8f587a68]

GC Heap History (20 events):
Event: 7.212 GC heap after
{Heap after GC invocations=12 (full 0):
 garbage-first heap   total 46080K, used 20077K [0x00000000c1600000, 0x0000000100000000)
  region size 1024K, 2 young (2048K), 2 survivors (2048K)
 Metaspace       used 41594K, committed 42176K, reserved 1114112K
  class space    used 5139K, committed 5376K, reserved 1048576K
}
Event: 8.373 GC heap before
{Heap before GC invocations=12 (full 0):
 garbage-first heap   total 46080K, used 38509K [0x00000000c1600000, 0x0000000100000000)
  region size 1024K, 20 young (20480K), 2 survivors (2048K)
 Metaspace       used 46758K, committed 47360K, reserved 1114112K
  class space    used 5955K, committed 6272K, reserved 1048576K
}
Event: 8.378 GC heap after
{Heap after GC invocations=13 (full 0):
 garbage-first heap   total 55296K, used 20890K [0x00000000c1600000, 0x0000000100000000)
  region size 1024K, 3 young (3072K), 3 survivors (3072K)
 Metaspace       used 46758K, committed 47360K, reserved 1114112K
  class space    used 5955K, committed 6272K, reserved 1048576K
}
Event: 9.687 GC heap before
{Heap before GC invocations=13 (full 0):
 garbage-first heap   total 55296K, used 45466K [0x00000000c1600000, 0x0000000100000000)
  region size 1024K, 28 young (28672K), 3 survivors (3072K)
 Metaspace       used 54119K, committed 54784K, reserved 1114112K
  class space    used 6952K, committed 7232K, reserved 1048576K
}
Event: 9.694 GC heap after
{Heap after GC invocations=14 (full 0):
 garbage-first heap   total 55296K, used 22584K [0x00000000c1600000, 0x0000000100000000)
  region size 1024K, 4 young (4096K), 4 survivors (4096K)
 Metaspace       used 54119K, committed 54784K, reserved 1114112K
  class space    used 6952K, committed 7232K, reserved 1048576K
}
Event: 10.411 GC heap before
{Heap before GC invocations=14 (full 0):
 garbage-first heap   total 55296K, used 38968K [0x00000000c1600000, 0x0000000100000000)
  region size 1024K, 22 young (22528K), 4 survivors (4096K)
 Metaspace       used 59886K, committed 60480K, reserved 1114112K
  class space    used 7746K, committed 8000K, reserved 1048576K
}
Event: 10.422 GC heap after
{Heap after GC invocations=15 (full 0):
 garbage-first heap   total 55296K, used 23746K [0x00000000c1600000, 0x0000000100000000)
  region size 1024K, 3 young (3072K), 3 survivors (3072K)
 Metaspace       used 59886K, committed 60480K, reserved 1114112K
  class space    used 7746K, committed 8000K, reserved 1048576K
}
Event: 11.477 GC heap before
{Heap before GC invocations=16 (full 0):
 garbage-first heap   total 55296K, used 47298K [0x00000000c1600000, 0x0000000100000000)
  region size 1024K, 26 young (26624K), 3 survivors (3072K)
 Metaspace       used 65223K, committed 65920K, reserved 1114112K
  class space    used 8721K, committed 9024K, reserved 1048576K
}
Event: 11.484 GC heap after
{Heap after GC invocations=17 (full 0):
 garbage-first heap   total 55296K, used 24973K [0x00000000c1600000, 0x0000000100000000)
  region size 1024K, 3 young (3072K), 3 survivors (3072K)
 Metaspace       used 65223K, committed 65920K, reserved 1114112K
  class space    used 8721K, committed 9024K, reserved 1048576K
}
Event: 12.193 GC heap before
{Heap before GC invocations=17 (full 0):
 garbage-first heap   total 55296K, used 47501K [0x00000000c1600000, 0x0000000100000000)
  region size 1024K, 25 young (25600K), 3 survivors (3072K)
 Metaspace       used 69345K, committed 70016K, reserved 1114112K
  class space    used 9271K, committed 9600K, reserved 1048576K
}
Event: 12.203 GC heap after
{Heap after GC invocations=18 (full 0):
 garbage-first heap   total 55296K, used 27054K [0x00000000c1600000, 0x0000000100000000)
  region size 1024K, 4 young (4096K), 4 survivors (4096K)
 Metaspace       used 69345K, committed 70016K, reserved 1114112K
  class space    used 9271K, committed 9600K, reserved 1048576K
}
Event: 12.735 GC heap before
{Heap before GC invocations=18 (full 0):
 garbage-first heap   total 55296K, used 46510K [0x00000000c1600000, 0x0000000100000000)
  region size 1024K, 23 young (23552K), 4 survivors (4096K)
 Metaspace       used 71616K, committed 72320K, reserved 1114112K
  class space    used 9585K, committed 9920K, reserved 1048576K
}
Event: 12.745 GC heap after
{Heap after GC invocations=19 (full 0):
 garbage-first heap   total 55296K, used 29228K [0x00000000c1600000, 0x0000000100000000)
  region size 1024K, 3 young (3072K), 3 survivors (3072K)
 Metaspace       used 71616K, committed 72320K, reserved 1114112K
  class space    used 9585K, committed 9920K, reserved 1048576K
}
Event: 12.928 GC heap before
{Heap before GC invocations=19 (full 0):
 garbage-first heap   total 55296K, used 36396K [0x00000000c1600000, 0x0000000100000000)
  region size 1024K, 11 young (11264K), 3 survivors (3072K)
 Metaspace       used 72665K, committed 73472K, reserved 1114112K
  class space    used 9706K, committed 10048K, reserved 1048576K
}
Event: 12.935 GC heap after
{Heap after GC invocations=20 (full 0):
 garbage-first heap   total 55296K, used 30230K [0x00000000c1600000, 0x0000000100000000)
  region size 1024K, 2 young (2048K), 2 survivors (2048K)
 Metaspace       used 72665K, committed 73472K, reserved 1114112K
  class space    used 9706K, committed 10048K, reserved 1048576K
}
Event: 13.081 GC heap before
{Heap before GC invocations=20 (full 0):
 garbage-first heap   total 78848K, used 47638K [0x00000000c1600000, 0x0000000100000000)
  region size 1024K, 19 young (19456K), 2 survivors (2048K)
 Metaspace       used 72692K, committed 73472K, reserved 1114112K
  class space    used 9709K, committed 10048K, reserved 1048576K
}
Event: 13.088 GC heap after
{Heap after GC invocations=21 (full 0):
 garbage-first heap   total 78848K, used 34092K [0x00000000c1600000, 0x0000000100000000)
  region size 1024K, 3 young (3072K), 3 survivors (3072K)
 Metaspace       used 72692K, committed 73472K, reserved 1114112K
  class space    used 9709K, committed 10048K, reserved 1048576K
}
Event: 13.377 GC heap before
{Heap before GC invocations=22 (full 0):
 garbage-first heap   total 78848K, used 66860K [0x00000000c1600000, 0x0000000100000000)
  region size 1024K, 35 young (35840K), 3 survivors (3072K)
 Metaspace       used 72731K, committed 73472K, reserved 1114112K
  class space    used 9724K, committed 10048K, reserved 1048576K
}
Event: 13.393 GC heap after
{Heap after GC invocations=23 (full 0):
 garbage-first heap   total 79872K, used 44032K [0x00000000c1600000, 0x0000000100000000)
  region size 1024K, 5 young (5120K), 5 survivors (5120K)
 Metaspace       used 72731K, committed 73472K, reserved 1114112K
  class space    used 9724K, committed 10048K, reserved 1048576K
}
Event: 13.556 GC heap before
{Heap before GC invocations=23 (full 0):
 garbage-first heap   total 79872K, used 66560K [0x00000000c1600000, 0x0000000100000000)
  region size 1024K, 28 young (28672K), 5 survivors (5120K)
 Metaspace       used 72749K, committed 73600K, reserved 1114112K
  class space    used 9729K, committed 10112K, reserved 1048576K
}

Dll operation events (11 events):
Event: 0.015 Loaded shared library D:\gokul\bot\boot\sts-4.24.0.RELEASE\plugins\org.eclipse.justj.openjdk.hotspot.jre.full.win32.x86_64_21.0.3.v20240426-1530\jre\bin\java.dll
Event: 0.024 Loaded shared library D:\gokul\bot\boot\sts-4.24.0.RELEASE\plugins\org.eclipse.justj.openjdk.hotspot.jre.full.win32.x86_64_21.0.3.v20240426-1530\jre\bin\zip.dll
Event: 1.003 Loaded shared library D:\gokul\bot\boot\sts-4.24.0.RELEASE\plugins\org.eclipse.justj.openjdk.hotspot.jre.full.win32.x86_64_21.0.3.v20240426-1530\jre\bin\jimage.dll
Event: 1.040 Loaded shared library D:\gokul\bot\boot\sts-4.24.0.RELEASE\plugins\org.eclipse.justj.openjdk.hotspot.jre.full.win32.x86_64_21.0.3.v20240426-1530\jre\bin\net.dll
Event: 1.045 Loaded shared library D:\gokul\bot\boot\sts-4.24.0.RELEASE\plugins\org.eclipse.justj.openjdk.hotspot.jre.full.win32.x86_64_21.0.3.v20240426-1530\jre\bin\nio.dll
Event: 1.060 Loaded shared library D:\gokul\bot\boot\sts-4.24.0.RELEASE\plugins\org.eclipse.justj.openjdk.hotspot.jre.full.win32.x86_64_21.0.3.v20240426-1530\jre\bin\zip.dll
Event: 1.288 Loaded shared library D:\gokul\bot\boot\sts-4.24.0.RELEASE\plugins\org.eclipse.justj.openjdk.hotspot.jre.full.win32.x86_64_21.0.3.v20240426-1530\jre\bin\management.dll
Event: 1.332 Loaded shared library D:\gokul\bot\boot\sts-4.24.0.RELEASE\plugins\org.eclipse.justj.openjdk.hotspot.jre.full.win32.x86_64_21.0.3.v20240426-1530\jre\bin\management_ext.dll
Event: 2.185 Loaded shared library D:\gokul\bot\boot\sts-4.24.0.RELEASE\plugins\org.eclipse.justj.openjdk.hotspot.jre.full.win32.x86_64_21.0.3.v20240426-1530\jre\bin\extnet.dll
Event: 4.412 Loaded shared library D:\gokul\bot\boot\sts-4.24.0.RELEASE\plugins\org.eclipse.justj.openjdk.hotspot.jre.full.win32.x86_64_21.0.3.v20240426-1530\jre\bin\sunmscapi.dll
Event: 8.044 Loaded shared library D:\gokul\bot\boot\sts-4.24.0.RELEASE\plugins\org.eclipse.justj.openjdk.hotspot.jre.full.win32.x86_64_21.0.3.v20240426-1530\jre\bin\verify.dll

Deoptimization events (6 events):
Event: 6.200 Thread 0x000001db95d46390 DEOPT PACKING pc=0x000001db8f1c43f4 sp=0x000000b4ecffd200
Event: 6.200 Thread 0x000001db95d46390 DEOPT UNPACKING pc=0x000001db8eab4e42 sp=0x000000b4ecffc6b8 mode 0
Event: 11.825 Thread 0x000001db95d46390 DEOPT PACKING pc=0x000001db8f044e8c sp=0x000000b4ecffd170
Event: 11.825 Thread 0x000001db95d46390 DEOPT UNPACKING pc=0x000001db8eab4e42 sp=0x000000b4ecffc6c8 mode 0
Event: 12.089 Thread 0x000001db95d46390 DEOPT PACKING pc=0x000001db8f03e471 sp=0x000000b4ecffd420
Event: 12.089 Thread 0x000001db95d46390 DEOPT UNPACKING pc=0x000001db8eab4e42 sp=0x000000b4ecffc928 mode 3

Classes loaded (20 events):
Event: 12.838 Loading class java/lang/LayerInstantiationException
Event: 12.838 Loading class java/lang/LayerInstantiationException done
Event: 12.838 Loading class jdk/internal/loader/Loader
Event: 12.839 Loading class jdk/internal/loader/Loader done
Event: 12.854 Loading class java/io/IOError
Event: 12.854 Loading class java/io/IOError done
Event: 12.876 Loading class java/util/regex/Pattern$BackRef
Event: 12.876 Loading class java/util/regex/Pattern$BackRef done
Event: 12.903 Loading class sun/nio/fs/WindowsLinkSupport
Event: 12.904 Loading class sun/nio/fs/WindowsLinkSupport done
Event: 12.926 Loading class java/nio/channels/spi/AbstractInterruptibleChannel$1
Event: 12.926 Loading class sun/nio/ch/Interruptible
Event: 12.926 Loading class sun/nio/ch/Interruptible done
Event: 12.926 Loading class java/nio/channels/spi/AbstractInterruptibleChannel$1 done
Event: 12.936 Loading class java/nio/ReadOnlyBufferException
Event: 12.936 Loading class java/nio/ReadOnlyBufferException done
Event: 12.939 Loading class java/util/zip/DataFormatException
Event: 12.939 Loading class java/util/zip/DataFormatException done
Event: 13.241 Loading class java/io/RandomAccessFile$1
Event: 13.241 Loading class java/io/RandomAccessFile$1 done

Classes unloaded (0 events):
No events

Classes redefined (0 events):
No events

Internal exceptions (20 events):
Event: 13.539 Thread 0x000001db95d4a530 Exception <a 'sun/nio/fs/WindowsException'{0x00000000c4dfa1d0}> (0x00000000c4dfa1d0) 
thrown [s\src\hotspot\share\prims\jni.cpp, line 520]
Event: 13.539 Thread 0x000001db95d4a530 Exception <a 'sun/nio/fs/WindowsException'{0x00000000c4dfa4d0}> (0x00000000c4dfa4d0) 
thrown [s\src\hotspot\share\prims\jni.cpp, line 520]
Event: 13.539 Thread 0x000001db95d4a530 Exception <a 'sun/nio/fs/WindowsException'{0x00000000c4dfae58}> (0x00000000c4dfae58) 
thrown [s\src\hotspot\share\prims\jni.cpp, line 520]
Event: 13.539 Thread 0x000001db95d4a530 Exception <a 'sun/nio/fs/WindowsException'{0x00000000c4dfb198}> (0x00000000c4dfb198) 
thrown [s\src\hotspot\share\prims\jni.cpp, line 520]
Event: 13.539 Thread 0x000001db95d4a530 Exception <a 'sun/nio/fs/WindowsException'{0x00000000c4dfbaf8}> (0x00000000c4dfbaf8) 
thrown [s\src\hotspot\share\prims\jni.cpp, line 520]
Event: 13.539 Thread 0x000001db95d4a530 Exception <a 'sun/nio/fs/WindowsException'{0x00000000c4dfbe08}> (0x00000000c4dfbe08) 
thrown [s\src\hotspot\share\prims\jni.cpp, line 520]
Event: 13.540 Thread 0x000001db95d4a530 Exception <a 'sun/nio/fs/WindowsException'{0x00000000c4dfc740}> (0x00000000c4dfc740) 
thrown [s\src\hotspot\share\prims\jni.cpp, line 520]
Event: 13.540 Thread 0x000001db95d4a530 Exception <a 'sun/nio/fs/WindowsException'{0x00000000c4dfca10}> (0x00000000c4dfca10) 
thrown [s\src\hotspot\share\prims\jni.cpp, line 520]
Event: 13.540 Thread 0x000001db95d4a530 Exception <a 'sun/nio/fs/WindowsException'{0x00000000c4dfd358}> (0x00000000c4dfd358) 
thrown [s\src\hotspot\share\prims\jni.cpp, line 520]
Event: 13.540 Thread 0x000001db95d4a530 Exception <a 'sun/nio/fs/WindowsException'{0x00000000c4dfd648}> (0x00000000c4dfd648) 
thrown [s\src\hotspot\share\prims\jni.cpp, line 520]
Event: 13.540 Thread 0x000001db95d4a530 Exception <a 'sun/nio/fs/WindowsException'{0x00000000c4dfdf80}> (0x00000000c4dfdf80) 
thrown [s\src\hotspot\share\prims\jni.cpp, line 520]
Event: 13.540 Thread 0x000001db95d4a530 Exception <a 'sun/nio/fs/WindowsException'{0x00000000c4dfe260}> (0x00000000c4dfe260) 
thrown [s\src\hotspot\share\prims\jni.cpp, line 520]
Event: 13.544 Thread 0x000001db95d4a530 Exception <a 'sun/nio/fs/WindowsException'{0x00000000c4dfeba8}> (0x00000000c4dfeba8) 
thrown [s\src\hotspot\share\prims\jni.cpp, line 520]
Event: 13.545 Thread 0x000001db95d4a530 Exception <a 'sun/nio/fs/WindowsException'{0x00000000c4dfee98}> (0x00000000c4dfee98) 
thrown [s\src\hotspot\share\prims\jni.cpp, line 520]
Event: 13.546 Thread 0x000001db95d4a530 Exception <a 'sun/nio/fs/WindowsException'{0x00000000c4dff7f8}> (0x00000000c4dff7f8) 
thrown [s\src\hotspot\share\prims\jni.cpp, line 520]
Event: 13.550 Thread 0x000001db95d4a530 Exception <a 'sun/nio/fs/WindowsException'{0x00000000c4dffb08}> (0x00000000c4dffb08) 
thrown [s\src\hotspot\share\prims\jni.cpp, line 520]
Event: 13.550 Thread 0x000001db95d4a530 Exception <a 'sun/nio/fs/WindowsException'{0x00000000c4c56900}> (0x00000000c4c56900) 
thrown [s\src\hotspot\share\prims\jni.cpp, line 520]
Event: 13.551 Thread 0x000001db95d4a530 Exception <a 'sun/nio/fs/WindowsException'{0x00000000c4c56c28}> (0x00000000c4c56c28) 
thrown [s\src\hotspot\share\prims\jni.cpp, line 520]
Event: 13.551 Thread 0x000001db95d4a530 Exception <a 'sun/nio/fs/WindowsException'{0x00000000c4c57598}> (0x00000000c4c57598) 
thrown [s\src\hotspot\share\prims\jni.cpp, line 520]
Event: 13.551 Thread 0x000001db95d4a530 Exception <a 'sun/nio/fs/WindowsException'{0x00000000c4c578b8}> (0x00000000c4c578b8) 
thrown [s\src\hotspot\share\prims\jni.cpp, line 520]

ZGC Phase Switch (0 events):
No events

VM Operations (20 events):
Event: 12.522 Executing VM operation: HandshakeAllThreads (Deoptimize) done
Event: 12.554 Executing VM operation: HandshakeAllThreads (Deoptimize)
Event: 12.554 Executing VM operation: HandshakeAllThreads (Deoptimize) done
Event: 12.554 Executing VM operation: HandshakeAllThreads (Deoptimize)
Event: 12.554 Executing VM operation: HandshakeAllThreads (Deoptimize) done
Event: 12.735 Executing VM operation: G1CollectForAllocation (G1 Evacuation Pause)
Event: 12.745 Executing VM operation: G1CollectForAllocation (G1 Evacuation Pause) done
Event: 12.927 Executing VM operation: G1TryInitiateConcMark (G1 Humongous Allocation)
Event: 12.935 Executing VM operation: G1TryInitiateConcMark (G1 Humongous Allocation) done
Event: 13.040 Executing VM operation: G1PauseRemark
Event: 13.048 Executing VM operation: G1PauseRemark done
Event: 13.081 Executing VM operation: G1CollectForAllocation (G1 Evacuation Pause)
Event: 13.088 Executing VM operation: G1CollectForAllocation (G1 Evacuation Pause) done
Event: 13.106 Executing VM operation: G1PauseCleanup
Event: 13.121 Executing VM operation: G1PauseCleanup done
Event: 13.226 Executing VM operation: HandshakeAllThreads (Deoptimize)
Event: 13.226 Executing VM operation: HandshakeAllThreads (Deoptimize) done
Event: 13.377 Executing VM operation: G1CollectForAllocation (G1 Evacuation Pause)
Event: 13.393 Executing VM operation: G1CollectForAllocation (G1 Evacuation Pause) done
Event: 13.555 Executing VM operation: G1CollectForAllocation (G1 Evacuation Pause)

Events (20 events):
Event: 13.500 Thread 0x000001db95d4a530 Thread added: 0x000001db95d4a530
Event: 13.501 Thread 0x000001db95d4abc0 Thread added: 0x000001db95d4abc0
Event: 13.501 Thread 0x000001db95d47dd0 Thread added: 0x000001db95d47dd0
Event: 13.501 Thread 0x000001db95d48af0 Thread added: 0x000001db95d48af0
Event: 13.505 Thread 0x000001db95d45670 Thread exited: 0x000001db95d45670
Event: 13.505 Thread 0x000001db95d4abc0 Thread exited: 0x000001db95d4abc0
Event: 13.505 Thread 0x000001db95d4b250 Thread exited: 0x000001db95d4b250
Event: 13.505 Thread 0x000001db95d44fe0 Thread exited: 0x000001db95d44fe0
Event: 13.505 Thread 0x000001db95d49810 Thread exited: 0x000001db95d49810
Event: 13.505 Thread 0x000001db95d4a530 Thread exited: 0x000001db95d4a530
Event: 13.505 Thread 0x000001db95d48af0 Thread exited: 0x000001db95d48af0
Event: 13.505 Thread 0x000001db95d47dd0 Thread exited: 0x000001db95d47dd0
Event: 13.534 Thread 0x000001db95d48af0 Thread added: 0x000001db95d48af0
Event: 13.534 Thread 0x000001db95d4a530 Thread added: 0x000001db95d4a530
Event: 13.534 Thread 0x000001db95d47dd0 Thread added: 0x000001db95d47dd0
Event: 13.535 Thread 0x000001db95d49810 Thread added: 0x000001db95d49810
Event: 13.535 Thread 0x000001db95d44fe0 Thread added: 0x000001db95d44fe0
Event: 13.535 Thread 0x000001db95d4b250 Thread added: 0x000001db95d4b250
Event: 13.535 Thread 0x000001db95d4abc0 Thread added: 0x000001db95d4abc0
Event: 13.535 Thread 0x000001db95d45670 Thread added: 0x000001db95d45670


Dynamic libraries:
0x00007ff7023e0000 - 0x00007ff7023ee000 	D:\gokul\bot\boot\sts-4.24.0.RELEASE\plugins\org.eclipse.justj.openjdk.hotspot.jre.full.win32.x86_64_21.0.3.v20240426-1530\jre\bin\javaw.exe
0x00007ffe3a5b0000 - 0x00007ffe3a7a8000 	C:\WINDOWS\SYSTEM32\ntdll.dll
0x00007ffe39fe0000 - 0x00007ffe3a09d000 	C:\WINDOWS\System32\KERNEL32.DLL
0x00007ffe37fb0000 - 0x00007ffe3827e000 	C:\WINDOWS\System32\KERNELBASE.dll
0x00007ffe383d0000 - 0x00007ffe384d0000 	C:\WINDOWS\System32\ucrtbase.dll
0x00007ffe29a90000 - 0x00007ffe29aab000 	D:\gokul\bot\boot\sts-4.24.0.RELEASE\plugins\org.eclipse.justj.openjdk.hotspot.jre.full.win32.x86_64_21.0.3.v20240426-1530\jre\bin\VCRUNTIME140.dll
0x00007ffe29a70000 - 0x00007ffe29a88000 	D:\gokul\bot\boot\sts-4.24.0.RELEASE\plugins\org.eclipse.justj.openjdk.hotspot.jre.full.win32.x86_64_21.0.3.v20240426-1530\jre\bin\jli.dll
0x00007ffe397b0000 - 0x00007ffe39950000 	C:\WINDOWS\System32\USER32.dll
0x00007ffe23a60000 - 0x00007ffe23cfa000 	C:\WINDOWS\WinSxS\amd64_microsoft.windows.common-controls_6595b64144ccf1df_6.0.19041.1110_none_60b5254171f9507e\COMCTL32.dll
0x00007ffe39960000 - 0x00007ffe399fe000 	C:\WINDOWS\System32\msvcrt.dll
0x00007ffe384d0000 - 0x00007ffe384f2000 	C:\WINDOWS\System32\win32u.dll
0x00007ffe3a480000 - 0x00007ffe3a4aa000 	C:\WINDOWS\System32\GDI32.dll
0x00007ffe37ca0000 - 0x00007ffe37dab000 	C:\WINDOWS\System32\gdi32full.dll
0x00007ffe38280000 - 0x00007ffe3831d000 	C:\WINDOWS\System32\msvcp_win.dll
0x00007ffe38820000 - 0x00007ffe38850000 	C:\WINDOWS\System32\IMM32.DLL
0x00007ffe335e0000 - 0x00007ffe335ec000 	D:\gokul\bot\boot\sts-4.24.0.RELEASE\plugins\org.eclipse.justj.openjdk.hotspot.jre.full.win32.x86_64_21.0.3.v20240426-1530\jre\bin\vcruntime140_1.dll
0x00007ffdfd390000 - 0x00007ffdfd41e000 	D:\gokul\bot\boot\sts-4.24.0.RELEASE\plugins\org.eclipse.justj.openjdk.hotspot.jre.full.win32.x86_64_21.0.3.v20240426-1530\jre\bin\msvcp140.dll
0x00007ffdeaf30000 - 0x00007ffdebcb2000 	D:\gokul\bot\boot\sts-4.24.0.RELEASE\plugins\org.eclipse.justj.openjdk.hotspot.jre.full.win32.x86_64_21.0.3.v20240426-1530\jre\bin\server\jvm.dll
0x00007ffe39f20000 - 0x00007ffe39fce000 	C:\WINDOWS\System32\ADVAPI32.dll
0x00007ffe39a00000 - 0x00007ffe39a9c000 	C:\WINDOWS\System32\sechost.dll
0x00007ffe38850000 - 0x00007ffe38975000 	C:\WINDOWS\System32\RPCRT4.dll
0x00007ffe38f30000 - 0x00007ffe38f9b000 	C:\WINDOWS\System32\WS2_32.dll
0x00007ffe37b10000 - 0x00007ffe37b5b000 	C:\WINDOWS\SYSTEM32\POWRPROF.dll
0x00007ffe22aa0000 - 0x00007ffe22ac7000 	C:\WINDOWS\SYSTEM32\WINMM.dll
0x00007ffe309b0000 - 0x00007ffe309ba000 	C:\WINDOWS\SYSTEM32\VERSION.dll
0x00007ffe37af0000 - 0x00007ffe37b02000 	C:\WINDOWS\SYSTEM32\UMPDC.dll
0x00007ffe36530000 - 0x00007ffe36542000 	C:\WINDOWS\SYSTEM32\kernel.appcore.dll
0x00007ffe33420000 - 0x00007ffe3342a000 	D:\gokul\bot\boot\sts-4.24.0.RELEASE\plugins\org.eclipse.justj.openjdk.hotspot.jre.full.win32.x86_64_21.0.3.v20240426-1530\jre\bin\jimage.dll
0x00007ffe36250000 - 0x00007ffe36434000 	C:\WINDOWS\SYSTEM32\DBGHELP.DLL
0x00007ffe23e80000 - 0x00007ffe23eac000 	C:\WINDOWS\SYSTEM32\dbgcore.DLL
0x00007ffe38550000 - 0x00007ffe385d2000 	C:\WINDOWS\System32\bcryptPrimitives.dll
0x00007ffe32d90000 - 0x00007ffe32daf000 	D:\gokul\bot\boot\sts-4.24.0.RELEASE\plugins\org.eclipse.justj.openjdk.hotspot.jre.full.win32.x86_64_21.0.3.v20240426-1530\jre\bin\java.dll
0x00007ffe321a0000 - 0x00007ffe321b8000 	D:\gokul\bot\boot\sts-4.24.0.RELEASE\plugins\org.eclipse.justj.openjdk.hotspot.jre.full.win32.x86_64_21.0.3.v20240426-1530\jre\bin\zip.dll
0x00007ffe39000000 - 0x00007ffe39744000 	C:\WINDOWS\System32\SHELL32.dll
0x00007ffe359e0000 - 0x00007ffe36174000 	C:\WINDOWS\SYSTEM32\windows.storage.dll
0x00007ffe3a0c0000 - 0x00007ffe3a414000 	C:\WINDOWS\System32\combase.dll
0x00007ffe37630000 - 0x00007ffe37660000 	C:\WINDOWS\SYSTEM32\Wldp.dll
0x00007ffe38690000 - 0x00007ffe3873d000 	C:\WINDOWS\System32\SHCORE.dll
0x00007ffe39750000 - 0x00007ffe397a5000 	C:\WINDOWS\System32\shlwapi.dll
0x00007ffe37be0000 - 0x00007ffe37bff000 	C:\WINDOWS\SYSTEM32\profapi.dll
0x00007ffe333a0000 - 0x00007ffe333b0000 	D:\gokul\bot\boot\sts-4.24.0.RELEASE\plugins\org.eclipse.justj.openjdk.hotspot.jre.full.win32.x86_64_21.0.3.v20240426-1530\jre\bin\net.dll
0x00007ffe26980000 - 0x00007ffe26a8a000 	C:\WINDOWS\SYSTEM32\WINHTTP.dll
0x00007ffe37390000 - 0x00007ffe373fa000 	C:\WINDOWS\system32\mswsock.dll
0x00007ffe30620000 - 0x00007ffe30636000 	D:\gokul\bot\boot\sts-4.24.0.RELEASE\plugins\org.eclipse.justj.openjdk.hotspot.jre.full.win32.x86_64_21.0.3.v20240426-1530\jre\bin\nio.dll
0x00007ffe30340000 - 0x00007ffe3034a000 	D:\gokul\bot\boot\sts-4.24.0.RELEASE\plugins\org.eclipse.justj.openjdk.hotspot.jre.full.win32.x86_64_21.0.3.v20240426-1530\jre\bin\management.dll
0x00007ffe2aaa0000 - 0x00007ffe2aaab000 	D:\gokul\bot\boot\sts-4.24.0.RELEASE\plugins\org.eclipse.justj.openjdk.hotspot.jre.full.win32.x86_64_21.0.3.v20240426-1530\jre\bin\management_ext.dll
0x00007ffe39950000 - 0x00007ffe39958000 	C:\WINDOWS\System32\PSAPI.DLL
0x00007ffe23e60000 - 0x00007ffe23e77000 	C:\WINDOWS\system32\napinsp.dll
0x00007ffe23dd0000 - 0x00007ffe23deb000 	C:\WINDOWS\system32\pnrpnsp.dll
0x00007ffe23a40000 - 0x00007ffe23a55000 	C:\WINDOWS\system32\wshbth.dll
0x00007ffe332b0000 - 0x00007ffe332cd000 	C:\WINDOWS\system32\NLAapi.dll
0x00007ffe37080000 - 0x00007ffe370bb000 	C:\WINDOWS\SYSTEM32\IPHLPAPI.DLL
0x00007ffe370c0000 - 0x00007ffe3718a000 	C:\WINDOWS\SYSTEM32\DNSAPI.dll
0x00007ffe38f20000 - 0x00007ffe38f28000 	C:\WINDOWS\System32\NSI.dll
0x00007ffe23a20000 - 0x00007ffe23a32000 	C:\WINDOWS\System32\winrnr.dll
0x00007ffe27030000 - 0x00007ffe2703a000 	C:\Windows\System32\rasadhlp.dll
0x00007ffe26c00000 - 0x00007ffe26c80000 	C:\WINDOWS\System32\fwpuclnt.dll
0x00007ffe37f80000 - 0x00007ffe37fa7000 	C:\WINDOWS\System32\bcrypt.dll
0x00007ffe37590000 - 0x00007ffe375a8000 	C:\WINDOWS\SYSTEM32\CRYPTSP.dll
0x00007ffe36d10000 - 0x00007ffe36d44000 	C:\WINDOWS\system32\rsaenh.dll
0x00007ffe37ba0000 - 0x00007ffe37bce000 	C:\WINDOWS\SYSTEM32\USERENV.dll
0x00007ffe37580000 - 0x00007ffe3758c000 	C:\WINDOWS\SYSTEM32\CRYPTBASE.dll
0x00007ffe29eb0000 - 0x00007ffe29eb9000 	D:\gokul\bot\boot\sts-4.24.0.RELEASE\plugins\org.eclipse.justj.openjdk.hotspot.jre.full.win32.x86_64_21.0.3.v20240426-1530\jre\bin\extnet.dll
0x00007ffe2aa90000 - 0x00007ffe2aa9e000 	D:\gokul\bot\boot\sts-4.24.0.RELEASE\plugins\org.eclipse.justj.openjdk.hotspot.jre.full.win32.x86_64_21.0.3.v20240426-1530\jre\bin\sunmscapi.dll
0x00007ffe37db0000 - 0x00007ffe37f06000 	C:\WINDOWS\System32\CRYPT32.dll
0x00007ffe376a0000 - 0x00007ffe376c7000 	C:\WINDOWS\SYSTEM32\ncrypt.dll
0x00007ffe37660000 - 0x00007ffe3769b000 	C:\WINDOWS\SYSTEM32\NTASN1.dll
0x00007ffe30350000 - 0x00007ffe30360000 	D:\gokul\bot\boot\sts-4.24.0.RELEASE\plugins\org.eclipse.justj.openjdk.hotspot.jre.full.win32.x86_64_21.0.3.v20240426-1530\jre\bin\verify.dll

dbghelp: loaded successfully - version: 4.0.5 - missing functions: none
symbol engine: initialized successfully - sym options: 0x614 - pdb path: .;D:\gokul\bot\boot\sts-4.24.0.RELEASE\plugins\org.eclipse.justj.openjdk.hotspot.jre.full.win32.x86_64_21.0.3.v20240426-1530\jre\bin;C:\WINDOWS\SYSTEM32;C:\WINDOWS\WinSxS\amd64_microsoft.windows.common-controls_6595b64144ccf1df_6.0.19041.1110_none_60b5254171f9507e;D:\gokul\bot\boot\sts-4.24.0.RELEASE\plugins\org.eclipse.justj.openjdk.hotspot.jre.full.win32.x86_64_21.0.3.v20240426-1530\jre\bin\server

VM Arguments:
jvm_args: -Dcom.sun.management.jmxremote -Dcom.sun.management.jmxremote.port=62762 -Dcom.sun.management.jmxremote.authenticate=false -Dcom.sun.management.jmxremote.ssl=false -Djava.rmi.server.hostname=localhost -Dspring.jmx.enabled=true -Dmanagement.endpoints.jmx.exposure.include=* -Dspring.application.admin.enabled=true -XX:TieredStopAtLevel=1 -Dspring.boot.project.name=Students_project -Dfile.encoding=UTF-8 -Dstdout.encoding=UTF-8 -Dstderr.encoding=UTF-8 -XX:+ShowCodeDetailsInExceptionMessages 
java_command: com.student.StudentsProjectApplication --spring.output.ansi.enabled=always
java_class_path (initial): D:\gokul\bot\workspace_spring_boot\Students_project\target\classes;C:\Users\Welcome\.m2\repository\org\springframework\boot\spring-boot-starter-data-jpa\3.3.5\spring-boot-starter-data-jpa-3.3.5.jar;C:\Users\Welcome\.m2\repository\org\springframework\boot\spring-boot-starter-aop\3.3.5\spring-boot-starter-aop-3.3.5.jar;C:\Users\Welcome\.m2\repository\org\springframework\spring-aop\6.1.14\spring-aop-6.1.14.jar;C:\Users\Welcome\.m2\repository\org\aspectj\aspectjweaver\1.9.22.1\aspectjweaver-1.9.22.1.jar;C:\Users\Welcome\.m2\repository\org\springframework\boot\spring-boot-starter-jdbc\3.3.5\spring-boot-starter-jdbc-3.3.5.jar;C:\Users\Welcome\.m2\repository\com\zaxxer\HikariCP\5.1.0\HikariCP-5.1.0.jar;C:\Users\Welcome\.m2\repository\org\springframework\spring-jdbc\6.1.14\spring-jdbc-6.1.14.jar;C:\Users\Welcome\.m2\repository\org\hibernate\orm\hibernate-core\6.5.3.Final\hibernate-core-6.5.3.Final.jar;C:\Users\Welcome\.m2\repository\jakarta\persistence\jakarta.persistence-api\3.1.0\jakarta.persistence-api-3.1.0.jar;C:\Users\Welcome\.m2\repository\jakarta\transaction\jakarta.transaction-api\2.0.1\jakarta.transaction-api-2.0.1.jar;C:\Users\Welcome\.m2\repository\org\jboss\logging\jboss-logging\3.5.3.Final\jboss-logging-3.5.3.Final.jar;C:\Users\Welcome\.m2\repository\org\hibernate\common\hibernate-commons-annotations\6.0.6.Final\hibernate-commons-annotations-6.0.6.Final.jar;C:\Users\Welcome\.m2\repository\io\smallrye\jandex\3.1.2\jandex-3.1.2.jar;C:\Users\Welcome\.m2\repository\com\fasterxml\classmate\1.7.0\classmate-1.7.0.jar;C:\Users\Welcome\.m2\repository\net\bytebuddy\byte-buddy\1.14.19\byte-buddy-1.14.19.jar;C:\Users\Welcome\.m2\repository\org\glassfish\jaxb\jaxb-runtime\4.0.5\jaxb-runtime-4.0.5.jar;C:\Users\Welcome\.m2\repository\org\glassfish\jaxb\jaxb-core\4.0.5\jaxb-core-4.0.5.jar;C:\Users\Welcome\.m2\repository\org\eclipse\angus\angus-activation\2.0.2\angus-activation-2.0.2.jar;C:\Users\Welcome\.m2\repository\org\glassfish\jaxb\txw2\4.0.5\txw2-4.0.5.jar;C:\Users\Welcome\.m2\repository\com\sun\istack\istack-commons-runtime\4.1.2\istack-commons-runtime-4.1.2.jar;C:\Users\Welcome\.m2\repository\jakarta\inject\jakarta.inject-api\2.0.1\jakarta.inject-api-2.0.1.jar;C:\Users\Welcome\.m2\repository\org\antlr\antlr4-runtime\4.13.0\antlr4-runtime-4.13.0.jar;C:\Users\Welcome\.m2\repository\org\springframework\data\spring-data-jpa\3.3.5\spring-data-jpa-3.3.5.jar;C:\Users\Welcome\.m2\repository\org\springframework\data\spring-data-commons\3.3.5\spring-data-commons-3.3.5.jar;C:\Users\Welcome\.m2\repository\org\springframework\spring-orm\6.1.14\spring-orm-6.1.14.jar;C:\Users\Welcome\.m2\repository\org\springframework\spring-context\6.1.14\spring-context-6.1.14.jar;C:\Users\Welcome\.m2\repository\org\springframework\spring-tx\6.1.14\spring-tx-6.1.14.jar;C:\Users\Welcome\.m2\repository\org\springframework\spring-beans\6.1.14\spring-beans-6.1.14.jar;C:\Users\Welcome\.m2\repository\jakarta\annotation\jakarta.annotation-api\2.1.1\jakarta.annotation-api-2.1.1.jar;C:\Users\Welcome\.m2\repository\org\slf4j\slf4j-api\2.0.16\slf4j-api-2.0.16.jar;C:\Users\Welcome\.m2\repository\org\springframework\spring-aspects\6.1.14\spring-aspects-6.1.14.jar;C:\Users\Welcome\.m2\repository\org\springframework\boot\spring-boot-starter-web\3.3.5\spring-boot-starter-web-3.3.5.jar;C:\Users\Welcome\.m2\repository\org\springframework\boot\spring-boot-starter\3.3.5\spring-boot-starter-3.3.5.jar;C:\Users\Welcome\.m2\repository\org\springframework\boot\spring-boot-starter-logging\3.3.5\spring-boot-starter-logging-3.3.5.jar;C:\Users\Welcome\.m2\repository\ch\qos\logback\logback-classic\1.5.11\logback-classic-1.5.11.jar;C:\Users\Welcome\.m2\repository\ch\qos\logback\logback-core\1.5.11\logback-core-1.5.11.jar;C:\Users\Welcome\.m2\repository\org\apache\logging\log4j\log4j-to-slf4j\2.23.1\log4j-to-slf4j-2.23.1.jar;C:\Users\Welcome\.m2\repository\org\apache\logging\log4j\log4j-api\2.23.1\log4j-api-2.23.1.jar;C:\Users\Welcome\.m2\repository\org\slf4j\jul-to-slf4j\2.0.16\jul-to-slf4j-2.0.16.jar;C:\Users\Welcome\.m2\repository\org\yaml\snakeyaml\2.2\snakeyaml-2.2.jar;C:\Users\Welcome\.m2\repository\org\springframework\boot\spring-boot-starter-json\3.3.5\spring-boot-starter-json-3.3.5.jar;C:\Users\Welcome\.m2\repository\com\fasterxml\jackson\core\jackson-databind\2.17.2\jackson-databind-2.17.2.jar;C:\Users\Welcome\.m2\repository\com\fasterxml\jackson\core\jackson-annotations\2.17.2\jackson-annotations-2.17.2.jar;C:\Users\Welcome\.m2\repository\com\fasterxml\jackson\core\jackson-core\2.17.2\jackson-core-2.17.2.jar;C:\Users\Welcome\.m2\repository\com\fasterxml\jackson\datatype\jackson-datatype-jdk8\2.17.2\jackson-datatype-jdk8-2.17.2.jar;C:\Users\Welcome\.m2\repository\com\fasterxml\jackson\datatype\jackson-datatype-jsr310\2.17.2\jackson-datatype-jsr310-2.17.2.jar;C:\Users\Welcome\.m2\repository\com\fasterxml\jackson\module\jackson-module-parameter-names\2.17.2\jackson-module-parameter-names-2.17.2.jar;C:\Users\Welcome\.m2\repository\org\springframework\boot\spring-boot-starter-tomcat\3.3.5\spring-boot-starter-tomcat-3.3.5.jar;C:\Users\Welcome\.m2\repository\org\apache\tomcat\embed\tomcat-embed-core\10.1.31\tomcat-embed-core-10.1.31.jar;C:\Users\Welcome\.m2\repository\org\apache\tomcat\embed\tomcat-embed-el\10.1.31\tomcat-embed-el-10.1.31.jar;C:\Users\Welcome\.m2\repository\org\apache\tomcat\embed\tomcat-embed-websocket\10.1.31\tomcat-embed-websocket-10.1.31.jar;C:\Users\Welcome\.m2\repository\org\springframework\spring-web\6.1.14\spring-web-6.1.14.jar;C:\Users\Welcome\.m2\repository\io\micrometer\micrometer-observation\1.13.6\micrometer-observation-1.13.6.jar;C:\Users\Welcome\.m2\repository\io\micrometer\micrometer-commons\1.13.6\micrometer-commons-1.13.6.jar;C:\Users\Welcome\.m2\repository\org\springframework\spring-webmvc\6.1.14\spring-webmvc-6.1.14.jar;C:\Users\Welcome\.m2\repository\org\springframework\spring-expression\6.1.14\spring-expression-6.1.14.jar;C:\Users\Welcome\.m2\repository\org\springframework\boot\spring-boot-devtools\3.3.5\spring-boot-devtools-3.3.5.jar;C:\Users\Welcome\.m2\repository\org\springframework\boot\spring-boot\3.3.5\spring-boot-3.3.5.jar;C:\Users\Welcome\.m2\repository\org\springframework\boot\spring-boot-autoconfigure\3.3.5\spring-boot-autoconfigure-3.3.5.jar;C:\Users\Welcome\.m2\repository\org\postgresql\postgresql\42.7.4\postgresql-42.7.4.jar;C:\Users\Welcome\.m2\repository\org\checkerframework\checker-qual\3.42.0\checker-qual-3.42.0.jar;C:\Users\Welcome\.m2\repository\org\projectlombok\lombok\1.18.34\lombok-1.18.34.jar;C:\Users\Welcome\.m2\repository\jakarta\xml\bind\jakarta.xml.bind-api\4.0.2\jakarta.xml.bind-api-4.0.2.jar;C:\Users\Welcome\.m2\repository\jakarta\activation\jakarta.activation-api\2.1.3\jakarta.activation-api-2.1.3.jar;C:\Users\Welcome\.m2\repository\org\springframework\spring-core\6.1.14\spring-core-6.1.14.jar;C:\Users\Welcome\.m2\repository\org\springframework\spring-jcl\6.1.14\spring-jcl-6.1.14.jar;C:\Users\Welcome\.m2\repository\org\springdoc\springdoc-openapi-starter-webmvc-ui\2.0.2\springdoc-openapi-starter-webmvc-ui-2.0.2.jar;C:\Users\Welcome\.m2\repository\org\springdoc\springdoc-openapi-starter-webmvc-api\2.0.2\springdoc-openapi-starter-webmvc-api-2.0.2.jar;C:\Users\Welcome\.m2\repository\org\springdoc\springdoc-openapi-starter-common\2.0.2\springdoc-openapi-starter-common-2.0.2.jar;C:\Users\Welcome\.m2\repository\io\swagger\core\v3\swagger-core-jakarta\2.2.7\swagger-core-jakarta-2.2.7.jar;C:\Users\Welcome\.m2\repository\org\apache\commons\commons-lang3\3.14.0\commons-lang3-3.14.0.jar;C:\Users\Welcome\.m2\repository\io\swagger\core\v3\swagger-annotations-jakarta\2.2.7\swagger-annotations-jakarta-2.2.7.jar;C:\Users\Welcome\.m2\repository\io\swagger\core\v3\swagger-models-jakarta\2.2.7\swagger-models-jakarta-2.2.7.jar;C:\Users\Welcome\.m2\repository\jakarta\validation\jakarta.validation-api\3.0.2\jakarta.validation-api-3.0.2.jar;C:\Users\Welcome\.m2\repository\com\fasterxml\jackson\dataformat\jackson-dataformat-yaml\2.17.2\jackson-dataformat-yaml-2.17.2.jar;C:\Users\Welcome\.m2\repository\org\webjars\swagger-ui\4.15.5\swagger-ui-4.15.5.jar;C:\Users\Welcome\.m2\repository\org\webjars\webjars-locator-core\0.58\webjars-locator-core-0.58.jar;C:\Users\Welcome\.m2\repository\io\github\classgraph\classgraph\4.8.149\classgraph-4.8.149.jar
Launcher Type: SUN_STANDARD

[Global flags]
     intx CICompilerCount                          = 3                                         {product} {ergonomic}
     uint ConcGCThreads                            = 1                                         {product} {ergonomic}
     uint G1ConcRefinementThreads                  = 4                                         {product} {ergonomic}
   size_t G1HeapRegionSize                         = 1048576                                   {product} {ergonomic}
    uintx GCDrainStackTargetSize                   = 64                                        {product} {ergonomic}
   size_t InitialHeapSize                          = 67108864                                  {product} {ergonomic}
     bool ManagementServer                         = true                                      {product} {command line}
   size_t MarkStackSize                            = 4194304                                   {product} {ergonomic}
   size_t MaxHeapSize                              = 1050673152                                {product} {ergonomic}
   size_t MaxNewSize                               = 630194176                                 {product} {ergonomic}
   size_t MinHeapDeltaBytes                        = 1048576                                   {product} {ergonomic}
   size_t MinHeapSize                              = 8388608                                   {product} {ergonomic}
    uintx NonNMethodCodeHeapSize                   = 4096                                   {pd product} {ergonomic}
    uintx NonProfiledCodeHeapSize                  = 0                                      {pd product} {ergonomic}
     bool ProfileInterpreter                       = false                                  {pd product} {command line}
    uintx ProfiledCodeHeapSize                     = 0                                      {pd product} {ergonomic}
     bool ShowCodeDetailsInExceptionMessages       = true                                   {manageable} {command line}
   size_t SoftMaxHeapSize                          = 1050673152                             {manageable} {ergonomic}
     intx TieredStopAtLevel                        = 1                                         {product} {command line}
     bool UseCompressedOops                        = true                           {product lp64_product} {ergonomic}
     bool UseG1GC                                  = true                                      {product} {ergonomic}
     bool UseLargePagesIndividualAllocation        = false                                  {pd product} {ergonomic}

Logging:
Log output configuration:
 #0: stdout all=warning uptime,level,tags foldmultilines=false
 #1: stderr all=off uptime,level,tags foldmultilines=false

Environment Variables:
PATH=D:/gokul/bot/boot/sts-4.24.0.RELEASE//plugins/org.eclipse.justj.openjdk.hotspot.jre.full.win32.x86_64_21.0.3.v20240426-1530/jre/bin/server;D:/gokul/bot/boot/sts-4.24.0.RELEASE//plugins/org.eclipse.justj.openjdk.hotspot.jre.full.win32.x86_64_21.0.3.v20240426-1530/jre/bin;C:\Program Files\Java\jdk-17\bin;C:\Program Files\Common Files\Oracle\Java\javapath;C:\WINDOWS\system32;C:\WINDOWS;C:\WINDOWS\System32\Wbem;C:\WINDOWS\System32\WindowsPowerShell\v1.0\;C:\WINDOWS\System32\OpenSSH\;C:\Program Files\Microsoft SQL Server\130\Tools\Binn\;C:\Program Files\dotnet\;C:\Program Files\Microsoft SQL Server\Client SDK\ODBC\170\Tools\Binn\;C:\Program Files (x86)\Microsoft SQL Server\150\Tools\Binn\;C:\Program Files\Microsoft SQL Server\150\Tools\Binn\;C:\Program Files\Microsoft SQL Server\150\DTS\Binn\;C:\Program Files (x86)\Microsoft SQL Server\150\DTS\Binn\;C:\Program Files\Azure Data Studio\bin;C:\ProgramData\chocolatey\bin;D:\gokul\frontend\gitttt\Git\cmd;D:\gokul\frontend\react js\node setup\;D:\gokul\frontend\gitttt\Git\bin;C:\Users\Welcome\AppData\Local\Microsoft\WindowsApps;C:\Users\Welcome\.dotnet\tools;C:\Program Files\Azure Data Studio\bin;C:\Users\Welcome\AppData\Local\Programs\Microsoft VS Code\bin;C:\Users\Welcome\AppData\Roaming\npm;D:\gokul\frontend\react js\mavenSEtup\apache-maven-3.9.9\bin;D:\gokul\postgresql_location_setup\bin;;D:\gokul\bot\boot\sts-4.24.0.RELEASE;
USERNAME=Welcome
OS=Windows_NT
PROCESSOR_IDENTIFIER=Intel64 Family 6 Model 142 Stepping 9, GenuineIntel
TMP=C:\Users\Welcome\AppData\Local\Temp
TEMP=C:\Users\Welcome\AppData\Local\Temp




Periodic native trim disabled

---------------  S Y S T E M  ---------------

OS:
 Windows 10 , 64 bit Build 19041 (10.0.19041.1889)
OS uptime: 2 days 17:29 hours

CPU: total 4 (initial active 4) (2 cores per cpu, 2 threads per core) family 6 model 142 stepping 9 microcode 0xde, cx8, cmov, fxsr, ht, mmx, 3dnowpref, sse, sse2, sse3, ssse3, sse4.1, sse4.2, popcnt, lzcnt, tsc, tscinvbit, avx, avx2, aes, erms, clmul, bmi1, bmi2, adx, fma, vzeroupper, clflush, clflushopt, rdtscp, f16c
Processor Information for all 4 processors :
  Max Mhz: 2401, Current Mhz: 2401, Mhz Limit: 2401

Memory: 4k page, system-wide physical 4007M (382M free)
TotalPageFile size 8226M (AvailPageFile size 6M)
current process WorkingSet (physical memory assigned to process): 241M, peak: 241M
current process commit charge ("private bytes"): 267M, peak: 291M

vm_info: OpenJDK 64-Bit Server VM (21.0.3+9-LTS) for windows-amd64 JRE (21.0.3+9-LTS), built on 2024-04-16T00:00:00Z by "admin" with MS VC++ 17.7 (VS2022)

END.
